

================================================================
== Vitis HLS Report for 'mm2s'
================================================================
* Date:           Sat May 17 12:54:45 2025

* Version:        2024.1 (Build 5069499 on May 21 2024)
* Project:        mm2s
* Solution:       hls (Vitis Kernel Flow Target)
* Product family: versalaicore
* Target device:  xcvc1902-vsva2197-2MP-e-S


================================================================
== Performance Estimates
================================================================
+ Timing: 
    * Summary: 
    +--------+---------+----------+------------+
    |  Clock |  Target | Estimated| Uncertainty|
    +--------+---------+----------+------------+
    |ap_clk  |  3.20 ns|  2.336 ns|     0.86 ns|
    +--------+---------+----------+------------+

+ Latency: 
    * Summary: 
    +---------+---------+----------+----------+-----+-----+-----------------------------------------------+
    |  Latency (cycles) |  Latency (absolute) |  Interval |                    Pipeline                   |
    |   min   |   max   |    min   |    max   | min | max |                      Type                     |
    +---------+---------+----------+----------+-----+-----+-----------------------------------------------+
    |        ?|        ?|         ?|         ?|    0|    0|  loop auto-rewind stp(delay=0 clock cycles(s))|
    +---------+---------+----------+----------+-----+-----+-----------------------------------------------+

    + Detail: 
        * Instance: 
        N/A

        * Loop: 
        +-------------------+---------+---------+----------+-----------+-----------+------+----------+
        |                   |  Latency (cycles) | Iteration|  Initiation Interval  | Trip |          |
        |     Loop Name     |   min   |   max   |  Latency |  achieved |   target  | Count| Pipelined|
        +-------------------+---------+---------+----------+-----------+-----------+------+----------+
        |- VITIS_LOOP_27_1  |        ?|        ?|        77|          1|          1|     ?|       yes|
        +-------------------+---------+---------+----------+-----------+-----------+------+----------+

============================================================
+ Verbose Summary: Synthesis Manager
============================================================
InlineROM: 1
ExposeGlobal: 0
============================================================
+ Verbose Summary: CDFG Model
============================================================
IsTopModel: 1
ResetActiveHigh: 1
IsCombinational: 0
IsDatapathOnly: 0
HasWiredReturn: 1
HasMFsm: 2
HasVarLatency: 1
IsPipeline: 0
IsRtlPipelined: 0
IsInstanceOverlapped: 0
IsDontTouch: 0
HasImplIP: 0
IsGatedGlobalClock: 0

+ Individual pipeline summary: 
  * Pipeline-0: initiation interval (II) = 1, depth = 77


============================================================
+ Verbose Summary: Schedule
============================================================
* Number of FSM states : 77
* Pipeline : 1
  Pipeline-0 : II = 1, D = 77, States = { 1 2 3 4 5 6 7 8 9 10 11 12 13 14 15 16 17 18 19 20 21 22 23 24 25 26 27 28 29 30 31 32 33 34 35 36 37 38 39 40 41 42 43 44 45 46 47 48 49 50 51 52 53 54 55 56 57 58 59 60 61 62 63 64 65 66 67 68 69 70 71 72 73 74 75 76 77 }
* Dataflow Pipeline: 0

* FSM state transitions: 
1 --> 2 
2 --> 3 
3 --> 4 
4 --> 5 
5 --> 6 
6 --> 7 
7 --> 8 
8 --> 9 
9 --> 10 
10 --> 11 
11 --> 12 
12 --> 13 
13 --> 14 
14 --> 15 
15 --> 16 
16 --> 17 
17 --> 18 
18 --> 19 
19 --> 20 
20 --> 21 
21 --> 22 
22 --> 23 
23 --> 24 
24 --> 25 
25 --> 26 
26 --> 27 
27 --> 28 
28 --> 29 
29 --> 30 
30 --> 31 
31 --> 32 
32 --> 33 
33 --> 34 
34 --> 35 
35 --> 36 
36 --> 37 
37 --> 38 
38 --> 39 
39 --> 40 
40 --> 41 
41 --> 42 
42 --> 43 
43 --> 44 
44 --> 45 
45 --> 46 
46 --> 47 
47 --> 48 
48 --> 49 
49 --> 50 
50 --> 51 
51 --> 52 
52 --> 53 
53 --> 54 
54 --> 55 
55 --> 56 
56 --> 57 
57 --> 58 
58 --> 59 
59 --> 60 
60 --> 61 
61 --> 62 
62 --> 63 
63 --> 64 
64 --> 65 
65 --> 66 
66 --> 67 
67 --> 68 
68 --> 69 
69 --> 70 
70 --> 71 
71 --> 72 
72 --> 73 
73 --> 74 
74 --> 75 
75 --> 76 
76 --> 77 
77 --> 

* FSM state operations: 

State 1 <SV = 0> <Delay = 2.06>
ST_1 : Operation 80 [1/1] (0.00ns)   --->   "%i = alloca i32 1"   --->   Operation 80 'alloca' 'i' <Predicate = true> <Delay = 0.00>
ST_1 : Operation 81 [1/1] (0.00ns)   --->   "%spectopmodule_ln14 = spectopmodule void @_ssdm_op_SpecTopModule, void @empty_9" [pl_kernels/mm2s.cpp:14]   --->   Operation 81 'spectopmodule' 'spectopmodule_ln14' <Predicate = true> <Delay = 0.00>
ST_1 : Operation 82 [1/1] (0.00ns)   --->   "%specinterface_ln14 = specinterface void @_ssdm_op_SpecInterface, i32 0, void @empty_0, i32 0, i32 0, void @empty_3, i32 0, i32 0, void @empty_3, void @empty_3, void @empty_3, i32 0, i32 0, i32 0, i32 0, void @empty_3, void @empty_3, i32 4294967295, i32 0, i32 0" [pl_kernels/mm2s.cpp:14]   --->   Operation 82 'specinterface' 'specinterface_ln14' <Predicate = true> <Delay = 0.00>
ST_1 : Operation 83 [1/1] (0.00ns)   --->   "%specinterface_ln0 = specinterface void @_ssdm_op_SpecInterface, i32 %gmem, void @empty_2, i32 0, i32 0, void @empty_3, i32 64, i32 0, void @empty_4, void @empty_5, void @empty_3, i32 16, i32 16, i32 16, i32 16, void @empty_3, void @empty_3, i32 4294967295, i32 0, i32 0"   --->   Operation 83 'specinterface' 'specinterface_ln0' <Predicate = true> <Delay = 0.00>
ST_1 : Operation 84 [1/1] (0.00ns)   --->   "%specbitsmap_ln0 = specbitsmap void @_ssdm_op_SpecBitsMap, i32 %gmem"   --->   Operation 84 'specbitsmap' 'specbitsmap_ln0' <Predicate = true> <Delay = 0.00>
ST_1 : Operation 85 [1/1] (0.00ns)   --->   "%specinterface_ln0 = specinterface void @_ssdm_op_SpecInterface, i64 %mem, void @empty_6, i32 4294967295, i32 4294967295, void @empty, i32 0, i32 0, void @empty_1, void @empty_8, void @empty_3, i32 0, i32 0, i32 0, i32 0, void @empty_3, void @empty_11, i32 4294967295, i32 0, i32 0"   --->   Operation 85 'specinterface' 'specinterface_ln0' <Predicate = true> <Delay = 0.00>
ST_1 : Operation 86 [1/1] (0.00ns)   --->   "%specinterface_ln0 = specinterface void @_ssdm_op_SpecInterface, i64 %mem, void @empty_12, i32 4294967295, i32 4294967295, void @empty_3, i32 0, i32 0, void @empty_3, void @empty_3, void @empty_3, i32 0, i32 0, i32 0, i32 0, void @empty_3, void @empty_11, i32 4294967295, i32 0, i32 0"   --->   Operation 86 'specinterface' 'specinterface_ln0' <Predicate = true> <Delay = 0.00>
ST_1 : Operation 87 [1/1] (0.00ns)   --->   "%specinterface_ln0 = specinterface void @_ssdm_op_SpecInterface, i32 %s_V_data_V, i4 %s_V_keep_V, i4 %s_V_strb_V, i1 %s_V_last_V, void @empty_13, i32 1, i32 1, void @empty, i32 0, i32 0, void @empty_3, void @empty_3, void @empty_3, i32 0, i32 0, i32 0, i32 0, void @empty_3, void @empty_3, i32 4294967295, i32 0, i32 0"   --->   Operation 87 'specinterface' 'specinterface_ln0' <Predicate = true> <Delay = 0.00>
ST_1 : Operation 88 [1/1] (0.00ns)   --->   "%specbitsmap_ln0 = specbitsmap void @_ssdm_op_SpecBitsMap, i32 %s_V_data_V"   --->   Operation 88 'specbitsmap' 'specbitsmap_ln0' <Predicate = true> <Delay = 0.00>
ST_1 : Operation 89 [1/1] (0.00ns)   --->   "%specbitsmap_ln0 = specbitsmap void @_ssdm_op_SpecBitsMap, i4 %s_V_keep_V"   --->   Operation 89 'specbitsmap' 'specbitsmap_ln0' <Predicate = true> <Delay = 0.00>
ST_1 : Operation 90 [1/1] (0.00ns)   --->   "%specbitsmap_ln0 = specbitsmap void @_ssdm_op_SpecBitsMap, i4 %s_V_strb_V"   --->   Operation 90 'specbitsmap' 'specbitsmap_ln0' <Predicate = true> <Delay = 0.00>
ST_1 : Operation 91 [1/1] (0.00ns)   --->   "%specbitsmap_ln0 = specbitsmap void @_ssdm_op_SpecBitsMap, i1 %s_V_last_V"   --->   Operation 91 'specbitsmap' 'specbitsmap_ln0' <Predicate = true> <Delay = 0.00>
ST_1 : Operation 92 [1/1] (0.00ns)   --->   "%specbitsmap_ln0 = specbitsmap void @_ssdm_op_SpecBitsMap, i32 %size"   --->   Operation 92 'specbitsmap' 'specbitsmap_ln0' <Predicate = true> <Delay = 0.00>
ST_1 : Operation 93 [1/1] (0.00ns)   --->   "%specinterface_ln0 = specinterface void @_ssdm_op_SpecInterface, i32 %size, void @empty_6, i32 0, i32 0, void @empty_3, i32 0, i32 0, void @empty_1, void @empty_14, void @empty_3, i32 0, i32 0, i32 0, i32 0, void @empty_3, void @empty_3, i32 4294967295, i32 0, i32 0"   --->   Operation 93 'specinterface' 'specinterface_ln0' <Predicate = true> <Delay = 0.00>
ST_1 : Operation 94 [1/1] (0.00ns)   --->   "%specinterface_ln0 = specinterface void @_ssdm_op_SpecInterface, i32 %size, void @empty_15, i32 0, i32 0, void @empty_3, i32 0, i32 0, void @empty_3, void @empty_3, void @empty_3, i32 0, i32 0, i32 0, i32 0, void @empty_3, void @empty_3, i32 4294967295, i32 0, i32 0"   --->   Operation 94 'specinterface' 'specinterface_ln0' <Predicate = true> <Delay = 0.00>
ST_1 : Operation 95 [1/1] (0.00ns)   --->   "%specinterface_ln0 = specinterface void @_ssdm_op_SpecInterface, i32 0, void @empty_6, i32 0, i32 0, void @empty_3, i32 0, i32 0, void @empty_1, void @empty_3, void @empty_3, i32 0, i32 0, i32 0, i32 0, void @empty_3, void @empty_3, i32 4294967295, i32 0, i32 0"   --->   Operation 95 'specinterface' 'specinterface_ln0' <Predicate = true> <Delay = 0.00>
ST_1 : Operation 96 [1/1] (0.00ns)   --->   "%muxLogicCE_to_size_read = muxlogic"   --->   Operation 96 'muxlogic' 'muxLogicCE_to_size_read' <Predicate = true> <Delay = 0.00>
ST_1 : Operation 97 [1/1] (1.00ns)   --->   "%size_read = read i32 @_ssdm_op_Read.ap_none.i32, i32 %size"   --->   Operation 97 'read' 'size_read' <Predicate = true> <Delay = 1.00> <CoreInst = "s_axilite">   --->   Core 124 's_axilite' <Latency = 0> <II = 1> <Delay = 1.00> <Adapter> <Opcode : 'read' 'write'>
ST_1 : Operation 98 [1/1] (0.00ns)   --->   "%muxLogicCE_to_mem_read = muxlogic"   --->   Operation 98 'muxlogic' 'muxLogicCE_to_mem_read' <Predicate = true> <Delay = 0.00>
ST_1 : Operation 99 [1/1] (1.00ns)   --->   "%mem_read = read i64 @_ssdm_op_Read.s_axilite.i64, i64 %mem"   --->   Operation 99 'read' 'mem_read' <Predicate = true> <Delay = 1.00> <CoreInst = "s_axilite">   --->   Core 124 's_axilite' <Latency = 0> <II = 1> <Delay = 1.00> <Adapter> <Opcode : 'read' 'write'>
ST_1 : Operation 100 [1/1] (0.66ns)   --->   "%icmp_ln27 = icmp_sgt  i32 %size_read, i32 0" [pl_kernels/mm2s.cpp:27]   --->   Operation 100 'icmp' 'icmp_ln27' <Predicate = true> <Delay = 0.66> <CoreInst = "Cmp">   --->   Core 9 'Cmp' <Latency = 0> <II = 1> <Delay = 0.66> <FuncUnit> <Opcode : 'setle' 'setge' 'setlt' 'setgt'> <InPorts = 2> <OutPorts = 1>
ST_1 : Operation 101 [1/1] (0.00ns)   --->   "%specaxissidechannel_ln27 = specaxissidechannel void @_ssdm_op_SpecAXISSideChannel, i32 %s_V_data_V, i4 %s_V_keep_V, i4 %s_V_strb_V, i1 0, i1 %s_V_last_V, i1 0, i1 0, void @empty_7" [pl_kernels/mm2s.cpp:27]   --->   Operation 101 'specaxissidechannel' 'specaxissidechannel_ln27' <Predicate = true> <Delay = 0.00>
ST_1 : Operation 102 [1/1] (0.00ns)   --->   "%trunc_ln27 = trunc i32 %size_read" [pl_kernels/mm2s.cpp:27]   --->   Operation 102 'trunc' 'trunc_ln27' <Predicate = true> <Delay = 0.00>
ST_1 : Operation 103 [1/1] (0.52ns)   --->   "%empty = select i1 %icmp_ln27, i31 %trunc_ln27, i31 0" [pl_kernels/mm2s.cpp:27]   --->   Operation 103 'select' 'empty' <Predicate = true> <Delay = 0.52> <CoreInst = "Sel">   --->   Core 77 'Sel' <Latency = 0> <II = 1> <Delay = 0.52> <FuncUnit> <Opcode : 'select'> <InPorts = 3> <OutPorts = 1>
ST_1 : Operation 104 [1/1] (0.00ns)   --->   "%zext_ln27 = zext i31 %empty" [pl_kernels/mm2s.cpp:27]   --->   Operation 104 'zext' 'zext_ln27' <Predicate = true> <Delay = 0.00>
ST_1 : Operation 105 [1/1] (0.00ns)   --->   "%muxLogicData_to_store_ln0 = muxlogic i31 0"   --->   Operation 105 'muxlogic' 'muxLogicData_to_store_ln0' <Predicate = true> <Delay = 0.00>
ST_1 : Operation 106 [1/1] (0.00ns)   --->   "%muxLogicAddr_to_store_ln0 = muxlogic i31 %i"   --->   Operation 106 'muxlogic' 'muxLogicAddr_to_store_ln0' <Predicate = true> <Delay = 0.00>
ST_1 : Operation 107 [1/1] (0.40ns)   --->   "%store_ln0 = store i31 0, i31 %i"   --->   Operation 107 'store' 'store_ln0' <Predicate = true> <Delay = 0.40>
ST_1 : Operation 108 [1/1] (0.38ns)   --->   "%br_ln27 = br void %for.inc" [pl_kernels/mm2s.cpp:27]   --->   Operation 108 'br' 'br_ln27' <Predicate = true> <Delay = 0.38>
ST_1 : Operation 109 [1/1] (0.00ns)   --->   "%first_iter_0 = phi i1 0, void %for.inc.split, i1 1, void %entry"   --->   Operation 109 'phi' 'first_iter_0' <Predicate = true> <Delay = 0.00>
ST_1 : Operation 110 [1/1] (0.00ns)   --->   "%MuxLogicAddr_to_i_load = muxlogic i31 %i"   --->   Operation 110 'muxlogic' 'MuxLogicAddr_to_i_load' <Predicate = true> <Delay = 0.00>
ST_1 : Operation 111 [1/1] (0.00ns)   --->   "%i_load = load i31 %i" [pl_kernels/mm2s.cpp:27]   --->   Operation 111 'load' 'i_load' <Predicate = true> <Delay = 0.00>
ST_1 : Operation 112 [1/1] (0.00ns)   --->   "%i_cast = zext i31 %i_load" [pl_kernels/mm2s.cpp:27]   --->   Operation 112 'zext' 'i_cast' <Predicate = true> <Delay = 0.00>
ST_1 : Operation 113 [1/1] (0.66ns)   --->   "%icmp_ln27_1 = icmp_slt  i32 %i_cast, i32 %size_read" [pl_kernels/mm2s.cpp:27]   --->   Operation 113 'icmp' 'icmp_ln27_1' <Predicate = true> <Delay = 0.66> <CoreInst = "Cmp">   --->   Core 9 'Cmp' <Latency = 0> <II = 1> <Delay = 0.66> <FuncUnit> <Opcode : 'setle' 'setge' 'setlt' 'setgt'> <InPorts = 2> <OutPorts = 1>
ST_1 : Operation 114 [1/1] (0.00ns)   --->   "%br_ln27 = br i1 %icmp_ln27_1, void %for.end.loopexit, void %new.body.for.inc" [pl_kernels/mm2s.cpp:27]   --->   Operation 114 'br' 'br_ln27' <Predicate = true> <Delay = 0.00>
ST_1 : Operation 115 [1/1] (0.00ns)   --->   "%br_ln27 = br i1 %first_iter_0, void %for.inc.split, void %for.first.iter.for.inc" [pl_kernels/mm2s.cpp:27]   --->   Operation 115 'br' 'br_ln27' <Predicate = (icmp_ln27_1)> <Delay = 0.00>
ST_1 : Operation 116 [1/1] (0.86ns)   --->   "%add_ln27 = add i31 %i_load, i31 1" [pl_kernels/mm2s.cpp:27]   --->   Operation 116 'add' 'add_ln27' <Predicate = (icmp_ln27_1)> <Delay = 0.86> <CoreInst = "Adder">   --->   Core 1 'Adder' <Latency = 0> <II = 1> <Delay = 0.86> <FuncUnit> <Opcode : 'add' 'sub'> <InPorts = 2> <OutPorts = 1>
ST_1 : Operation 117 [1/1] (0.00ns)   --->   "%muxLogicData_to_store_ln27 = muxlogic i31 %add_ln27"   --->   Operation 117 'muxlogic' 'muxLogicData_to_store_ln27' <Predicate = (icmp_ln27_1)> <Delay = 0.00>
ST_1 : Operation 118 [1/1] (0.00ns)   --->   "%muxLogicAddr_to_store_ln27 = muxlogic i31 %i"   --->   Operation 118 'muxlogic' 'muxLogicAddr_to_store_ln27' <Predicate = (icmp_ln27_1)> <Delay = 0.00>
ST_1 : Operation 119 [1/1] (0.40ns)   --->   "%store_ln27 = store i31 %add_ln27, i31 %i" [pl_kernels/mm2s.cpp:27]   --->   Operation 119 'store' 'store_ln27' <Predicate = (icmp_ln27_1)> <Delay = 0.40>
ST_1 : Operation 120 [1/1] (0.00ns)   --->   "%br_ln27 = br void %for.inc" [pl_kernels/mm2s.cpp:27]   --->   Operation 120 'br' 'br_ln27' <Predicate = (icmp_ln27_1)> <Delay = 0.00>

State 2 <SV = 1> <Delay = 1.29>
ST_2 : Operation 121 [1/1] (0.00ns)   --->   "%trunc_ln = partselect i62 @_ssdm_op_PartSelect.i62.i64.i32.i32, i64 %mem_read, i32 2, i32 63" [pl_kernels/mm2s.cpp:27]   --->   Operation 121 'partselect' 'trunc_ln' <Predicate = true> <Delay = 0.00>
ST_2 : Operation 122 [1/1] (0.00ns)   --->   "%sext_ln27 = sext i62 %trunc_ln" [pl_kernels/mm2s.cpp:27]   --->   Operation 122 'sext' 'sext_ln27' <Predicate = true> <Delay = 0.00>
ST_2 : Operation 123 [1/1] (0.00ns)   --->   "%gmem_addr = getelementptr i32 %gmem, i64 %sext_ln27" [pl_kernels/mm2s.cpp:27]   --->   Operation 123 'getelementptr' 'gmem_addr' <Predicate = true> <Delay = 0.00>
ST_2 : Operation 124 [74/74] (1.29ns)   --->   "%empty_20 = readreq i1 @_ssdm_op_ReadReq.m_axi.p1i32, i32 %gmem_addr, i64 %zext_ln27" [pl_kernels/mm2s.cpp:27]   --->   Operation 124 'readreq' 'empty_20' <Predicate = (first_iter_0)> <Delay = 1.29> <CoreInst = "m_axi">   --->   Core 123 'm_axi' <Latency = 9> <II = 1> <Delay = 1.34> <Adapter> <Opcode : 'read' 'write' 'readreq' 'writereq' 'writeresp'>

State 3 <SV = 2> <Delay = 2.33>
ST_3 : Operation 125 [73/74] (2.33ns)   --->   "%empty_20 = readreq i1 @_ssdm_op_ReadReq.m_axi.p1i32, i32 %gmem_addr, i64 %zext_ln27" [pl_kernels/mm2s.cpp:27]   --->   Operation 125 'readreq' 'empty_20' <Predicate = (first_iter_0)> <Delay = 2.33> <CoreInst = "m_axi">   --->   Core 123 'm_axi' <Latency = 9> <II = 1> <Delay = 1.34> <Adapter> <Opcode : 'read' 'write' 'readreq' 'writereq' 'writeresp'>

State 4 <SV = 3> <Delay = 2.33>
ST_4 : Operation 126 [72/74] (2.33ns)   --->   "%empty_20 = readreq i1 @_ssdm_op_ReadReq.m_axi.p1i32, i32 %gmem_addr, i64 %zext_ln27" [pl_kernels/mm2s.cpp:27]   --->   Operation 126 'readreq' 'empty_20' <Predicate = (first_iter_0)> <Delay = 2.33> <CoreInst = "m_axi">   --->   Core 123 'm_axi' <Latency = 9> <II = 1> <Delay = 1.34> <Adapter> <Opcode : 'read' 'write' 'readreq' 'writereq' 'writeresp'>

State 5 <SV = 4> <Delay = 2.33>
ST_5 : Operation 127 [71/74] (2.33ns)   --->   "%empty_20 = readreq i1 @_ssdm_op_ReadReq.m_axi.p1i32, i32 %gmem_addr, i64 %zext_ln27" [pl_kernels/mm2s.cpp:27]   --->   Operation 127 'readreq' 'empty_20' <Predicate = (first_iter_0)> <Delay = 2.33> <CoreInst = "m_axi">   --->   Core 123 'm_axi' <Latency = 9> <II = 1> <Delay = 1.34> <Adapter> <Opcode : 'read' 'write' 'readreq' 'writereq' 'writeresp'>

State 6 <SV = 5> <Delay = 2.33>
ST_6 : Operation 128 [70/74] (2.33ns)   --->   "%empty_20 = readreq i1 @_ssdm_op_ReadReq.m_axi.p1i32, i32 %gmem_addr, i64 %zext_ln27" [pl_kernels/mm2s.cpp:27]   --->   Operation 128 'readreq' 'empty_20' <Predicate = (first_iter_0)> <Delay = 2.33> <CoreInst = "m_axi">   --->   Core 123 'm_axi' <Latency = 9> <II = 1> <Delay = 1.34> <Adapter> <Opcode : 'read' 'write' 'readreq' 'writereq' 'writeresp'>

State 7 <SV = 6> <Delay = 2.33>
ST_7 : Operation 129 [69/74] (2.33ns)   --->   "%empty_20 = readreq i1 @_ssdm_op_ReadReq.m_axi.p1i32, i32 %gmem_addr, i64 %zext_ln27" [pl_kernels/mm2s.cpp:27]   --->   Operation 129 'readreq' 'empty_20' <Predicate = (first_iter_0)> <Delay = 2.33> <CoreInst = "m_axi">   --->   Core 123 'm_axi' <Latency = 9> <II = 1> <Delay = 1.34> <Adapter> <Opcode : 'read' 'write' 'readreq' 'writereq' 'writeresp'>

State 8 <SV = 7> <Delay = 2.33>
ST_8 : Operation 130 [68/74] (2.33ns)   --->   "%empty_20 = readreq i1 @_ssdm_op_ReadReq.m_axi.p1i32, i32 %gmem_addr, i64 %zext_ln27" [pl_kernels/mm2s.cpp:27]   --->   Operation 130 'readreq' 'empty_20' <Predicate = (first_iter_0)> <Delay = 2.33> <CoreInst = "m_axi">   --->   Core 123 'm_axi' <Latency = 9> <II = 1> <Delay = 1.34> <Adapter> <Opcode : 'read' 'write' 'readreq' 'writereq' 'writeresp'>

State 9 <SV = 8> <Delay = 2.33>
ST_9 : Operation 131 [67/74] (2.33ns)   --->   "%empty_20 = readreq i1 @_ssdm_op_ReadReq.m_axi.p1i32, i32 %gmem_addr, i64 %zext_ln27" [pl_kernels/mm2s.cpp:27]   --->   Operation 131 'readreq' 'empty_20' <Predicate = (first_iter_0)> <Delay = 2.33> <CoreInst = "m_axi">   --->   Core 123 'm_axi' <Latency = 9> <II = 1> <Delay = 1.34> <Adapter> <Opcode : 'read' 'write' 'readreq' 'writereq' 'writeresp'>

State 10 <SV = 9> <Delay = 2.33>
ST_10 : Operation 132 [66/74] (2.33ns)   --->   "%empty_20 = readreq i1 @_ssdm_op_ReadReq.m_axi.p1i32, i32 %gmem_addr, i64 %zext_ln27" [pl_kernels/mm2s.cpp:27]   --->   Operation 132 'readreq' 'empty_20' <Predicate = (first_iter_0)> <Delay = 2.33> <CoreInst = "m_axi">   --->   Core 123 'm_axi' <Latency = 9> <II = 1> <Delay = 1.34> <Adapter> <Opcode : 'read' 'write' 'readreq' 'writereq' 'writeresp'>

State 11 <SV = 10> <Delay = 2.33>
ST_11 : Operation 133 [65/74] (2.33ns)   --->   "%empty_20 = readreq i1 @_ssdm_op_ReadReq.m_axi.p1i32, i32 %gmem_addr, i64 %zext_ln27" [pl_kernels/mm2s.cpp:27]   --->   Operation 133 'readreq' 'empty_20' <Predicate = (first_iter_0)> <Delay = 2.33> <CoreInst = "m_axi">   --->   Core 123 'm_axi' <Latency = 9> <II = 1> <Delay = 1.34> <Adapter> <Opcode : 'read' 'write' 'readreq' 'writereq' 'writeresp'>

State 12 <SV = 11> <Delay = 2.33>
ST_12 : Operation 134 [64/74] (2.33ns)   --->   "%empty_20 = readreq i1 @_ssdm_op_ReadReq.m_axi.p1i32, i32 %gmem_addr, i64 %zext_ln27" [pl_kernels/mm2s.cpp:27]   --->   Operation 134 'readreq' 'empty_20' <Predicate = (first_iter_0)> <Delay = 2.33> <CoreInst = "m_axi">   --->   Core 123 'm_axi' <Latency = 9> <II = 1> <Delay = 1.34> <Adapter> <Opcode : 'read' 'write' 'readreq' 'writereq' 'writeresp'>

State 13 <SV = 12> <Delay = 2.33>
ST_13 : Operation 135 [63/74] (2.33ns)   --->   "%empty_20 = readreq i1 @_ssdm_op_ReadReq.m_axi.p1i32, i32 %gmem_addr, i64 %zext_ln27" [pl_kernels/mm2s.cpp:27]   --->   Operation 135 'readreq' 'empty_20' <Predicate = (first_iter_0)> <Delay = 2.33> <CoreInst = "m_axi">   --->   Core 123 'm_axi' <Latency = 9> <II = 1> <Delay = 1.34> <Adapter> <Opcode : 'read' 'write' 'readreq' 'writereq' 'writeresp'>

State 14 <SV = 13> <Delay = 2.33>
ST_14 : Operation 136 [62/74] (2.33ns)   --->   "%empty_20 = readreq i1 @_ssdm_op_ReadReq.m_axi.p1i32, i32 %gmem_addr, i64 %zext_ln27" [pl_kernels/mm2s.cpp:27]   --->   Operation 136 'readreq' 'empty_20' <Predicate = (first_iter_0)> <Delay = 2.33> <CoreInst = "m_axi">   --->   Core 123 'm_axi' <Latency = 9> <II = 1> <Delay = 1.34> <Adapter> <Opcode : 'read' 'write' 'readreq' 'writereq' 'writeresp'>

State 15 <SV = 14> <Delay = 2.33>
ST_15 : Operation 137 [61/74] (2.33ns)   --->   "%empty_20 = readreq i1 @_ssdm_op_ReadReq.m_axi.p1i32, i32 %gmem_addr, i64 %zext_ln27" [pl_kernels/mm2s.cpp:27]   --->   Operation 137 'readreq' 'empty_20' <Predicate = (first_iter_0)> <Delay = 2.33> <CoreInst = "m_axi">   --->   Core 123 'm_axi' <Latency = 9> <II = 1> <Delay = 1.34> <Adapter> <Opcode : 'read' 'write' 'readreq' 'writereq' 'writeresp'>

State 16 <SV = 15> <Delay = 2.33>
ST_16 : Operation 138 [60/74] (2.33ns)   --->   "%empty_20 = readreq i1 @_ssdm_op_ReadReq.m_axi.p1i32, i32 %gmem_addr, i64 %zext_ln27" [pl_kernels/mm2s.cpp:27]   --->   Operation 138 'readreq' 'empty_20' <Predicate = (first_iter_0)> <Delay = 2.33> <CoreInst = "m_axi">   --->   Core 123 'm_axi' <Latency = 9> <II = 1> <Delay = 1.34> <Adapter> <Opcode : 'read' 'write' 'readreq' 'writereq' 'writeresp'>

State 17 <SV = 16> <Delay = 2.33>
ST_17 : Operation 139 [59/74] (2.33ns)   --->   "%empty_20 = readreq i1 @_ssdm_op_ReadReq.m_axi.p1i32, i32 %gmem_addr, i64 %zext_ln27" [pl_kernels/mm2s.cpp:27]   --->   Operation 139 'readreq' 'empty_20' <Predicate = (first_iter_0)> <Delay = 2.33> <CoreInst = "m_axi">   --->   Core 123 'm_axi' <Latency = 9> <II = 1> <Delay = 1.34> <Adapter> <Opcode : 'read' 'write' 'readreq' 'writereq' 'writeresp'>

State 18 <SV = 17> <Delay = 2.33>
ST_18 : Operation 140 [58/74] (2.33ns)   --->   "%empty_20 = readreq i1 @_ssdm_op_ReadReq.m_axi.p1i32, i32 %gmem_addr, i64 %zext_ln27" [pl_kernels/mm2s.cpp:27]   --->   Operation 140 'readreq' 'empty_20' <Predicate = (first_iter_0)> <Delay = 2.33> <CoreInst = "m_axi">   --->   Core 123 'm_axi' <Latency = 9> <II = 1> <Delay = 1.34> <Adapter> <Opcode : 'read' 'write' 'readreq' 'writereq' 'writeresp'>

State 19 <SV = 18> <Delay = 2.33>
ST_19 : Operation 141 [57/74] (2.33ns)   --->   "%empty_20 = readreq i1 @_ssdm_op_ReadReq.m_axi.p1i32, i32 %gmem_addr, i64 %zext_ln27" [pl_kernels/mm2s.cpp:27]   --->   Operation 141 'readreq' 'empty_20' <Predicate = (first_iter_0)> <Delay = 2.33> <CoreInst = "m_axi">   --->   Core 123 'm_axi' <Latency = 9> <II = 1> <Delay = 1.34> <Adapter> <Opcode : 'read' 'write' 'readreq' 'writereq' 'writeresp'>

State 20 <SV = 19> <Delay = 2.33>
ST_20 : Operation 142 [56/74] (2.33ns)   --->   "%empty_20 = readreq i1 @_ssdm_op_ReadReq.m_axi.p1i32, i32 %gmem_addr, i64 %zext_ln27" [pl_kernels/mm2s.cpp:27]   --->   Operation 142 'readreq' 'empty_20' <Predicate = (first_iter_0)> <Delay = 2.33> <CoreInst = "m_axi">   --->   Core 123 'm_axi' <Latency = 9> <II = 1> <Delay = 1.34> <Adapter> <Opcode : 'read' 'write' 'readreq' 'writereq' 'writeresp'>

State 21 <SV = 20> <Delay = 2.33>
ST_21 : Operation 143 [55/74] (2.33ns)   --->   "%empty_20 = readreq i1 @_ssdm_op_ReadReq.m_axi.p1i32, i32 %gmem_addr, i64 %zext_ln27" [pl_kernels/mm2s.cpp:27]   --->   Operation 143 'readreq' 'empty_20' <Predicate = (first_iter_0)> <Delay = 2.33> <CoreInst = "m_axi">   --->   Core 123 'm_axi' <Latency = 9> <II = 1> <Delay = 1.34> <Adapter> <Opcode : 'read' 'write' 'readreq' 'writereq' 'writeresp'>

State 22 <SV = 21> <Delay = 2.33>
ST_22 : Operation 144 [54/74] (2.33ns)   --->   "%empty_20 = readreq i1 @_ssdm_op_ReadReq.m_axi.p1i32, i32 %gmem_addr, i64 %zext_ln27" [pl_kernels/mm2s.cpp:27]   --->   Operation 144 'readreq' 'empty_20' <Predicate = (first_iter_0)> <Delay = 2.33> <CoreInst = "m_axi">   --->   Core 123 'm_axi' <Latency = 9> <II = 1> <Delay = 1.34> <Adapter> <Opcode : 'read' 'write' 'readreq' 'writereq' 'writeresp'>

State 23 <SV = 22> <Delay = 2.33>
ST_23 : Operation 145 [53/74] (2.33ns)   --->   "%empty_20 = readreq i1 @_ssdm_op_ReadReq.m_axi.p1i32, i32 %gmem_addr, i64 %zext_ln27" [pl_kernels/mm2s.cpp:27]   --->   Operation 145 'readreq' 'empty_20' <Predicate = (first_iter_0)> <Delay = 2.33> <CoreInst = "m_axi">   --->   Core 123 'm_axi' <Latency = 9> <II = 1> <Delay = 1.34> <Adapter> <Opcode : 'read' 'write' 'readreq' 'writereq' 'writeresp'>

State 24 <SV = 23> <Delay = 2.33>
ST_24 : Operation 146 [52/74] (2.33ns)   --->   "%empty_20 = readreq i1 @_ssdm_op_ReadReq.m_axi.p1i32, i32 %gmem_addr, i64 %zext_ln27" [pl_kernels/mm2s.cpp:27]   --->   Operation 146 'readreq' 'empty_20' <Predicate = (first_iter_0)> <Delay = 2.33> <CoreInst = "m_axi">   --->   Core 123 'm_axi' <Latency = 9> <II = 1> <Delay = 1.34> <Adapter> <Opcode : 'read' 'write' 'readreq' 'writereq' 'writeresp'>

State 25 <SV = 24> <Delay = 2.33>
ST_25 : Operation 147 [51/74] (2.33ns)   --->   "%empty_20 = readreq i1 @_ssdm_op_ReadReq.m_axi.p1i32, i32 %gmem_addr, i64 %zext_ln27" [pl_kernels/mm2s.cpp:27]   --->   Operation 147 'readreq' 'empty_20' <Predicate = (first_iter_0)> <Delay = 2.33> <CoreInst = "m_axi">   --->   Core 123 'm_axi' <Latency = 9> <II = 1> <Delay = 1.34> <Adapter> <Opcode : 'read' 'write' 'readreq' 'writereq' 'writeresp'>

State 26 <SV = 25> <Delay = 2.33>
ST_26 : Operation 148 [50/74] (2.33ns)   --->   "%empty_20 = readreq i1 @_ssdm_op_ReadReq.m_axi.p1i32, i32 %gmem_addr, i64 %zext_ln27" [pl_kernels/mm2s.cpp:27]   --->   Operation 148 'readreq' 'empty_20' <Predicate = (first_iter_0)> <Delay = 2.33> <CoreInst = "m_axi">   --->   Core 123 'm_axi' <Latency = 9> <II = 1> <Delay = 1.34> <Adapter> <Opcode : 'read' 'write' 'readreq' 'writereq' 'writeresp'>

State 27 <SV = 26> <Delay = 2.33>
ST_27 : Operation 149 [49/74] (2.33ns)   --->   "%empty_20 = readreq i1 @_ssdm_op_ReadReq.m_axi.p1i32, i32 %gmem_addr, i64 %zext_ln27" [pl_kernels/mm2s.cpp:27]   --->   Operation 149 'readreq' 'empty_20' <Predicate = (first_iter_0)> <Delay = 2.33> <CoreInst = "m_axi">   --->   Core 123 'm_axi' <Latency = 9> <II = 1> <Delay = 1.34> <Adapter> <Opcode : 'read' 'write' 'readreq' 'writereq' 'writeresp'>

State 28 <SV = 27> <Delay = 2.33>
ST_28 : Operation 150 [48/74] (2.33ns)   --->   "%empty_20 = readreq i1 @_ssdm_op_ReadReq.m_axi.p1i32, i32 %gmem_addr, i64 %zext_ln27" [pl_kernels/mm2s.cpp:27]   --->   Operation 150 'readreq' 'empty_20' <Predicate = (first_iter_0)> <Delay = 2.33> <CoreInst = "m_axi">   --->   Core 123 'm_axi' <Latency = 9> <II = 1> <Delay = 1.34> <Adapter> <Opcode : 'read' 'write' 'readreq' 'writereq' 'writeresp'>

State 29 <SV = 28> <Delay = 2.33>
ST_29 : Operation 151 [47/74] (2.33ns)   --->   "%empty_20 = readreq i1 @_ssdm_op_ReadReq.m_axi.p1i32, i32 %gmem_addr, i64 %zext_ln27" [pl_kernels/mm2s.cpp:27]   --->   Operation 151 'readreq' 'empty_20' <Predicate = (first_iter_0)> <Delay = 2.33> <CoreInst = "m_axi">   --->   Core 123 'm_axi' <Latency = 9> <II = 1> <Delay = 1.34> <Adapter> <Opcode : 'read' 'write' 'readreq' 'writereq' 'writeresp'>

State 30 <SV = 29> <Delay = 2.33>
ST_30 : Operation 152 [46/74] (2.33ns)   --->   "%empty_20 = readreq i1 @_ssdm_op_ReadReq.m_axi.p1i32, i32 %gmem_addr, i64 %zext_ln27" [pl_kernels/mm2s.cpp:27]   --->   Operation 152 'readreq' 'empty_20' <Predicate = (first_iter_0)> <Delay = 2.33> <CoreInst = "m_axi">   --->   Core 123 'm_axi' <Latency = 9> <II = 1> <Delay = 1.34> <Adapter> <Opcode : 'read' 'write' 'readreq' 'writereq' 'writeresp'>

State 31 <SV = 30> <Delay = 2.33>
ST_31 : Operation 153 [45/74] (2.33ns)   --->   "%empty_20 = readreq i1 @_ssdm_op_ReadReq.m_axi.p1i32, i32 %gmem_addr, i64 %zext_ln27" [pl_kernels/mm2s.cpp:27]   --->   Operation 153 'readreq' 'empty_20' <Predicate = (first_iter_0)> <Delay = 2.33> <CoreInst = "m_axi">   --->   Core 123 'm_axi' <Latency = 9> <II = 1> <Delay = 1.34> <Adapter> <Opcode : 'read' 'write' 'readreq' 'writereq' 'writeresp'>

State 32 <SV = 31> <Delay = 2.33>
ST_32 : Operation 154 [44/74] (2.33ns)   --->   "%empty_20 = readreq i1 @_ssdm_op_ReadReq.m_axi.p1i32, i32 %gmem_addr, i64 %zext_ln27" [pl_kernels/mm2s.cpp:27]   --->   Operation 154 'readreq' 'empty_20' <Predicate = (first_iter_0)> <Delay = 2.33> <CoreInst = "m_axi">   --->   Core 123 'm_axi' <Latency = 9> <II = 1> <Delay = 1.34> <Adapter> <Opcode : 'read' 'write' 'readreq' 'writereq' 'writeresp'>

State 33 <SV = 32> <Delay = 2.33>
ST_33 : Operation 155 [43/74] (2.33ns)   --->   "%empty_20 = readreq i1 @_ssdm_op_ReadReq.m_axi.p1i32, i32 %gmem_addr, i64 %zext_ln27" [pl_kernels/mm2s.cpp:27]   --->   Operation 155 'readreq' 'empty_20' <Predicate = (first_iter_0)> <Delay = 2.33> <CoreInst = "m_axi">   --->   Core 123 'm_axi' <Latency = 9> <II = 1> <Delay = 1.34> <Adapter> <Opcode : 'read' 'write' 'readreq' 'writereq' 'writeresp'>

State 34 <SV = 33> <Delay = 2.33>
ST_34 : Operation 156 [42/74] (2.33ns)   --->   "%empty_20 = readreq i1 @_ssdm_op_ReadReq.m_axi.p1i32, i32 %gmem_addr, i64 %zext_ln27" [pl_kernels/mm2s.cpp:27]   --->   Operation 156 'readreq' 'empty_20' <Predicate = (first_iter_0)> <Delay = 2.33> <CoreInst = "m_axi">   --->   Core 123 'm_axi' <Latency = 9> <II = 1> <Delay = 1.34> <Adapter> <Opcode : 'read' 'write' 'readreq' 'writereq' 'writeresp'>

State 35 <SV = 34> <Delay = 2.33>
ST_35 : Operation 157 [41/74] (2.33ns)   --->   "%empty_20 = readreq i1 @_ssdm_op_ReadReq.m_axi.p1i32, i32 %gmem_addr, i64 %zext_ln27" [pl_kernels/mm2s.cpp:27]   --->   Operation 157 'readreq' 'empty_20' <Predicate = (first_iter_0)> <Delay = 2.33> <CoreInst = "m_axi">   --->   Core 123 'm_axi' <Latency = 9> <II = 1> <Delay = 1.34> <Adapter> <Opcode : 'read' 'write' 'readreq' 'writereq' 'writeresp'>

State 36 <SV = 35> <Delay = 2.33>
ST_36 : Operation 158 [40/74] (2.33ns)   --->   "%empty_20 = readreq i1 @_ssdm_op_ReadReq.m_axi.p1i32, i32 %gmem_addr, i64 %zext_ln27" [pl_kernels/mm2s.cpp:27]   --->   Operation 158 'readreq' 'empty_20' <Predicate = (first_iter_0)> <Delay = 2.33> <CoreInst = "m_axi">   --->   Core 123 'm_axi' <Latency = 9> <II = 1> <Delay = 1.34> <Adapter> <Opcode : 'read' 'write' 'readreq' 'writereq' 'writeresp'>

State 37 <SV = 36> <Delay = 2.33>
ST_37 : Operation 159 [39/74] (2.33ns)   --->   "%empty_20 = readreq i1 @_ssdm_op_ReadReq.m_axi.p1i32, i32 %gmem_addr, i64 %zext_ln27" [pl_kernels/mm2s.cpp:27]   --->   Operation 159 'readreq' 'empty_20' <Predicate = (first_iter_0)> <Delay = 2.33> <CoreInst = "m_axi">   --->   Core 123 'm_axi' <Latency = 9> <II = 1> <Delay = 1.34> <Adapter> <Opcode : 'read' 'write' 'readreq' 'writereq' 'writeresp'>

State 38 <SV = 37> <Delay = 2.33>
ST_38 : Operation 160 [38/74] (2.33ns)   --->   "%empty_20 = readreq i1 @_ssdm_op_ReadReq.m_axi.p1i32, i32 %gmem_addr, i64 %zext_ln27" [pl_kernels/mm2s.cpp:27]   --->   Operation 160 'readreq' 'empty_20' <Predicate = (first_iter_0)> <Delay = 2.33> <CoreInst = "m_axi">   --->   Core 123 'm_axi' <Latency = 9> <II = 1> <Delay = 1.34> <Adapter> <Opcode : 'read' 'write' 'readreq' 'writereq' 'writeresp'>

State 39 <SV = 38> <Delay = 2.33>
ST_39 : Operation 161 [37/74] (2.33ns)   --->   "%empty_20 = readreq i1 @_ssdm_op_ReadReq.m_axi.p1i32, i32 %gmem_addr, i64 %zext_ln27" [pl_kernels/mm2s.cpp:27]   --->   Operation 161 'readreq' 'empty_20' <Predicate = (first_iter_0)> <Delay = 2.33> <CoreInst = "m_axi">   --->   Core 123 'm_axi' <Latency = 9> <II = 1> <Delay = 1.34> <Adapter> <Opcode : 'read' 'write' 'readreq' 'writereq' 'writeresp'>

State 40 <SV = 39> <Delay = 2.33>
ST_40 : Operation 162 [36/74] (2.33ns)   --->   "%empty_20 = readreq i1 @_ssdm_op_ReadReq.m_axi.p1i32, i32 %gmem_addr, i64 %zext_ln27" [pl_kernels/mm2s.cpp:27]   --->   Operation 162 'readreq' 'empty_20' <Predicate = (first_iter_0)> <Delay = 2.33> <CoreInst = "m_axi">   --->   Core 123 'm_axi' <Latency = 9> <II = 1> <Delay = 1.34> <Adapter> <Opcode : 'read' 'write' 'readreq' 'writereq' 'writeresp'>

State 41 <SV = 40> <Delay = 2.33>
ST_41 : Operation 163 [35/74] (2.33ns)   --->   "%empty_20 = readreq i1 @_ssdm_op_ReadReq.m_axi.p1i32, i32 %gmem_addr, i64 %zext_ln27" [pl_kernels/mm2s.cpp:27]   --->   Operation 163 'readreq' 'empty_20' <Predicate = (first_iter_0)> <Delay = 2.33> <CoreInst = "m_axi">   --->   Core 123 'm_axi' <Latency = 9> <II = 1> <Delay = 1.34> <Adapter> <Opcode : 'read' 'write' 'readreq' 'writereq' 'writeresp'>

State 42 <SV = 41> <Delay = 2.33>
ST_42 : Operation 164 [34/74] (2.33ns)   --->   "%empty_20 = readreq i1 @_ssdm_op_ReadReq.m_axi.p1i32, i32 %gmem_addr, i64 %zext_ln27" [pl_kernels/mm2s.cpp:27]   --->   Operation 164 'readreq' 'empty_20' <Predicate = (first_iter_0)> <Delay = 2.33> <CoreInst = "m_axi">   --->   Core 123 'm_axi' <Latency = 9> <II = 1> <Delay = 1.34> <Adapter> <Opcode : 'read' 'write' 'readreq' 'writereq' 'writeresp'>

State 43 <SV = 42> <Delay = 2.33>
ST_43 : Operation 165 [33/74] (2.33ns)   --->   "%empty_20 = readreq i1 @_ssdm_op_ReadReq.m_axi.p1i32, i32 %gmem_addr, i64 %zext_ln27" [pl_kernels/mm2s.cpp:27]   --->   Operation 165 'readreq' 'empty_20' <Predicate = (first_iter_0)> <Delay = 2.33> <CoreInst = "m_axi">   --->   Core 123 'm_axi' <Latency = 9> <II = 1> <Delay = 1.34> <Adapter> <Opcode : 'read' 'write' 'readreq' 'writereq' 'writeresp'>

State 44 <SV = 43> <Delay = 2.33>
ST_44 : Operation 166 [32/74] (2.33ns)   --->   "%empty_20 = readreq i1 @_ssdm_op_ReadReq.m_axi.p1i32, i32 %gmem_addr, i64 %zext_ln27" [pl_kernels/mm2s.cpp:27]   --->   Operation 166 'readreq' 'empty_20' <Predicate = (first_iter_0)> <Delay = 2.33> <CoreInst = "m_axi">   --->   Core 123 'm_axi' <Latency = 9> <II = 1> <Delay = 1.34> <Adapter> <Opcode : 'read' 'write' 'readreq' 'writereq' 'writeresp'>

State 45 <SV = 44> <Delay = 2.33>
ST_45 : Operation 167 [31/74] (2.33ns)   --->   "%empty_20 = readreq i1 @_ssdm_op_ReadReq.m_axi.p1i32, i32 %gmem_addr, i64 %zext_ln27" [pl_kernels/mm2s.cpp:27]   --->   Operation 167 'readreq' 'empty_20' <Predicate = (first_iter_0)> <Delay = 2.33> <CoreInst = "m_axi">   --->   Core 123 'm_axi' <Latency = 9> <II = 1> <Delay = 1.34> <Adapter> <Opcode : 'read' 'write' 'readreq' 'writereq' 'writeresp'>

State 46 <SV = 45> <Delay = 2.33>
ST_46 : Operation 168 [30/74] (2.33ns)   --->   "%empty_20 = readreq i1 @_ssdm_op_ReadReq.m_axi.p1i32, i32 %gmem_addr, i64 %zext_ln27" [pl_kernels/mm2s.cpp:27]   --->   Operation 168 'readreq' 'empty_20' <Predicate = (first_iter_0)> <Delay = 2.33> <CoreInst = "m_axi">   --->   Core 123 'm_axi' <Latency = 9> <II = 1> <Delay = 1.34> <Adapter> <Opcode : 'read' 'write' 'readreq' 'writereq' 'writeresp'>

State 47 <SV = 46> <Delay = 2.33>
ST_47 : Operation 169 [29/74] (2.33ns)   --->   "%empty_20 = readreq i1 @_ssdm_op_ReadReq.m_axi.p1i32, i32 %gmem_addr, i64 %zext_ln27" [pl_kernels/mm2s.cpp:27]   --->   Operation 169 'readreq' 'empty_20' <Predicate = (first_iter_0)> <Delay = 2.33> <CoreInst = "m_axi">   --->   Core 123 'm_axi' <Latency = 9> <II = 1> <Delay = 1.34> <Adapter> <Opcode : 'read' 'write' 'readreq' 'writereq' 'writeresp'>

State 48 <SV = 47> <Delay = 2.33>
ST_48 : Operation 170 [28/74] (2.33ns)   --->   "%empty_20 = readreq i1 @_ssdm_op_ReadReq.m_axi.p1i32, i32 %gmem_addr, i64 %zext_ln27" [pl_kernels/mm2s.cpp:27]   --->   Operation 170 'readreq' 'empty_20' <Predicate = (first_iter_0)> <Delay = 2.33> <CoreInst = "m_axi">   --->   Core 123 'm_axi' <Latency = 9> <II = 1> <Delay = 1.34> <Adapter> <Opcode : 'read' 'write' 'readreq' 'writereq' 'writeresp'>

State 49 <SV = 48> <Delay = 2.33>
ST_49 : Operation 171 [27/74] (2.33ns)   --->   "%empty_20 = readreq i1 @_ssdm_op_ReadReq.m_axi.p1i32, i32 %gmem_addr, i64 %zext_ln27" [pl_kernels/mm2s.cpp:27]   --->   Operation 171 'readreq' 'empty_20' <Predicate = (first_iter_0)> <Delay = 2.33> <CoreInst = "m_axi">   --->   Core 123 'm_axi' <Latency = 9> <II = 1> <Delay = 1.34> <Adapter> <Opcode : 'read' 'write' 'readreq' 'writereq' 'writeresp'>

State 50 <SV = 49> <Delay = 2.33>
ST_50 : Operation 172 [26/74] (2.33ns)   --->   "%empty_20 = readreq i1 @_ssdm_op_ReadReq.m_axi.p1i32, i32 %gmem_addr, i64 %zext_ln27" [pl_kernels/mm2s.cpp:27]   --->   Operation 172 'readreq' 'empty_20' <Predicate = (first_iter_0)> <Delay = 2.33> <CoreInst = "m_axi">   --->   Core 123 'm_axi' <Latency = 9> <II = 1> <Delay = 1.34> <Adapter> <Opcode : 'read' 'write' 'readreq' 'writereq' 'writeresp'>

State 51 <SV = 50> <Delay = 2.33>
ST_51 : Operation 173 [25/74] (2.33ns)   --->   "%empty_20 = readreq i1 @_ssdm_op_ReadReq.m_axi.p1i32, i32 %gmem_addr, i64 %zext_ln27" [pl_kernels/mm2s.cpp:27]   --->   Operation 173 'readreq' 'empty_20' <Predicate = (first_iter_0)> <Delay = 2.33> <CoreInst = "m_axi">   --->   Core 123 'm_axi' <Latency = 9> <II = 1> <Delay = 1.34> <Adapter> <Opcode : 'read' 'write' 'readreq' 'writereq' 'writeresp'>

State 52 <SV = 51> <Delay = 2.33>
ST_52 : Operation 174 [24/74] (2.33ns)   --->   "%empty_20 = readreq i1 @_ssdm_op_ReadReq.m_axi.p1i32, i32 %gmem_addr, i64 %zext_ln27" [pl_kernels/mm2s.cpp:27]   --->   Operation 174 'readreq' 'empty_20' <Predicate = (first_iter_0)> <Delay = 2.33> <CoreInst = "m_axi">   --->   Core 123 'm_axi' <Latency = 9> <II = 1> <Delay = 1.34> <Adapter> <Opcode : 'read' 'write' 'readreq' 'writereq' 'writeresp'>

State 53 <SV = 52> <Delay = 2.33>
ST_53 : Operation 175 [23/74] (2.33ns)   --->   "%empty_20 = readreq i1 @_ssdm_op_ReadReq.m_axi.p1i32, i32 %gmem_addr, i64 %zext_ln27" [pl_kernels/mm2s.cpp:27]   --->   Operation 175 'readreq' 'empty_20' <Predicate = (first_iter_0)> <Delay = 2.33> <CoreInst = "m_axi">   --->   Core 123 'm_axi' <Latency = 9> <II = 1> <Delay = 1.34> <Adapter> <Opcode : 'read' 'write' 'readreq' 'writereq' 'writeresp'>

State 54 <SV = 53> <Delay = 2.33>
ST_54 : Operation 176 [22/74] (2.33ns)   --->   "%empty_20 = readreq i1 @_ssdm_op_ReadReq.m_axi.p1i32, i32 %gmem_addr, i64 %zext_ln27" [pl_kernels/mm2s.cpp:27]   --->   Operation 176 'readreq' 'empty_20' <Predicate = (first_iter_0)> <Delay = 2.33> <CoreInst = "m_axi">   --->   Core 123 'm_axi' <Latency = 9> <II = 1> <Delay = 1.34> <Adapter> <Opcode : 'read' 'write' 'readreq' 'writereq' 'writeresp'>

State 55 <SV = 54> <Delay = 2.33>
ST_55 : Operation 177 [21/74] (2.33ns)   --->   "%empty_20 = readreq i1 @_ssdm_op_ReadReq.m_axi.p1i32, i32 %gmem_addr, i64 %zext_ln27" [pl_kernels/mm2s.cpp:27]   --->   Operation 177 'readreq' 'empty_20' <Predicate = (first_iter_0)> <Delay = 2.33> <CoreInst = "m_axi">   --->   Core 123 'm_axi' <Latency = 9> <II = 1> <Delay = 1.34> <Adapter> <Opcode : 'read' 'write' 'readreq' 'writereq' 'writeresp'>

State 56 <SV = 55> <Delay = 2.33>
ST_56 : Operation 178 [20/74] (2.33ns)   --->   "%empty_20 = readreq i1 @_ssdm_op_ReadReq.m_axi.p1i32, i32 %gmem_addr, i64 %zext_ln27" [pl_kernels/mm2s.cpp:27]   --->   Operation 178 'readreq' 'empty_20' <Predicate = (first_iter_0)> <Delay = 2.33> <CoreInst = "m_axi">   --->   Core 123 'm_axi' <Latency = 9> <II = 1> <Delay = 1.34> <Adapter> <Opcode : 'read' 'write' 'readreq' 'writereq' 'writeresp'>

State 57 <SV = 56> <Delay = 2.33>
ST_57 : Operation 179 [19/74] (2.33ns)   --->   "%empty_20 = readreq i1 @_ssdm_op_ReadReq.m_axi.p1i32, i32 %gmem_addr, i64 %zext_ln27" [pl_kernels/mm2s.cpp:27]   --->   Operation 179 'readreq' 'empty_20' <Predicate = (first_iter_0)> <Delay = 2.33> <CoreInst = "m_axi">   --->   Core 123 'm_axi' <Latency = 9> <II = 1> <Delay = 1.34> <Adapter> <Opcode : 'read' 'write' 'readreq' 'writereq' 'writeresp'>

State 58 <SV = 57> <Delay = 2.33>
ST_58 : Operation 180 [18/74] (2.33ns)   --->   "%empty_20 = readreq i1 @_ssdm_op_ReadReq.m_axi.p1i32, i32 %gmem_addr, i64 %zext_ln27" [pl_kernels/mm2s.cpp:27]   --->   Operation 180 'readreq' 'empty_20' <Predicate = (first_iter_0)> <Delay = 2.33> <CoreInst = "m_axi">   --->   Core 123 'm_axi' <Latency = 9> <II = 1> <Delay = 1.34> <Adapter> <Opcode : 'read' 'write' 'readreq' 'writereq' 'writeresp'>

State 59 <SV = 58> <Delay = 2.33>
ST_59 : Operation 181 [17/74] (2.33ns)   --->   "%empty_20 = readreq i1 @_ssdm_op_ReadReq.m_axi.p1i32, i32 %gmem_addr, i64 %zext_ln27" [pl_kernels/mm2s.cpp:27]   --->   Operation 181 'readreq' 'empty_20' <Predicate = (first_iter_0)> <Delay = 2.33> <CoreInst = "m_axi">   --->   Core 123 'm_axi' <Latency = 9> <II = 1> <Delay = 1.34> <Adapter> <Opcode : 'read' 'write' 'readreq' 'writereq' 'writeresp'>

State 60 <SV = 59> <Delay = 2.33>
ST_60 : Operation 182 [16/74] (2.33ns)   --->   "%empty_20 = readreq i1 @_ssdm_op_ReadReq.m_axi.p1i32, i32 %gmem_addr, i64 %zext_ln27" [pl_kernels/mm2s.cpp:27]   --->   Operation 182 'readreq' 'empty_20' <Predicate = (first_iter_0)> <Delay = 2.33> <CoreInst = "m_axi">   --->   Core 123 'm_axi' <Latency = 9> <II = 1> <Delay = 1.34> <Adapter> <Opcode : 'read' 'write' 'readreq' 'writereq' 'writeresp'>

State 61 <SV = 60> <Delay = 2.33>
ST_61 : Operation 183 [15/74] (2.33ns)   --->   "%empty_20 = readreq i1 @_ssdm_op_ReadReq.m_axi.p1i32, i32 %gmem_addr, i64 %zext_ln27" [pl_kernels/mm2s.cpp:27]   --->   Operation 183 'readreq' 'empty_20' <Predicate = (first_iter_0)> <Delay = 2.33> <CoreInst = "m_axi">   --->   Core 123 'm_axi' <Latency = 9> <II = 1> <Delay = 1.34> <Adapter> <Opcode : 'read' 'write' 'readreq' 'writereq' 'writeresp'>

State 62 <SV = 61> <Delay = 2.33>
ST_62 : Operation 184 [14/74] (2.33ns)   --->   "%empty_20 = readreq i1 @_ssdm_op_ReadReq.m_axi.p1i32, i32 %gmem_addr, i64 %zext_ln27" [pl_kernels/mm2s.cpp:27]   --->   Operation 184 'readreq' 'empty_20' <Predicate = (first_iter_0)> <Delay = 2.33> <CoreInst = "m_axi">   --->   Core 123 'm_axi' <Latency = 9> <II = 1> <Delay = 1.34> <Adapter> <Opcode : 'read' 'write' 'readreq' 'writereq' 'writeresp'>

State 63 <SV = 62> <Delay = 2.33>
ST_63 : Operation 185 [13/74] (2.33ns)   --->   "%empty_20 = readreq i1 @_ssdm_op_ReadReq.m_axi.p1i32, i32 %gmem_addr, i64 %zext_ln27" [pl_kernels/mm2s.cpp:27]   --->   Operation 185 'readreq' 'empty_20' <Predicate = (first_iter_0)> <Delay = 2.33> <CoreInst = "m_axi">   --->   Core 123 'm_axi' <Latency = 9> <II = 1> <Delay = 1.34> <Adapter> <Opcode : 'read' 'write' 'readreq' 'writereq' 'writeresp'>

State 64 <SV = 63> <Delay = 2.33>
ST_64 : Operation 186 [12/74] (2.33ns)   --->   "%empty_20 = readreq i1 @_ssdm_op_ReadReq.m_axi.p1i32, i32 %gmem_addr, i64 %zext_ln27" [pl_kernels/mm2s.cpp:27]   --->   Operation 186 'readreq' 'empty_20' <Predicate = (first_iter_0)> <Delay = 2.33> <CoreInst = "m_axi">   --->   Core 123 'm_axi' <Latency = 9> <II = 1> <Delay = 1.34> <Adapter> <Opcode : 'read' 'write' 'readreq' 'writereq' 'writeresp'>

State 65 <SV = 64> <Delay = 2.33>
ST_65 : Operation 187 [11/74] (2.33ns)   --->   "%empty_20 = readreq i1 @_ssdm_op_ReadReq.m_axi.p1i32, i32 %gmem_addr, i64 %zext_ln27" [pl_kernels/mm2s.cpp:27]   --->   Operation 187 'readreq' 'empty_20' <Predicate = (first_iter_0)> <Delay = 2.33> <CoreInst = "m_axi">   --->   Core 123 'm_axi' <Latency = 9> <II = 1> <Delay = 1.34> <Adapter> <Opcode : 'read' 'write' 'readreq' 'writereq' 'writeresp'>

State 66 <SV = 65> <Delay = 2.33>
ST_66 : Operation 188 [10/74] (2.33ns)   --->   "%empty_20 = readreq i1 @_ssdm_op_ReadReq.m_axi.p1i32, i32 %gmem_addr, i64 %zext_ln27" [pl_kernels/mm2s.cpp:27]   --->   Operation 188 'readreq' 'empty_20' <Predicate = (first_iter_0)> <Delay = 2.33> <CoreInst = "m_axi">   --->   Core 123 'm_axi' <Latency = 9> <II = 1> <Delay = 1.34> <Adapter> <Opcode : 'read' 'write' 'readreq' 'writereq' 'writeresp'>

State 67 <SV = 66> <Delay = 2.33>
ST_67 : Operation 189 [9/74] (2.33ns)   --->   "%empty_20 = readreq i1 @_ssdm_op_ReadReq.m_axi.p1i32, i32 %gmem_addr, i64 %zext_ln27" [pl_kernels/mm2s.cpp:27]   --->   Operation 189 'readreq' 'empty_20' <Predicate = (first_iter_0)> <Delay = 2.33> <CoreInst = "m_axi">   --->   Core 123 'm_axi' <Latency = 9> <II = 1> <Delay = 1.34> <Adapter> <Opcode : 'read' 'write' 'readreq' 'writereq' 'writeresp'>

State 68 <SV = 67> <Delay = 2.33>
ST_68 : Operation 190 [8/74] (2.33ns)   --->   "%empty_20 = readreq i1 @_ssdm_op_ReadReq.m_axi.p1i32, i32 %gmem_addr, i64 %zext_ln27" [pl_kernels/mm2s.cpp:27]   --->   Operation 190 'readreq' 'empty_20' <Predicate = (first_iter_0)> <Delay = 2.33> <CoreInst = "m_axi">   --->   Core 123 'm_axi' <Latency = 9> <II = 1> <Delay = 1.34> <Adapter> <Opcode : 'read' 'write' 'readreq' 'writereq' 'writeresp'>

State 69 <SV = 68> <Delay = 2.33>
ST_69 : Operation 191 [7/74] (2.33ns)   --->   "%empty_20 = readreq i1 @_ssdm_op_ReadReq.m_axi.p1i32, i32 %gmem_addr, i64 %zext_ln27" [pl_kernels/mm2s.cpp:27]   --->   Operation 191 'readreq' 'empty_20' <Predicate = (first_iter_0)> <Delay = 2.33> <CoreInst = "m_axi">   --->   Core 123 'm_axi' <Latency = 9> <II = 1> <Delay = 1.34> <Adapter> <Opcode : 'read' 'write' 'readreq' 'writereq' 'writeresp'>

State 70 <SV = 69> <Delay = 2.33>
ST_70 : Operation 192 [6/74] (2.33ns)   --->   "%empty_20 = readreq i1 @_ssdm_op_ReadReq.m_axi.p1i32, i32 %gmem_addr, i64 %zext_ln27" [pl_kernels/mm2s.cpp:27]   --->   Operation 192 'readreq' 'empty_20' <Predicate = (first_iter_0)> <Delay = 2.33> <CoreInst = "m_axi">   --->   Core 123 'm_axi' <Latency = 9> <II = 1> <Delay = 1.34> <Adapter> <Opcode : 'read' 'write' 'readreq' 'writereq' 'writeresp'>

State 71 <SV = 70> <Delay = 2.33>
ST_71 : Operation 193 [5/74] (2.33ns)   --->   "%empty_20 = readreq i1 @_ssdm_op_ReadReq.m_axi.p1i32, i32 %gmem_addr, i64 %zext_ln27" [pl_kernels/mm2s.cpp:27]   --->   Operation 193 'readreq' 'empty_20' <Predicate = (first_iter_0)> <Delay = 2.33> <CoreInst = "m_axi">   --->   Core 123 'm_axi' <Latency = 9> <II = 1> <Delay = 1.34> <Adapter> <Opcode : 'read' 'write' 'readreq' 'writereq' 'writeresp'>

State 72 <SV = 71> <Delay = 2.33>
ST_72 : Operation 194 [4/74] (2.33ns)   --->   "%empty_20 = readreq i1 @_ssdm_op_ReadReq.m_axi.p1i32, i32 %gmem_addr, i64 %zext_ln27" [pl_kernels/mm2s.cpp:27]   --->   Operation 194 'readreq' 'empty_20' <Predicate = (first_iter_0)> <Delay = 2.33> <CoreInst = "m_axi">   --->   Core 123 'm_axi' <Latency = 9> <II = 1> <Delay = 1.34> <Adapter> <Opcode : 'read' 'write' 'readreq' 'writereq' 'writeresp'>

State 73 <SV = 72> <Delay = 2.33>
ST_73 : Operation 195 [3/74] (2.33ns)   --->   "%empty_20 = readreq i1 @_ssdm_op_ReadReq.m_axi.p1i32, i32 %gmem_addr, i64 %zext_ln27" [pl_kernels/mm2s.cpp:27]   --->   Operation 195 'readreq' 'empty_20' <Predicate = (first_iter_0)> <Delay = 2.33> <CoreInst = "m_axi">   --->   Core 123 'm_axi' <Latency = 9> <II = 1> <Delay = 1.34> <Adapter> <Opcode : 'read' 'write' 'readreq' 'writereq' 'writeresp'>

State 74 <SV = 73> <Delay = 2.33>
ST_74 : Operation 196 [2/74] (2.33ns)   --->   "%empty_20 = readreq i1 @_ssdm_op_ReadReq.m_axi.p1i32, i32 %gmem_addr, i64 %zext_ln27" [pl_kernels/mm2s.cpp:27]   --->   Operation 196 'readreq' 'empty_20' <Predicate = (first_iter_0)> <Delay = 2.33> <CoreInst = "m_axi">   --->   Core 123 'm_axi' <Latency = 9> <II = 1> <Delay = 1.34> <Adapter> <Opcode : 'read' 'write' 'readreq' 'writereq' 'writeresp'>

State 75 <SV = 74> <Delay = 1.29>
ST_75 : Operation 197 [1/74] (1.29ns)   --->   "%empty_20 = readreq i1 @_ssdm_op_ReadReq.m_axi.p1i32, i32 %gmem_addr, i64 %zext_ln27" [pl_kernels/mm2s.cpp:27]   --->   Operation 197 'readreq' 'empty_20' <Predicate = (first_iter_0)> <Delay = 1.29> <CoreInst = "m_axi">   --->   Core 123 'm_axi' <Latency = 9> <II = 1> <Delay = 1.34> <Adapter> <Opcode : 'read' 'write' 'readreq' 'writereq' 'writeresp'>
ST_75 : Operation 198 [1/1] (0.00ns)   --->   "%br_ln27 = br void %for.inc.split" [pl_kernels/mm2s.cpp:27]   --->   Operation 198 'br' 'br_ln27' <Predicate = (first_iter_0)> <Delay = 0.00>

State 76 <SV = 75> <Delay = 1.48>
ST_76 : Operation 199 [1/1] (0.00ns)   --->   "%muxLogicCE_to_x_data = muxlogic"   --->   Operation 199 'muxlogic' 'muxLogicCE_to_x_data' <Predicate = (icmp_ln27_1)> <Delay = 0.00>
ST_76 : Operation 200 [1/1] (0.81ns)   --->   "%x_data = read i32 @_ssdm_op_Read.m_axi.p1i32, i32 %gmem_addr" [pl_kernels/mm2s.cpp:30]   --->   Operation 200 'read' 'x_data' <Predicate = (icmp_ln27_1)> <Delay = 0.81> <CoreInst = "m_axi">   --->   Core 123 'm_axi' <Latency = 9> <II = 1> <Delay = 1.34> <Adapter> <Opcode : 'read' 'write' 'readreq' 'writereq' 'writeresp'>
ST_76 : Operation 201 [1/1] (0.00ns)   --->   "%muxLogicData_to_write_ln31 = muxlogic i4 %s_V_keep_V"   --->   Operation 201 'muxlogic' 'muxLogicData_to_write_ln31' <Predicate = (icmp_ln27_1)> <Delay = 0.00>
ST_76 : Operation 202 [2/2] (0.67ns)   --->   "%write_ln31 = write void @_ssdm_op_Write.axis.volatile.i32P0A.i4P0A.i4P0A.i1P0A, i32 %s_V_data_V, i4 %s_V_keep_V, i4 %s_V_strb_V, i1 %s_V_last_V, i32 %x_data, i4 0, i4 0, i1 0" [pl_kernels/mm2s.cpp:31]   --->   Operation 202 'write' 'write_ln31' <Predicate = (icmp_ln27_1)> <Delay = 0.67> <CoreInst = "regslice">   --->   Core 159 'regslice' <Latency = 0> <II = 1> <Delay = 0.76> <Adapter> <Opcode : 'read' 'write'>
ST_76 : Operation 206 [1/1] (0.38ns)   --->   "%ret_ln33 = ret" [pl_kernels/mm2s.cpp:33]   --->   Operation 206 'ret' 'ret_ln33' <Predicate = (!icmp_ln27_1)> <Delay = 0.38>

State 77 <SV = 76> <Delay = 0.67>
ST_77 : Operation 203 [1/1] (0.00ns)   --->   "%specpipeline_ln28 = specpipeline void @_ssdm_op_SpecPipeline, i32 1, i32 0, i32 0, i32 0, void @empty_3" [pl_kernels/mm2s.cpp:28]   --->   Operation 203 'specpipeline' 'specpipeline_ln28' <Predicate = (icmp_ln27_1)> <Delay = 0.00>
ST_77 : Operation 204 [1/1] (0.00ns)   --->   "%specloopname_ln27 = specloopname void @_ssdm_op_SpecLoopName, void @empty_10" [pl_kernels/mm2s.cpp:27]   --->   Operation 204 'specloopname' 'specloopname_ln27' <Predicate = (icmp_ln27_1)> <Delay = 0.00>
ST_77 : Operation 205 [1/2] (0.67ns)   --->   "%write_ln31 = write void @_ssdm_op_Write.axis.volatile.i32P0A.i4P0A.i4P0A.i1P0A, i32 %s_V_data_V, i4 %s_V_keep_V, i4 %s_V_strb_V, i1 %s_V_last_V, i32 %x_data, i4 0, i4 0, i1 0" [pl_kernels/mm2s.cpp:31]   --->   Operation 205 'write' 'write_ln31' <Predicate = (icmp_ln27_1)> <Delay = 0.67> <CoreInst = "regslice">   --->   Core 159 'regslice' <Latency = 0> <II = 1> <Delay = 0.76> <Adapter> <Opcode : 'read' 'write'>


============================================================
+ Verbose Summary: Binding
============================================================
STG Binding: 
---------------- STG Properties BEGIN ----------------
- Is combinational: 0
- Is one-state seq: 0
- Is datapath-only: 0
- Is pipelined: 0
- Is top level: 1
Port [ Return ] is wired: 1; IO mode=ap_ctrl_chain:ce=0
Port [ gmem]:  wired=1; compound=1; hidden=0; nouse=0; global=0; static=0; extern=0; dir=0; type=4; pingpong=0; private_global=0; IO mode=m_axi:ce=0
Port [ mem]:  wired=1; compound=0; hidden=0; nouse=0; global=0; static=0; extern=0; dir=0; type=0; pingpong=0; private_global=0; IO mode=ap_none:ce=0
Port [ s_V_data_V]:  wired=1; compound=1; hidden=0; nouse=0; global=0; static=0; extern=0; dir=1; type=0; pingpong=0; private_global=0; IO mode=axis:ce=0
Port [ s_V_keep_V]:  wired=1; compound=1; hidden=0; nouse=0; global=0; static=0; extern=0; dir=1; type=0; pingpong=0; private_global=0; IO mode=axis:ce=0
Port [ s_V_strb_V]:  wired=1; compound=1; hidden=0; nouse=0; global=0; static=0; extern=0; dir=1; type=0; pingpong=0; private_global=0; IO mode=axis:ce=0
Port [ s_V_last_V]:  wired=1; compound=1; hidden=0; nouse=0; global=0; static=0; extern=0; dir=1; type=0; pingpong=0; private_global=0; IO mode=axis:ce=0
Port [ size]:  wired=1; compound=0; hidden=0; nouse=0; global=0; static=0; extern=0; dir=0; type=0; pingpong=0; private_global=0; IO mode=ap_none:ce=0
---------------- STG Properties END ------------------

---------------- Datapath Model BEGIN ----------------

<LifeTime>
<method=bitvector/>
i                          (alloca             ) [ 010000000000000000000000000000000000000000000000000000000000000000000000000000]
spectopmodule_ln14         (spectopmodule      ) [ 000000000000000000000000000000000000000000000000000000000000000000000000000000]
specinterface_ln14         (specinterface      ) [ 000000000000000000000000000000000000000000000000000000000000000000000000000000]
specinterface_ln0          (specinterface      ) [ 000000000000000000000000000000000000000000000000000000000000000000000000000000]
specbitsmap_ln0            (specbitsmap        ) [ 000000000000000000000000000000000000000000000000000000000000000000000000000000]
specinterface_ln0          (specinterface      ) [ 000000000000000000000000000000000000000000000000000000000000000000000000000000]
specinterface_ln0          (specinterface      ) [ 000000000000000000000000000000000000000000000000000000000000000000000000000000]
specinterface_ln0          (specinterface      ) [ 000000000000000000000000000000000000000000000000000000000000000000000000000000]
specbitsmap_ln0            (specbitsmap        ) [ 000000000000000000000000000000000000000000000000000000000000000000000000000000]
specbitsmap_ln0            (specbitsmap        ) [ 000000000000000000000000000000000000000000000000000000000000000000000000000000]
specbitsmap_ln0            (specbitsmap        ) [ 000000000000000000000000000000000000000000000000000000000000000000000000000000]
specbitsmap_ln0            (specbitsmap        ) [ 000000000000000000000000000000000000000000000000000000000000000000000000000000]
specbitsmap_ln0            (specbitsmap        ) [ 000000000000000000000000000000000000000000000000000000000000000000000000000000]
specinterface_ln0          (specinterface      ) [ 000000000000000000000000000000000000000000000000000000000000000000000000000000]
specinterface_ln0          (specinterface      ) [ 000000000000000000000000000000000000000000000000000000000000000000000000000000]
specinterface_ln0          (specinterface      ) [ 000000000000000000000000000000000000000000000000000000000000000000000000000000]
muxLogicCE_to_size_read    (muxlogic           ) [ 000000000000000000000000000000000000000000000000000000000000000000000000000000]
size_read                  (read               ) [ 000000000000000000000000000000000000000000000000000000000000000000000000000000]
muxLogicCE_to_mem_read     (muxlogic           ) [ 000000000000000000000000000000000000000000000000000000000000000000000000000000]
mem_read                   (read               ) [ 011000000000000000000000000000000000000000000000000000000000000000000000000000]
icmp_ln27                  (icmp               ) [ 000000000000000000000000000000000000000000000000000000000000000000000000000000]
specaxissidechannel_ln27   (specaxissidechannel) [ 000000000000000000000000000000000000000000000000000000000000000000000000000000]
trunc_ln27                 (trunc              ) [ 000000000000000000000000000000000000000000000000000000000000000000000000000000]
empty                      (select             ) [ 000000000000000000000000000000000000000000000000000000000000000000000000000000]
zext_ln27                  (zext               ) [ 011111111111111111111111111111111111111111111111111111111111111111111111111100]
muxLogicData_to_store_ln0  (muxlogic           ) [ 000000000000000000000000000000000000000000000000000000000000000000000000000000]
muxLogicAddr_to_store_ln0  (muxlogic           ) [ 000000000000000000000000000000000000000000000000000000000000000000000000000000]
store_ln0                  (store              ) [ 000000000000000000000000000000000000000000000000000000000000000000000000000000]
br_ln27                    (br                 ) [ 000000000000000000000000000000000000000000000000000000000000000000000000000000]
first_iter_0               (phi                ) [ 011111111111111111111111111111111111111111111111111111111111111111111111111100]
MuxLogicAddr_to_i_load     (muxlogic           ) [ 000000000000000000000000000000000000000000000000000000000000000000000000000000]
i_load                     (load               ) [ 000000000000000000000000000000000000000000000000000000000000000000000000000000]
i_cast                     (zext               ) [ 000000000000000000000000000000000000000000000000000000000000000000000000000000]
icmp_ln27_1                (icmp               ) [ 011111111111111111111111111111111111111111111111111111111111111111111111111111]
br_ln27                    (br                 ) [ 000000000000000000000000000000000000000000000000000000000000000000000000000000]
br_ln27                    (br                 ) [ 000000000000000000000000000000000000000000000000000000000000000000000000000000]
add_ln27                   (add                ) [ 000000000000000000000000000000000000000000000000000000000000000000000000000000]
muxLogicData_to_store_ln27 (muxlogic           ) [ 000000000000000000000000000000000000000000000000000000000000000000000000000000]
muxLogicAddr_to_store_ln27 (muxlogic           ) [ 000000000000000000000000000000000000000000000000000000000000000000000000000000]
store_ln27                 (store              ) [ 000000000000000000000000000000000000000000000000000000000000000000000000000000]
br_ln27                    (br                 ) [ 010000000000000000000000000000000000000000000000000000000000000000000000000000]
trunc_ln                   (partselect         ) [ 000000000000000000000000000000000000000000000000000000000000000000000000000000]
sext_ln27                  (sext               ) [ 000000000000000000000000000000000000000000000000000000000000000000000000000000]
gmem_addr                  (getelementptr      ) [ 010111111111111111111111111111111111111111111111111111111111111111111111111110]
empty_20                   (readreq            ) [ 000000000000000000000000000000000000000000000000000000000000000000000000000000]
br_ln27                    (br                 ) [ 000000000000000000000000000000000000000000000000000000000000000000000000000000]
muxLogicCE_to_x_data       (muxlogic           ) [ 000000000000000000000000000000000000000000000000000000000000000000000000000000]
x_data                     (read               ) [ 010000000000000000000000000000000000000000000000000000000000000000000000000001]
muxLogicData_to_write_ln31 (muxlogic           ) [ 000000000000000000000000000000000000000000000000000000000000000000000000000000]
specpipeline_ln28          (specpipeline       ) [ 000000000000000000000000000000000000000000000000000000000000000000000000000000]
specloopname_ln27          (specloopname       ) [ 000000000000000000000000000000000000000000000000000000000000000000000000000000]
write_ln31                 (write              ) [ 000000000000000000000000000000000000000000000000000000000000000000000000000000]
ret_ln33                   (ret                ) [ 000000000000000000000000000000000000000000000000000000000000000000000000000000]
</LifeTime>

<model>

<comp_list>
<comp id="0" class="1000" name="gmem">
<pin_list>
<pin id="1" dir="1" index="0" bw="1" slack="0"/>
</pin_list>
<bind>
<StgValue><ssdm name="gmem"/></StgValue>
</bind>
</comp>

<comp id="2" class="1000" name="mem">
<pin_list>
<pin id="3" dir="1" index="0" bw="1" slack="0"/>
</pin_list>
<bind>
<StgValue><ssdm name="mem"/></StgValue>
</bind>
</comp>

<comp id="4" class="1000" name="s_V_data_V">
<pin_list>
<pin id="5" dir="1" index="0" bw="1" slack="0"/>
</pin_list>
<bind>
<StgValue><ssdm name="s_V_data_V"/></StgValue>
</bind>
</comp>

<comp id="6" class="1000" name="s_V_keep_V">
<pin_list>
<pin id="7" dir="1" index="0" bw="1" slack="0"/>
</pin_list>
<bind>
<StgValue><ssdm name="s_V_keep_V"/></StgValue>
</bind>
</comp>

<comp id="8" class="1000" name="s_V_strb_V">
<pin_list>
<pin id="9" dir="1" index="0" bw="1" slack="0"/>
</pin_list>
<bind>
<StgValue><ssdm name="s_V_strb_V"/></StgValue>
</bind>
</comp>

<comp id="10" class="1000" name="s_V_last_V">
<pin_list>
<pin id="11" dir="1" index="0" bw="1" slack="0"/>
</pin_list>
<bind>
<StgValue><ssdm name="s_V_last_V"/></StgValue>
</bind>
</comp>

<comp id="12" class="1000" name="size">
<pin_list>
<pin id="13" dir="1" index="0" bw="1" slack="0"/>
</pin_list>
<bind>
<StgValue><ssdm name="size"/></StgValue>
</bind>
</comp>

<comp id="14" class="1001" name="const_14">
<pin_list>
<pin id="15" dir="1" index="0" bw="1" slack="0"/>
</pin_list>
<bind>
<StgValue><ssdm name=""/></StgValue>
</bind>
</comp>

<comp id="16" class="1001" name="const_16">
<pin_list>
<pin id="17" dir="1" index="0" bw="1" slack="2147483647"/>
</pin_list>
<bind>
<StgValue><ssdm name="_ssdm_op_SpecTopModule"/></StgValue>
</bind>
</comp>

<comp id="18" class="1001" name="const_18">
<pin_list>
<pin id="19" dir="1" index="0" bw="1" slack="2147483647"/>
</pin_list>
<bind>
<StgValue><ssdm name="empty_9"/></StgValue>
</bind>
</comp>

<comp id="20" class="1001" name="const_20">
<pin_list>
<pin id="21" dir="1" index="0" bw="1" slack="2147483647"/>
</pin_list>
<bind>
<StgValue><ssdm name="_ssdm_op_SpecInterface"/></StgValue>
</bind>
</comp>

<comp id="22" class="1001" name="const_22">
<pin_list>
<pin id="23" dir="1" index="0" bw="1" slack="0"/>
</pin_list>
<bind>
<StgValue><ssdm name=""/></StgValue>
</bind>
</comp>

<comp id="24" class="1001" name="const_24">
<pin_list>
<pin id="25" dir="1" index="0" bw="1" slack="2147483647"/>
</pin_list>
<bind>
<StgValue><ssdm name="empty_0"/></StgValue>
</bind>
</comp>

<comp id="26" class="1001" name="const_26">
<pin_list>
<pin id="27" dir="1" index="0" bw="1" slack="2147483647"/>
</pin_list>
<bind>
<StgValue><ssdm name="empty_3"/></StgValue>
</bind>
</comp>

<comp id="28" class="1001" name="const_28">
<pin_list>
<pin id="29" dir="1" index="0" bw="1" slack="2147483647"/>
</pin_list>
<bind>
<StgValue><ssdm name=""/></StgValue>
</bind>
</comp>

<comp id="30" class="1001" name="const_30">
<pin_list>
<pin id="31" dir="1" index="0" bw="1" slack="2147483647"/>
</pin_list>
<bind>
<StgValue><ssdm name="empty_2"/></StgValue>
</bind>
</comp>

<comp id="32" class="1001" name="const_32">
<pin_list>
<pin id="33" dir="1" index="0" bw="1" slack="2147483647"/>
</pin_list>
<bind>
<StgValue><ssdm name=""/></StgValue>
</bind>
</comp>

<comp id="34" class="1001" name="const_34">
<pin_list>
<pin id="35" dir="1" index="0" bw="1" slack="2147483647"/>
</pin_list>
<bind>
<StgValue><ssdm name="empty_4"/></StgValue>
</bind>
</comp>

<comp id="36" class="1001" name="const_36">
<pin_list>
<pin id="37" dir="1" index="0" bw="1" slack="2147483647"/>
</pin_list>
<bind>
<StgValue><ssdm name="empty_5"/></StgValue>
</bind>
</comp>

<comp id="38" class="1001" name="const_38">
<pin_list>
<pin id="39" dir="1" index="0" bw="1" slack="2147483647"/>
</pin_list>
<bind>
<StgValue><ssdm name=""/></StgValue>
</bind>
</comp>

<comp id="40" class="1001" name="const_40">
<pin_list>
<pin id="41" dir="1" index="0" bw="1" slack="2147483647"/>
</pin_list>
<bind>
<StgValue><ssdm name="_ssdm_op_SpecBitsMap"/></StgValue>
</bind>
</comp>

<comp id="42" class="1001" name="const_42">
<pin_list>
<pin id="43" dir="1" index="0" bw="1" slack="2147483647"/>
</pin_list>
<bind>
<StgValue><ssdm name="empty_6"/></StgValue>
</bind>
</comp>

<comp id="44" class="1001" name="const_44">
<pin_list>
<pin id="45" dir="1" index="0" bw="1" slack="2147483647"/>
</pin_list>
<bind>
<StgValue><ssdm name="empty"/></StgValue>
</bind>
</comp>

<comp id="46" class="1001" name="const_46">
<pin_list>
<pin id="47" dir="1" index="0" bw="1" slack="2147483647"/>
</pin_list>
<bind>
<StgValue><ssdm name="empty_1"/></StgValue>
</bind>
</comp>

<comp id="48" class="1001" name="const_48">
<pin_list>
<pin id="49" dir="1" index="0" bw="1" slack="2147483647"/>
</pin_list>
<bind>
<StgValue><ssdm name="empty_8"/></StgValue>
</bind>
</comp>

<comp id="50" class="1001" name="const_50">
<pin_list>
<pin id="51" dir="1" index="0" bw="1" slack="2147483647"/>
</pin_list>
<bind>
<StgValue><ssdm name="empty_11"/></StgValue>
</bind>
</comp>

<comp id="52" class="1001" name="const_52">
<pin_list>
<pin id="53" dir="1" index="0" bw="1" slack="2147483647"/>
</pin_list>
<bind>
<StgValue><ssdm name="empty_12"/></StgValue>
</bind>
</comp>

<comp id="54" class="1001" name="const_54">
<pin_list>
<pin id="55" dir="1" index="0" bw="1" slack="2147483647"/>
</pin_list>
<bind>
<StgValue><ssdm name="empty_13"/></StgValue>
</bind>
</comp>

<comp id="56" class="1001" name="const_56">
<pin_list>
<pin id="57" dir="1" index="0" bw="1" slack="2147483647"/>
</pin_list>
<bind>
<StgValue><ssdm name="empty_14"/></StgValue>
</bind>
</comp>

<comp id="58" class="1001" name="const_58">
<pin_list>
<pin id="59" dir="1" index="0" bw="1" slack="2147483647"/>
</pin_list>
<bind>
<StgValue><ssdm name="empty_15"/></StgValue>
</bind>
</comp>

<comp id="60" class="1001" name="const_60">
<pin_list>
<pin id="61" dir="1" index="0" bw="1" slack="0"/>
</pin_list>
<bind>
<StgValue><ssdm name="_ssdm_op_Read.ap_none.i32"/></StgValue>
</bind>
</comp>

<comp id="62" class="1001" name="const_62">
<pin_list>
<pin id="63" dir="1" index="0" bw="1" slack="0"/>
</pin_list>
<bind>
<StgValue><ssdm name="_ssdm_op_Read.s_axilite.i64"/></StgValue>
</bind>
</comp>

<comp id="64" class="1001" name="const_64">
<pin_list>
<pin id="65" dir="1" index="0" bw="1" slack="2147483647"/>
</pin_list>
<bind>
<StgValue><ssdm name="_ssdm_op_SpecAXISSideChannel"/></StgValue>
</bind>
</comp>

<comp id="66" class="1001" name="const_66">
<pin_list>
<pin id="67" dir="1" index="0" bw="1" slack="2147483647"/>
</pin_list>
<bind>
<StgValue><ssdm name=""/></StgValue>
</bind>
</comp>

<comp id="68" class="1001" name="const_68">
<pin_list>
<pin id="69" dir="1" index="0" bw="1" slack="2147483647"/>
</pin_list>
<bind>
<StgValue><ssdm name="empty_7"/></StgValue>
</bind>
</comp>

<comp id="70" class="1001" name="const_70">
<pin_list>
<pin id="71" dir="1" index="0" bw="1" slack="0"/>
</pin_list>
<bind>
<StgValue><ssdm name=""/></StgValue>
</bind>
</comp>

<comp id="72" class="1001" name="const_72">
<pin_list>
<pin id="73" dir="1" index="0" bw="1" slack="0"/>
</pin_list>
<bind>
<StgValue><ssdm name=""/></StgValue>
</bind>
</comp>

<comp id="74" class="1001" name="const_74">
<pin_list>
<pin id="75" dir="1" index="0" bw="1" slack="0"/>
</pin_list>
<bind>
<StgValue><ssdm name=""/></StgValue>
</bind>
</comp>

<comp id="76" class="1001" name="const_76">
<pin_list>
<pin id="77" dir="1" index="0" bw="1" slack="0"/>
</pin_list>
<bind>
<StgValue><ssdm name=""/></StgValue>
</bind>
</comp>

<comp id="78" class="1001" name="const_78">
<pin_list>
<pin id="79" dir="1" index="0" bw="1" slack="0"/>
</pin_list>
<bind>
<StgValue><ssdm name="_ssdm_op_PartSelect.i62.i64.i32.i32"/></StgValue>
</bind>
</comp>

<comp id="80" class="1001" name="const_80">
<pin_list>
<pin id="81" dir="1" index="0" bw="1" slack="0"/>
</pin_list>
<bind>
<StgValue><ssdm name=""/></StgValue>
</bind>
</comp>

<comp id="82" class="1001" name="const_82">
<pin_list>
<pin id="83" dir="1" index="0" bw="1" slack="0"/>
</pin_list>
<bind>
<StgValue><ssdm name=""/></StgValue>
</bind>
</comp>

<comp id="84" class="1001" name="const_84">
<pin_list>
<pin id="85" dir="1" index="0" bw="1" slack="0"/>
</pin_list>
<bind>
<StgValue><ssdm name="_ssdm_op_ReadReq.m_axi.p1i32"/></StgValue>
</bind>
</comp>

<comp id="86" class="1001" name="const_86">
<pin_list>
<pin id="87" dir="1" index="0" bw="1" slack="0"/>
</pin_list>
<bind>
<StgValue><ssdm name="_ssdm_op_Read.m_axi.p1i32"/></StgValue>
</bind>
</comp>

<comp id="88" class="1001" name="const_88">
<pin_list>
<pin id="89" dir="1" index="0" bw="1" slack="0"/>
</pin_list>
<bind>
<StgValue><ssdm name="_ssdm_op_Write.axis.volatile.i32P0A.i4P0A.i4P0A.i1P0A"/></StgValue>
</bind>
</comp>

<comp id="90" class="1001" name="const_90">
<pin_list>
<pin id="91" dir="1" index="0" bw="1" slack="0"/>
</pin_list>
<bind>
<StgValue><ssdm name=""/></StgValue>
</bind>
</comp>

<comp id="92" class="1001" name="const_92">
<pin_list>
<pin id="93" dir="1" index="0" bw="1" slack="0"/>
</pin_list>
<bind>
<StgValue><ssdm name=""/></StgValue>
</bind>
</comp>

<comp id="94" class="1001" name="const_94">
<pin_list>
<pin id="95" dir="1" index="0" bw="1" slack="2147483647"/>
</pin_list>
<bind>
<StgValue><ssdm name="_ssdm_op_SpecPipeline"/></StgValue>
</bind>
</comp>

<comp id="96" class="1001" name="const_96">
<pin_list>
<pin id="97" dir="1" index="0" bw="1" slack="2147483647"/>
</pin_list>
<bind>
<StgValue><ssdm name="_ssdm_op_SpecLoopName"/></StgValue>
</bind>
</comp>

<comp id="98" class="1001" name="const_98">
<pin_list>
<pin id="99" dir="1" index="0" bw="1" slack="2147483647"/>
</pin_list>
<bind>
<StgValue><ssdm name="empty_10"/></StgValue>
</bind>
</comp>

<comp id="100" class="1004" name="i_fu_100">
<pin_list>
<pin id="101" dir="0" index="0" bw="1" slack="0"/>
<pin id="102" dir="1" index="1" bw="31" slack="0"/>
</pin_list>
<bind>
<opcode="alloca(26) " fcode="alloca"/>
<opset="i/1 "/>
</bind>
</comp>

<comp id="104" class="1004" name="size_read_read_fu_104">
<pin_list>
<pin id="105" dir="0" index="0" bw="32" slack="0"/>
<pin id="106" dir="0" index="1" bw="32" slack="0"/>
<pin id="107" dir="1" index="2" bw="32" slack="0"/>
</pin_list>
<bind>
<opcode="read(1150) " fcode="read"/>
<opset="size_read/1 "/>
</bind>
</comp>

<comp id="110" class="1004" name="mem_read_read_fu_110">
<pin_list>
<pin id="111" dir="0" index="0" bw="64" slack="0"/>
<pin id="112" dir="0" index="1" bw="64" slack="0"/>
<pin id="113" dir="1" index="2" bw="64" slack="1"/>
</pin_list>
<bind>
<opcode="read(1150) " fcode="read"/>
<opset="mem_read/1 "/>
</bind>
</comp>

<comp id="116" class="1004" name="grp_readreq_fu_116">
<pin_list>
<pin id="117" dir="0" index="0" bw="1" slack="0"/>
<pin id="118" dir="0" index="1" bw="32" slack="0"/>
<pin id="119" dir="0" index="2" bw="31" slack="1"/>
<pin id="120" dir="1" index="3" bw="1" slack="2147483647"/>
</pin_list>
<bind>
<opcode="readreq(1154) " fcode="readreq"/>
<opset="empty_20/2 "/>
</bind>
</comp>

<comp id="122" class="1004" name="x_data_read_fu_122">
<pin_list>
<pin id="123" dir="0" index="0" bw="32" slack="0"/>
<pin id="124" dir="0" index="1" bw="32" slack="74"/>
<pin id="125" dir="1" index="2" bw="32" slack="0"/>
</pin_list>
<bind>
<opcode="read(1150) " fcode="read"/>
<opset="x_data/76 "/>
</bind>
</comp>

<comp id="127" class="1004" name="grp_write_fu_127">
<pin_list>
<pin id="128" dir="0" index="0" bw="0" slack="0"/>
<pin id="129" dir="0" index="1" bw="32" slack="0"/>
<pin id="130" dir="0" index="2" bw="4" slack="0"/>
<pin id="131" dir="0" index="3" bw="4" slack="0"/>
<pin id="132" dir="0" index="4" bw="1" slack="0"/>
<pin id="133" dir="0" index="5" bw="32" slack="0"/>
<pin id="134" dir="0" index="6" bw="1" slack="0"/>
<pin id="135" dir="0" index="7" bw="1" slack="0"/>
<pin id="136" dir="0" index="8" bw="1" slack="0"/>
<pin id="137" dir="1" index="9" bw="0" slack="2147483647"/>
</pin_list>
<bind>
<opcode="write(1151) " fcode="write"/>
<opset="write_ln31/76 "/>
</bind>
</comp>

<comp id="147" class="1005" name="first_iter_0_reg_147">
<pin_list>
<pin id="148" dir="0" index="0" bw="1" slack="1"/>
<pin id="149" dir="1" index="1" bw="1" slack="2147483647"/>
</pin_list>
<bind>
<opset="first_iter_0 (phireg) "/>
</bind>
</comp>

<comp id="150" class="1004" name="first_iter_0_phi_fu_150">
<pin_list>
<pin id="151" dir="0" index="0" bw="1" slack="0"/>
<pin id="152" dir="0" index="1" bw="0" slack="2147483647"/>
<pin id="153" dir="0" index="2" bw="1" slack="0"/>
<pin id="154" dir="0" index="3" bw="0" slack="2147483647"/>
<pin id="155" dir="1" index="4" bw="1" slack="1"/>
</pin_list>
<bind>
<opcode="phi(47) " fcode="phi"/>
<opset="first_iter_0/1 "/>
</bind>
</comp>

<comp id="159" class="1004" name="muxLogicCE_to_size_read_fu_159">
<pin_list>
<pin id="160" dir="1" index="0" bw="32" slack="2147483647"/>
</pin_list>
<bind>
<opcode="muxlogic(592) " fcode="muxlogic"/>
<opset="muxLogicCE_to_size_read/1 "/>
</bind>
</comp>

<comp id="161" class="1004" name="muxLogicCE_to_mem_read_fu_161">
<pin_list>
<pin id="162" dir="1" index="0" bw="64" slack="2147483647"/>
</pin_list>
<bind>
<opcode="muxlogic(592) " fcode="muxlogic"/>
<opset="muxLogicCE_to_mem_read/1 "/>
</bind>
</comp>

<comp id="163" class="1004" name="icmp_ln27_fu_163">
<pin_list>
<pin id="164" dir="0" index="0" bw="32" slack="0"/>
<pin id="165" dir="0" index="1" bw="1" slack="0"/>
<pin id="166" dir="1" index="2" bw="1" slack="0"/>
</pin_list>
<bind>
<opcode="icmp(45) " fcode="icmp"/>
<opset="icmp_ln27/1 "/>
</bind>
</comp>

<comp id="169" class="1004" name="trunc_ln27_fu_169">
<pin_list>
<pin id="170" dir="0" index="0" bw="32" slack="0"/>
<pin id="171" dir="1" index="1" bw="31" slack="0"/>
</pin_list>
<bind>
<opcode="trunc(33) " fcode="trunc"/>
<opset="trunc_ln27/1 "/>
</bind>
</comp>

<comp id="173" class="1004" name="empty_fu_173">
<pin_list>
<pin id="174" dir="0" index="0" bw="1" slack="0"/>
<pin id="175" dir="0" index="1" bw="31" slack="0"/>
<pin id="176" dir="0" index="2" bw="1" slack="0"/>
<pin id="177" dir="1" index="3" bw="31" slack="0"/>
</pin_list>
<bind>
<opcode="select(49) " fcode="select"/>
<opset="empty/1 "/>
</bind>
</comp>

<comp id="181" class="1004" name="zext_ln27_fu_181">
<pin_list>
<pin id="182" dir="0" index="0" bw="31" slack="0"/>
<pin id="183" dir="1" index="1" bw="64" slack="1"/>
</pin_list>
<bind>
<opcode="zext(34) " fcode="zext"/>
<opset="zext_ln27/1 "/>
</bind>
</comp>

<comp id="185" class="1004" name="muxLogicData_to_store_ln0_fu_185">
<pin_list>
<pin id="186" dir="0" index="0" bw="1" slack="0"/>
<pin id="187" dir="1" index="1" bw="0" slack="2147483647"/>
</pin_list>
<bind>
<opcode="muxlogic(592) " fcode="muxlogic"/>
<opset="muxLogicData_to_store_ln0/1 "/>
</bind>
</comp>

<comp id="189" class="1004" name="muxLogicAddr_to_store_ln0_fu_189">
<pin_list>
<pin id="190" dir="0" index="0" bw="31" slack="0"/>
<pin id="191" dir="1" index="1" bw="0" slack="2147483647"/>
</pin_list>
<bind>
<opcode="muxlogic(592) " fcode="muxlogic"/>
<opset="muxLogicAddr_to_store_ln0/1 "/>
</bind>
</comp>

<comp id="192" class="1004" name="store_ln0_store_fu_192">
<pin_list>
<pin id="193" dir="0" index="0" bw="1" slack="0"/>
<pin id="194" dir="0" index="1" bw="31" slack="0"/>
<pin id="195" dir="1" index="2" bw="0" slack="2147483647"/>
</pin_list>
<bind>
<opcode="store(28) " fcode="store"/>
<opset="store_ln0/1 "/>
</bind>
</comp>

<comp id="197" class="1004" name="MuxLogicAddr_to_i_load_fu_197">
<pin_list>
<pin id="198" dir="0" index="0" bw="31" slack="0"/>
<pin id="199" dir="1" index="1" bw="31" slack="2147483647"/>
</pin_list>
<bind>
<opcode="muxlogic(592) " fcode="muxlogic"/>
<opset="MuxLogicAddr_to_i_load/1 "/>
</bind>
</comp>

<comp id="200" class="1004" name="i_load_load_fu_200">
<pin_list>
<pin id="201" dir="0" index="0" bw="31" slack="0"/>
<pin id="202" dir="1" index="1" bw="31" slack="0"/>
</pin_list>
<bind>
<opcode="load(27) " fcode="load"/>
<opset="i_load/1 "/>
</bind>
</comp>

<comp id="203" class="1004" name="i_cast_fu_203">
<pin_list>
<pin id="204" dir="0" index="0" bw="31" slack="0"/>
<pin id="205" dir="1" index="1" bw="32" slack="0"/>
</pin_list>
<bind>
<opcode="zext(34) " fcode="zext"/>
<opset="i_cast/1 "/>
</bind>
</comp>

<comp id="207" class="1004" name="icmp_ln27_1_fu_207">
<pin_list>
<pin id="208" dir="0" index="0" bw="31" slack="0"/>
<pin id="209" dir="0" index="1" bw="32" slack="0"/>
<pin id="210" dir="1" index="2" bw="1" slack="1"/>
</pin_list>
<bind>
<opcode="icmp(45) " fcode="icmp"/>
<opset="icmp_ln27_1/1 "/>
</bind>
</comp>

<comp id="213" class="1004" name="add_ln27_fu_213">
<pin_list>
<pin id="214" dir="0" index="0" bw="31" slack="0"/>
<pin id="215" dir="0" index="1" bw="1" slack="0"/>
<pin id="216" dir="1" index="2" bw="31" slack="0"/>
</pin_list>
<bind>
<opcode="add(8) " fcode="add"/>
<opset="add_ln27/1 "/>
</bind>
</comp>

<comp id="219" class="1004" name="muxLogicData_to_store_ln27_fu_219">
<pin_list>
<pin id="220" dir="0" index="0" bw="31" slack="0"/>
<pin id="221" dir="1" index="1" bw="0" slack="2147483647"/>
</pin_list>
<bind>
<opcode="muxlogic(592) " fcode="muxlogic"/>
<opset="muxLogicData_to_store_ln27/1 "/>
</bind>
</comp>

<comp id="223" class="1004" name="muxLogicAddr_to_store_ln27_fu_223">
<pin_list>
<pin id="224" dir="0" index="0" bw="31" slack="0"/>
<pin id="225" dir="1" index="1" bw="0" slack="2147483647"/>
</pin_list>
<bind>
<opcode="muxlogic(592) " fcode="muxlogic"/>
<opset="muxLogicAddr_to_store_ln27/1 "/>
</bind>
</comp>

<comp id="226" class="1004" name="store_ln27_store_fu_226">
<pin_list>
<pin id="227" dir="0" index="0" bw="31" slack="0"/>
<pin id="228" dir="0" index="1" bw="31" slack="0"/>
<pin id="229" dir="1" index="2" bw="0" slack="2147483647"/>
</pin_list>
<bind>
<opcode="store(28) " fcode="store"/>
<opset="store_ln27/1 "/>
</bind>
</comp>

<comp id="231" class="1004" name="trunc_ln_fu_231">
<pin_list>
<pin id="232" dir="0" index="0" bw="62" slack="0"/>
<pin id="233" dir="0" index="1" bw="64" slack="1"/>
<pin id="234" dir="0" index="2" bw="3" slack="0"/>
<pin id="235" dir="0" index="3" bw="7" slack="0"/>
<pin id="236" dir="1" index="4" bw="62" slack="0"/>
</pin_list>
<bind>
<opcode="partselect(1002) " fcode="partselect"/>
<opset="trunc_ln/2 "/>
</bind>
</comp>

<comp id="240" class="1004" name="sext_ln27_fu_240">
<pin_list>
<pin id="241" dir="0" index="0" bw="62" slack="0"/>
<pin id="242" dir="1" index="1" bw="64" slack="0"/>
</pin_list>
<bind>
<opcode="sext(35) " fcode="sext"/>
<opset="sext_ln27/2 "/>
</bind>
</comp>

<comp id="244" class="1004" name="gmem_addr_fu_244">
<pin_list>
<pin id="245" dir="0" index="0" bw="32" slack="0"/>
<pin id="246" dir="0" index="1" bw="62" slack="0"/>
<pin id="247" dir="1" index="2" bw="32" slack="0"/>
</pin_list>
<bind>
<opcode="getelementptr(29) " fcode="getelementptr"/>
<opset="gmem_addr/2 "/>
</bind>
</comp>

<comp id="251" class="1004" name="muxLogicCE_to_x_data_fu_251">
<pin_list>
<pin id="252" dir="1" index="0" bw="32" slack="2147483647"/>
</pin_list>
<bind>
<opcode="muxlogic(592) " fcode="muxlogic"/>
<opset="muxLogicCE_to_x_data/76 "/>
</bind>
</comp>

<comp id="253" class="1004" name="muxLogicData_to_write_ln31_fu_253">
<pin_list>
<pin id="254" dir="0" index="0" bw="4" slack="0"/>
<pin id="255" dir="1" index="1" bw="0" slack="2147483647"/>
</pin_list>
<bind>
<opcode="muxlogic(592) " fcode="muxlogic"/>
<opset="muxLogicData_to_write_ln31/76 "/>
</bind>
</comp>

<comp id="257" class="1005" name="i_reg_257">
<pin_list>
<pin id="258" dir="0" index="0" bw="31" slack="0"/>
<pin id="259" dir="1" index="1" bw="31" slack="0"/>
</pin_list>
<bind>
<opset="i "/>
</bind>
</comp>

<comp id="267" class="1005" name="mem_read_reg_267">
<pin_list>
<pin id="268" dir="0" index="0" bw="64" slack="1"/>
<pin id="269" dir="1" index="1" bw="64" slack="1"/>
</pin_list>
<bind>
<opset="mem_read "/>
</bind>
</comp>

<comp id="272" class="1005" name="zext_ln27_reg_272">
<pin_list>
<pin id="273" dir="0" index="0" bw="64" slack="1"/>
<pin id="274" dir="1" index="1" bw="64" slack="1"/>
</pin_list>
<bind>
<opset="zext_ln27 "/>
</bind>
</comp>

<comp id="277" class="1005" name="icmp_ln27_1_reg_277">
<pin_list>
<pin id="278" dir="0" index="0" bw="1" slack="1"/>
<pin id="279" dir="1" index="1" bw="1" slack="2147483647"/>
</pin_list>
<bind>
<opset="icmp_ln27_1 "/>
</bind>
</comp>

<comp id="281" class="1005" name="gmem_addr_reg_281">
<pin_list>
<pin id="282" dir="0" index="0" bw="32" slack="1"/>
<pin id="283" dir="1" index="1" bw="32" slack="1"/>
</pin_list>
<bind>
<opset="gmem_addr "/>
</bind>
</comp>

<comp id="287" class="1005" name="x_data_reg_287">
<pin_list>
<pin id="288" dir="0" index="0" bw="32" slack="1"/>
<pin id="289" dir="1" index="1" bw="32" slack="1"/>
</pin_list>
<bind>
<opset="x_data "/>
</bind>
</comp>

</comp_list>

<net_list>
<net id="103"><net_src comp="14" pin="0"/><net_sink comp="100" pin=0"/></net>

<net id="108"><net_src comp="60" pin="0"/><net_sink comp="104" pin=0"/></net>

<net id="109"><net_src comp="12" pin="0"/><net_sink comp="104" pin=1"/></net>

<net id="114"><net_src comp="62" pin="0"/><net_sink comp="110" pin=0"/></net>

<net id="115"><net_src comp="2" pin="0"/><net_sink comp="110" pin=1"/></net>

<net id="121"><net_src comp="84" pin="0"/><net_sink comp="116" pin=0"/></net>

<net id="126"><net_src comp="86" pin="0"/><net_sink comp="122" pin=0"/></net>

<net id="138"><net_src comp="88" pin="0"/><net_sink comp="127" pin=0"/></net>

<net id="139"><net_src comp="4" pin="0"/><net_sink comp="127" pin=1"/></net>

<net id="140"><net_src comp="6" pin="0"/><net_sink comp="127" pin=2"/></net>

<net id="141"><net_src comp="8" pin="0"/><net_sink comp="127" pin=3"/></net>

<net id="142"><net_src comp="10" pin="0"/><net_sink comp="127" pin=4"/></net>

<net id="143"><net_src comp="122" pin="2"/><net_sink comp="127" pin=5"/></net>

<net id="144"><net_src comp="90" pin="0"/><net_sink comp="127" pin=6"/></net>

<net id="145"><net_src comp="90" pin="0"/><net_sink comp="127" pin=7"/></net>

<net id="146"><net_src comp="92" pin="0"/><net_sink comp="127" pin=8"/></net>

<net id="156"><net_src comp="72" pin="0"/><net_sink comp="150" pin=0"/></net>

<net id="157"><net_src comp="74" pin="0"/><net_sink comp="150" pin=2"/></net>

<net id="158"><net_src comp="150" pin="4"/><net_sink comp="147" pin=0"/></net>

<net id="167"><net_src comp="104" pin="2"/><net_sink comp="163" pin=0"/></net>

<net id="168"><net_src comp="22" pin="0"/><net_sink comp="163" pin=1"/></net>

<net id="172"><net_src comp="104" pin="2"/><net_sink comp="169" pin=0"/></net>

<net id="178"><net_src comp="163" pin="2"/><net_sink comp="173" pin=0"/></net>

<net id="179"><net_src comp="169" pin="1"/><net_sink comp="173" pin=1"/></net>

<net id="180"><net_src comp="70" pin="0"/><net_sink comp="173" pin=2"/></net>

<net id="184"><net_src comp="173" pin="3"/><net_sink comp="181" pin=0"/></net>

<net id="188"><net_src comp="70" pin="0"/><net_sink comp="185" pin=0"/></net>

<net id="196"><net_src comp="70" pin="0"/><net_sink comp="192" pin=0"/></net>

<net id="206"><net_src comp="200" pin="1"/><net_sink comp="203" pin=0"/></net>

<net id="211"><net_src comp="203" pin="1"/><net_sink comp="207" pin=0"/></net>

<net id="212"><net_src comp="104" pin="2"/><net_sink comp="207" pin=1"/></net>

<net id="217"><net_src comp="200" pin="1"/><net_sink comp="213" pin=0"/></net>

<net id="218"><net_src comp="76" pin="0"/><net_sink comp="213" pin=1"/></net>

<net id="222"><net_src comp="213" pin="2"/><net_sink comp="219" pin=0"/></net>

<net id="230"><net_src comp="213" pin="2"/><net_sink comp="226" pin=0"/></net>

<net id="237"><net_src comp="78" pin="0"/><net_sink comp="231" pin=0"/></net>

<net id="238"><net_src comp="80" pin="0"/><net_sink comp="231" pin=2"/></net>

<net id="239"><net_src comp="82" pin="0"/><net_sink comp="231" pin=3"/></net>

<net id="243"><net_src comp="231" pin="4"/><net_sink comp="240" pin=0"/></net>

<net id="248"><net_src comp="0" pin="0"/><net_sink comp="244" pin=0"/></net>

<net id="249"><net_src comp="240" pin="1"/><net_sink comp="244" pin=1"/></net>

<net id="250"><net_src comp="244" pin="2"/><net_sink comp="116" pin=1"/></net>

<net id="256"><net_src comp="6" pin="0"/><net_sink comp="253" pin=0"/></net>

<net id="260"><net_src comp="100" pin="1"/><net_sink comp="257" pin=0"/></net>

<net id="261"><net_src comp="257" pin="1"/><net_sink comp="189" pin=0"/></net>

<net id="262"><net_src comp="257" pin="1"/><net_sink comp="192" pin=1"/></net>

<net id="263"><net_src comp="257" pin="1"/><net_sink comp="197" pin=0"/></net>

<net id="264"><net_src comp="257" pin="1"/><net_sink comp="200" pin=0"/></net>

<net id="265"><net_src comp="257" pin="1"/><net_sink comp="223" pin=0"/></net>

<net id="266"><net_src comp="257" pin="1"/><net_sink comp="226" pin=1"/></net>

<net id="270"><net_src comp="110" pin="2"/><net_sink comp="267" pin=0"/></net>

<net id="271"><net_src comp="267" pin="1"/><net_sink comp="231" pin=1"/></net>

<net id="275"><net_src comp="181" pin="1"/><net_sink comp="272" pin=0"/></net>

<net id="276"><net_src comp="272" pin="1"/><net_sink comp="116" pin=2"/></net>

<net id="280"><net_src comp="207" pin="2"/><net_sink comp="277" pin=0"/></net>

<net id="284"><net_src comp="244" pin="2"/><net_sink comp="281" pin=0"/></net>

<net id="285"><net_src comp="281" pin="1"/><net_sink comp="116" pin=1"/></net>

<net id="286"><net_src comp="281" pin="1"/><net_sink comp="122" pin=1"/></net>

<net id="290"><net_src comp="122" pin="2"/><net_sink comp="287" pin=0"/></net>

<net id="291"><net_src comp="287" pin="1"/><net_sink comp="127" pin=5"/></net>

</net_list>

</model> 
---------------- Datapath Model END ------------------

* FSMD analyzer results:
  - Output states:
	Port: s_V_data_V | {77 }
	Port: s_V_keep_V | {77 }
	Port: s_V_strb_V | {77 }
	Port: s_V_last_V | {77 }
 - Input state : 
	Port: mm2s : gmem | {2 3 4 5 6 7 8 9 10 11 12 13 14 15 16 17 18 19 20 21 22 23 24 25 26 27 28 29 30 31 32 33 34 35 36 37 38 39 40 41 42 43 44 45 46 47 48 49 50 51 52 53 54 55 56 57 58 59 60 61 62 63 64 65 66 67 68 69 70 71 72 73 74 75 76 }
	Port: mm2s : mem | {1 }
	Port: mm2s : size | {1 }
  - Chain level:
	State 1
		empty : 1
		zext_ln27 : 2
		muxLogicAddr_to_store_ln0 : 1
		store_ln0 : 1
		first_iter_0 : 1
		MuxLogicAddr_to_i_load : 1
		i_load : 1
		i_cast : 2
		icmp_ln27_1 : 3
		br_ln27 : 4
		br_ln27 : 2
		add_ln27 : 2
		muxLogicData_to_store_ln27 : 3
		muxLogicAddr_to_store_ln27 : 1
		store_ln27 : 3
	State 2
		sext_ln27 : 1
		gmem_addr : 2
		empty_20 : 3
	State 3
	State 4
	State 5
	State 6
	State 7
	State 8
	State 9
	State 10
	State 11
	State 12
	State 13
	State 14
	State 15
	State 16
	State 17
	State 18
	State 19
	State 20
	State 21
	State 22
	State 23
	State 24
	State 25
	State 26
	State 27
	State 28
	State 29
	State 30
	State 31
	State 32
	State 33
	State 34
	State 35
	State 36
	State 37
	State 38
	State 39
	State 40
	State 41
	State 42
	State 43
	State 44
	State 45
	State 46
	State 47
	State 48
	State 49
	State 50
	State 51
	State 52
	State 53
	State 54
	State 55
	State 56
	State 57
	State 58
	State 59
	State 60
	State 61
	State 62
	State 63
	State 64
	State 65
	State 66
	State 67
	State 68
	State 69
	State 70
	State 71
	State 72
	State 73
	State 74
	State 75
	State 76
	State 77


============================================================
+ Verbose Summary: Datapath Resource usage 
============================================================

* Functional unit list:
|----------|-----------------------------------|---------|---------|
| Operation|          Functional Unit          |    FF   |   LUT   |
|----------|-----------------------------------|---------|---------|
|   icmp   |          icmp_ln27_fu_163         |    0    |    16   |
|          |         icmp_ln27_1_fu_207        |    0    |    16   |
|----------|-----------------------------------|---------|---------|
|    add   |          add_ln27_fu_213          |    0    |    31   |
|----------|-----------------------------------|---------|---------|
|  select  |            empty_fu_173           |    0    |    29   |
|----------|-----------------------------------|---------|---------|
|          |       size_read_read_fu_104       |    0    |    0    |
|   read   |        mem_read_read_fu_110       |    0    |    0    |
|          |         x_data_read_fu_122        |    0    |    0    |
|----------|-----------------------------------|---------|---------|
|  readreq |         grp_readreq_fu_116        |    0    |    0    |
|----------|-----------------------------------|---------|---------|
|   write  |          grp_write_fu_127         |    0    |    0    |
|----------|-----------------------------------|---------|---------|
|          |   muxLogicCE_to_size_read_fu_159  |    0    |    0    |
|          |   muxLogicCE_to_mem_read_fu_161   |    0    |    0    |
|          |  muxLogicData_to_store_ln0_fu_185 |    0    |    0    |
|          |  muxLogicAddr_to_store_ln0_fu_189 |    0    |    0    |
| muxlogic |   MuxLogicAddr_to_i_load_fu_197   |    0    |    0    |
|          | muxLogicData_to_store_ln27_fu_219 |    0    |    0    |
|          | muxLogicAddr_to_store_ln27_fu_223 |    0    |    0    |
|          |    muxLogicCE_to_x_data_fu_251    |    0    |    0    |
|          | muxLogicData_to_write_ln31_fu_253 |    0    |    0    |
|----------|-----------------------------------|---------|---------|
|   trunc  |         trunc_ln27_fu_169         |    0    |    0    |
|----------|-----------------------------------|---------|---------|
|   zext   |          zext_ln27_fu_181         |    0    |    0    |
|          |           i_cast_fu_203           |    0    |    0    |
|----------|-----------------------------------|---------|---------|
|partselect|          trunc_ln_fu_231          |    0    |    0    |
|----------|-----------------------------------|---------|---------|
|   sext   |          sext_ln27_fu_240         |    0    |    0    |
|----------|-----------------------------------|---------|---------|
|   Total  |                                   |    0    |    92   |
|----------|-----------------------------------|---------|---------|

Memories:
N/A

* Register list:
+--------------------+--------+
|                    |   FF   |
+--------------------+--------+
|first_iter_0_reg_147|    1   |
|  gmem_addr_reg_281 |   32   |
|      i_reg_257     |   31   |
| icmp_ln27_1_reg_277|    1   |
|  mem_read_reg_267  |   64   |
|   x_data_reg_287   |   32   |
|  zext_ln27_reg_272 |   64   |
+--------------------+--------+
|        Total       |   225  |
+--------------------+--------+

* Multiplexer (MUX) list: 
|--------------------|------|------|------|--------||---------||---------||---------|
|        Comp        |  Pin | Size |  BW  | S x BW ||  Delay  ||    FF   ||   LUT   |
|--------------------|------|------|------|--------||---------||---------||---------|
| grp_readreq_fu_116 |  p1  |   2  |  32  |   64   ||    0    ||    32   |
|  grp_write_fu_127  |  p5  |   2  |  32  |   64   ||    0    ||    32   |
|--------------------|------|------|------|--------||---------||---------||---------|
|        Total       |      |      |      |   128  ||   0.8   ||    0    ||    64   |
|--------------------|------|------|------|--------||---------||---------||---------|



* Summary:
+-----------+--------+--------+--------+
|           |  Delay |   FF   |   LUT  |
+-----------+--------+--------+--------+
|  Function |    -   |    0   |   92   |
|   Memory  |    -   |    -   |    -   |
|Multiplexer|    0   |    0   |   64   |
|  Register |    -   |   225  |    -   |
+-----------+--------+--------+--------+
|   Total   |    0   |   225  |   156  |
+-----------+--------+--------+--------+
