Using mult_X=1, mult_Y=1, mult_Z=1, DEBUG_PRINTS=0
mkdir -p data
g++ -o generate_golden_int8.exe generate_golden_int8.cpp
./generate_golden_int8.exe
gen_golden :i =0i mult_X=1 mult_Y=1gene_golden_data : returning upon successfully executingv++ -c --mode hls --platform /tools/Xilinx/Vitis/2024.1/base_platforms/xilinx_vck190_base_202410_1/xilinx_vck190_base_202410_1.xpfm -k s2mm pl_kernels/s2mm.cpp -o s2mm.xo
v++ -c --mode hls --platform /tools/Xilinx/Vitis/2024.1/base_platforms/xilinx_vck190_base_202410_1/xilinx_vck190_base_202410_1.xpfm -k mm2s pl_kernels/mm2s.cpp -o mm2s_1.xo
v++ -c --mode hls --platform /tools/Xilinx/Vitis/2024.1/base_platforms/xilinx_vck190_base_202410_1/xilinx_vck190_base_202410_1.xpfm -k mm2s pl_kernels/mm2s.cpp -o mm2s_2.xo
ERROR: [v++ 60-1520] ***Exception: unrecognised option '-k' 
Usage: v++ [options] <input file...>
Try v++ --help
 or v++ --compile --mode aie --help
 or v++ --compile --mode hls --help
ERROR: [v++ 60-1520] ***Exception: unrecognised option '-k' 
Usage: v++ [options] <input file...>
Try v++ --help
 or v++ --compile --mode aie --help
 or v++ --compile --mode hls --help
ERROR: [v++ 60-1520] ***Exception: unrecognised option '-k' 
Usage: v++ [options] <input file...>
Try v++ --help
 or v++ --compile --mode aie --help
 or v++ --compile --mode hls --help
