Sat May 17 20:56:36 2025: Running xcd server. This server was built by gradle.
Sat May 17 20:56:36 2025: Server was asked to start on port: '43633'
Sat May 17 20:56:36 2025: Server is using token UUID: '66385b0e-ee35-436f-b280-01808a921328'
Sat May 17 20:56:36 2025: SESSION_MGR: creating session with session uuid: '6d04a3e9-ade5-4ab9-8d63-1f78fcd2ec76' and name 'default'
Sat May 17 20:56:36 2025: Attempting to start server on port '43633'
Sat May 17 20:56:36 2025: XCD main fifo: created main fifo '/tmp/xcdmain66385b0e-ee35-436f-b280-01808a921328', fd read = 19
Sat May 17 20:56:36 2025: Running Dispatch Server
Sat May 17 20:56:36 2025: Version 2.2.0
Sat May 17 20:56:38 2025: Dispatch Server: Accepted socket connection from client
Sat May 17 20:56:38 2025: Starting Socket connection
Sat May 17 20:56:38 2025: EXCHANGE_TOKEN received, server token: 66385b0e-ee35-436f-b280-01808a921328, passed token: 66385b0e-ee35-436f-b280-01808a921328
Sat May 17 20:56:38 2025: SESSION_MGR: creating session with session uuid: 'afa27d4d-c69d-4826-90e6-3d7ae67de52f' and name 'AIE Simulation'
Sat May 17 20:56:38 2025: KERNEL_SVC: creating session with uuid: 'afa27d4d-c69d-4826-90e6-3d7ae67de52f' and name 'AIE Simulation'
Sat May 17 20:56:38 2025: GUIDANCE_SMGR: creating guidance session with uuid: 'afa27d4d-c69d-4826-90e6-3d7ae67de52f' and name 'AIE Simulation'
Sat May 17 20:56:44 2025: SESSION_MGR: closing session for UUID 'afa27d4d-c69d-4826-90e6-3d7ae67de52f' with name ''
Sat May 17 20:56:44 2025: KERNEL_SVC: closing session for UUID 'afa27d4d-c69d-4826-90e6-3d7ae67de52f' with name ''
Sat May 17 20:56:44 2025: GUIDANCE_SMGR: closing session for UUID 'afa27d4d-c69d-4826-90e6-3d7ae67de52f' with name ''
Sat May 17 20:56:44 2025: STOP_SERVER received, server token: 66385b0e-ee35-436f-b280-01808a921328, passed token: 66385b0e-ee35-436f-b280-01808a921328
Sat May 17 20:56:44 2025: Socket received request to stop server.
Sat May 17 20:56:44 2025: Dispatch Server: do_await_stop
Sat May 17 20:56:44 2025: Dispatch Server: stopping mainFifo_
Sat May 17 20:56:44 2025: XCD main fifo: Stopping
Sat May 17 20:56:44 2025: XCD main fifo: do_read error code: Operation canceled
Sat May 17 20:56:44 2025: XCD main fifo: bytes_transferred: 0
Sat May 17 20:56:44 2025: SERVER: destructor for server bound to port 43633
Sat May 17 20:56:44 2025: XCD main fifo: Good unlink of /tmp/xcdmain66385b0e-ee35-436f-b280-01808a921328
Sat May 17 20:56:44 2025: Server exiting with status 0.
Sat May 17 20:56:44 2025: Closing log file.
Sat May 17 20:56:46 2025: Running xcd server. This server was built by gradle.
Sat May 17 20:56:46 2025: Server was asked to start on port: '44299'
Sat May 17 20:56:46 2025: Server is using token UUID: 'e0b05ced-9e66-420e-affb-ad2e2b1deaa8'
Sat May 17 20:56:46 2025: SESSION_MGR: creating session with session uuid: '6d04a3e9-ade5-4ab9-8d63-1f78fcd2ec76' and name 'default'
Sat May 17 20:56:46 2025: Attempting to start server on port '44299'
Sat May 17 20:56:46 2025: XCD main fifo: created main fifo '/tmp/xcdmaine0b05ced-9e66-420e-affb-ad2e2b1deaa8', fd read = 15
Sat May 17 20:56:46 2025: Running Dispatch Server
Sat May 17 20:56:46 2025: Version 2.2.0
Sat May 17 20:56:47 2025: Dispatch Server: Accepted socket connection from client
Sat May 17 20:56:47 2025: Starting Socket connection
Sat May 17 20:56:47 2025: EXCHANGE_TOKEN received, server token: e0b05ced-9e66-420e-affb-ad2e2b1deaa8, passed token: e0b05ced-9e66-420e-affb-ad2e2b1deaa8
Sat May 17 20:56:48 2025: DISPATCH_HANDLER: Adding handler from function makeHandler in library libxv_system_diagram
Sat May 17 20:56:48 2025: SESSION_MGR: creating session with session uuid: '1b521c75-2b36-4579-b8bc-ada58f2e0afa' and name 'v++_link_tutorial'
Sat May 17 20:56:48 2025: KERNEL_SVC: creating session with uuid: '1b521c75-2b36-4579-b8bc-ada58f2e0afa' and name 'v++_link_tutorial'
Sat May 17 20:56:48 2025: GUIDANCE_SMGR: creating guidance session with uuid: '1b521c75-2b36-4579-b8bc-ada58f2e0afa' and name 'v++_link_tutorial'
Sat May 17 20:56:48 2025: SYSTEM_DIAGRAM: creating session with uuid: '1b521c75-2b36-4579-b8bc-ada58f2e0afa' and name 'v++_link_tutorial'
Sat May 17 20:57:04 2025: Dispatch Server: Accepted socket connection from client
Sat May 17 20:57:04 2025: Starting Socket connection
Sat May 17 20:57:10 2025: Dispatch Server: Accepted socket connection from client
Sat May 17 20:57:10 2025: Starting Socket connection
Sat May 17 21:01:07 2025: SESSION_MGR: closing session for UUID '1b521c75-2b36-4579-b8bc-ada58f2e0afa' with name 'v++_link_tutorial'
Sat May 17 21:01:07 2025: KERNEL_SVC: closing session for UUID '1b521c75-2b36-4579-b8bc-ada58f2e0afa' with name 'v++_link_tutorial'
Sat May 17 21:01:07 2025: GUIDANCE_SMGR: closing session for UUID '1b521c75-2b36-4579-b8bc-ada58f2e0afa' with name 'v++_link_tutorial'
Sat May 17 21:01:07 2025: SYSTEM_DIAGRAM: closing session for UUID '1b521c75-2b36-4579-b8bc-ada58f2e0afa' with name 'v++_link_tutorial'
Sat May 17 21:01:07 2025: STOP_SERVER received, server token: e0b05ced-9e66-420e-affb-ad2e2b1deaa8, passed token: e0b05ced-9e66-420e-affb-ad2e2b1deaa8
Sat May 17 21:01:07 2025: Socket received request to stop server.
Sat May 17 21:01:07 2025: Dispatch Server: do_await_stop
Sat May 17 21:01:07 2025: Dispatch Server: stopping mainFifo_
Sat May 17 21:01:07 2025: XCD main fifo: Stopping
Sat May 17 21:01:07 2025: XCD main fifo: do_read error code: Operation canceled
Sat May 17 21:01:07 2025: XCD main fifo: bytes_transferred: 0
Sat May 17 21:01:07 2025: SERVER: destructor for server bound to port 44299
Sat May 17 21:01:07 2025: XCD main fifo: Good unlink of /tmp/xcdmaine0b05ced-9e66-420e-affb-ad2e2b1deaa8
Sat May 17 21:01:07 2025: Server exiting with status 0.
Sat May 17 21:01:07 2025: Closing log file.
Sun May 18 08:07:03 2025: Running xcd server. This server was built by gradle.
Sun May 18 08:07:03 2025: Server was asked to start on port: '33153'
Sun May 18 08:07:03 2025: Server is using token UUID: 'bf527c04-dc5e-40b2-b823-483e49988616'
Sun May 18 08:07:03 2025: SESSION_MGR: creating session with session uuid: '6d04a3e9-ade5-4ab9-8d63-1f78fcd2ec76' and name 'default'
Sun May 18 08:07:03 2025: Attempting to start server on port '33153'
Sun May 18 08:07:03 2025: XCD main fifo: created main fifo '/tmp/xcdmainbf527c04-dc5e-40b2-b823-483e49988616', fd read = 17
Sun May 18 08:07:03 2025: Running Dispatch Server
Sun May 18 08:07:03 2025: Version 2.2.0
Sun May 18 08:07:05 2025: Dispatch Server: Accepted socket connection from client
Sun May 18 08:07:05 2025: Starting Socket connection
Sun May 18 08:07:05 2025: EXCHANGE_TOKEN received, server token: bf527c04-dc5e-40b2-b823-483e49988616, passed token: bf527c04-dc5e-40b2-b823-483e49988616
Sun May 18 08:07:05 2025: SESSION_MGR: creating session with session uuid: '5098e855-6768-4f40-bb69-b37e9d5fcde7' and name 'AIE Simulation'
Sun May 18 08:07:05 2025: KERNEL_SVC: creating session with uuid: '5098e855-6768-4f40-bb69-b37e9d5fcde7' and name 'AIE Simulation'
Sun May 18 08:07:05 2025: GUIDANCE_SMGR: creating guidance session with uuid: '5098e855-6768-4f40-bb69-b37e9d5fcde7' and name 'AIE Simulation'
Sun May 18 08:07:09 2025: SESSION_MGR: closing session for UUID '5098e855-6768-4f40-bb69-b37e9d5fcde7' with name ''
Sun May 18 08:07:09 2025: KERNEL_SVC: closing session for UUID '5098e855-6768-4f40-bb69-b37e9d5fcde7' with name ''
Sun May 18 08:07:09 2025: GUIDANCE_SMGR: closing session for UUID '5098e855-6768-4f40-bb69-b37e9d5fcde7' with name ''
Sun May 18 08:07:09 2025: STOP_SERVER received, server token: bf527c04-dc5e-40b2-b823-483e49988616, passed token: bf527c04-dc5e-40b2-b823-483e49988616
Sun May 18 08:07:09 2025: Socket received request to stop server.
Sun May 18 08:07:09 2025: Dispatch Server: do_await_stop
Sun May 18 08:07:09 2025: Dispatch Server: stopping mainFifo_
Sun May 18 08:07:09 2025: XCD main fifo: Stopping
Sun May 18 08:07:09 2025: XCD main fifo: do_read error code: Operation canceled
Sun May 18 08:07:09 2025: XCD main fifo: bytes_transferred: 0
Sun May 18 08:07:09 2025: SERVER: destructor for server bound to port 33153
Sun May 18 08:07:09 2025: XCD main fifo: Good unlink of /tmp/xcdmainbf527c04-dc5e-40b2-b823-483e49988616
Sun May 18 08:07:09 2025: Server exiting with status 0.
Sun May 18 08:07:09 2025: Closing log file.
Sun May 18 08:10:57 2025: Running xcd server. This server was built by gradle.
Sun May 18 08:10:57 2025: Server was asked to start on port: '36945'
Sun May 18 08:10:57 2025: Server is using token UUID: '7759831e-124c-46c4-aa0b-3e911ed3dc81'
Sun May 18 08:10:57 2025: SESSION_MGR: creating session with session uuid: '6d04a3e9-ade5-4ab9-8d63-1f78fcd2ec76' and name 'default'
Sun May 18 08:10:57 2025: Attempting to start server on port '36945'
Sun May 18 08:10:57 2025: XCD main fifo: created main fifo '/tmp/xcdmain7759831e-124c-46c4-aa0b-3e911ed3dc81', fd read = 17
Sun May 18 08:10:57 2025: Running Dispatch Server
Sun May 18 08:10:57 2025: Version 2.2.0
Sun May 18 08:10:59 2025: Dispatch Server: Accepted socket connection from client
Sun May 18 08:10:59 2025: Starting Socket connection
Sun May 18 08:10:59 2025: EXCHANGE_TOKEN received, server token: 7759831e-124c-46c4-aa0b-3e911ed3dc81, passed token: 7759831e-124c-46c4-aa0b-3e911ed3dc81
Sun May 18 08:10:59 2025: SESSION_MGR: creating session with session uuid: '6ded1152-fe25-4b71-b473-0e89ad817b77' and name 'AIE Simulation'
Sun May 18 08:10:59 2025: KERNEL_SVC: creating session with uuid: '6ded1152-fe25-4b71-b473-0e89ad817b77' and name 'AIE Simulation'
Sun May 18 08:10:59 2025: GUIDANCE_SMGR: creating guidance session with uuid: '6ded1152-fe25-4b71-b473-0e89ad817b77' and name 'AIE Simulation'
Sun May 18 08:11:04 2025: SESSION_MGR: closing session for UUID '6ded1152-fe25-4b71-b473-0e89ad817b77' with name ''
Sun May 18 08:11:04 2025: KERNEL_SVC: closing session for UUID '6ded1152-fe25-4b71-b473-0e89ad817b77' with name ''
Sun May 18 08:11:04 2025: GUIDANCE_SMGR: closing session for UUID '6ded1152-fe25-4b71-b473-0e89ad817b77' with name ''
Sun May 18 08:11:04 2025: STOP_SERVER received, server token: 7759831e-124c-46c4-aa0b-3e911ed3dc81, passed token: 7759831e-124c-46c4-aa0b-3e911ed3dc81
Sun May 18 08:11:04 2025: Socket received request to stop server.
Sun May 18 08:11:04 2025: Dispatch Server: do_await_stop
Sun May 18 08:11:04 2025: Dispatch Server: stopping mainFifo_
Sun May 18 08:11:04 2025: XCD main fifo: Stopping
Sun May 18 08:11:04 2025: XCD main fifo: do_read error code: Operation canceled
Sun May 18 08:11:04 2025: XCD main fifo: bytes_transferred: 0
Sun May 18 08:11:04 2025: SERVER: destructor for server bound to port 36945
Sun May 18 08:11:04 2025: XCD main fifo: Good unlink of /tmp/xcdmain7759831e-124c-46c4-aa0b-3e911ed3dc81
Sun May 18 08:11:04 2025: Server exiting with status 0.
Sun May 18 08:11:04 2025: Closing log file.
Sun May 18 08:43:16 2025: Running xcd server. This server was built by gradle.
Sun May 18 08:43:16 2025: Server was asked to start on port: '38581'
Sun May 18 08:43:16 2025: Server is using token UUID: '7ae03aa2-87c2-4941-be92-68c21191ff6b'
Sun May 18 08:43:16 2025: SESSION_MGR: creating session with session uuid: '6d04a3e9-ade5-4ab9-8d63-1f78fcd2ec76' and name 'default'
Sun May 18 08:43:16 2025: Attempting to start server on port '38581'
Sun May 18 08:43:16 2025: XCD main fifo: created main fifo '/tmp/xcdmain7ae03aa2-87c2-4941-be92-68c21191ff6b', fd read = 17
Sun May 18 08:43:16 2025: Running Dispatch Server
Sun May 18 08:43:16 2025: Version 2.2.0
Sun May 18 08:43:18 2025: Dispatch Server: Accepted socket connection from client
Sun May 18 08:43:18 2025: Starting Socket connection
Sun May 18 08:43:18 2025: EXCHANGE_TOKEN received, server token: 7ae03aa2-87c2-4941-be92-68c21191ff6b, passed token: 7ae03aa2-87c2-4941-be92-68c21191ff6b
Sun May 18 08:43:18 2025: SESSION_MGR: creating session with session uuid: '9b9ee004-c131-4e9c-a5c1-573a3d86fba9' and name 'AIE Simulation'
Sun May 18 08:43:18 2025: KERNEL_SVC: creating session with uuid: '9b9ee004-c131-4e9c-a5c1-573a3d86fba9' and name 'AIE Simulation'
Sun May 18 08:43:18 2025: GUIDANCE_SMGR: creating guidance session with uuid: '9b9ee004-c131-4e9c-a5c1-573a3d86fba9' and name 'AIE Simulation'
Sun May 18 08:43:20 2025: SESSION_MGR: closing session for UUID '9b9ee004-c131-4e9c-a5c1-573a3d86fba9' with name ''
Sun May 18 08:43:20 2025: KERNEL_SVC: closing session for UUID '9b9ee004-c131-4e9c-a5c1-573a3d86fba9' with name ''
Sun May 18 08:43:20 2025: GUIDANCE_SMGR: closing session for UUID '9b9ee004-c131-4e9c-a5c1-573a3d86fba9' with name ''
Sun May 18 08:43:20 2025: STOP_SERVER received, server token: 7ae03aa2-87c2-4941-be92-68c21191ff6b, passed token: 7ae03aa2-87c2-4941-be92-68c21191ff6b
Sun May 18 08:43:20 2025: Socket received request to stop server.
Sun May 18 08:43:20 2025: Dispatch Server: do_await_stop
Sun May 18 08:43:20 2025: Dispatch Server: stopping mainFifo_
Sun May 18 08:43:20 2025: XCD main fifo: Stopping
Sun May 18 08:43:20 2025: XCD main fifo: do_read error code: Operation canceled
Sun May 18 08:43:20 2025: XCD main fifo: bytes_transferred: 0
Sun May 18 08:43:20 2025: SERVER: destructor for server bound to port 38581
Sun May 18 08:43:20 2025: XCD main fifo: Good unlink of /tmp/xcdmain7ae03aa2-87c2-4941-be92-68c21191ff6b
Sun May 18 08:43:20 2025: Server exiting with status 0.
Sun May 18 08:43:20 2025: Closing log file.
Sun May 18 08:43:35 2025: Running xcd server. This server was built by gradle.
Sun May 18 08:43:35 2025: Server was asked to start on port: '45465'
Sun May 18 08:43:35 2025: Server is using token UUID: '29bb07d5-7298-4218-9f2e-c622ef1e388d'
Sun May 18 08:43:35 2025: SESSION_MGR: creating session with session uuid: '6d04a3e9-ade5-4ab9-8d63-1f78fcd2ec76' and name 'default'
Sun May 18 08:43:35 2025: Attempting to start server on port '45465'
Sun May 18 08:43:35 2025: XCD main fifo: created main fifo '/tmp/xcdmain29bb07d5-7298-4218-9f2e-c622ef1e388d', fd read = 17
Sun May 18 08:43:35 2025: Running Dispatch Server
Sun May 18 08:43:35 2025: Version 2.2.0
Sun May 18 08:43:37 2025: Dispatch Server: Accepted socket connection from client
Sun May 18 08:43:37 2025: Starting Socket connection
Sun May 18 08:43:37 2025: EXCHANGE_TOKEN received, server token: 29bb07d5-7298-4218-9f2e-c622ef1e388d, passed token: 29bb07d5-7298-4218-9f2e-c622ef1e388d
Sun May 18 08:43:37 2025: SESSION_MGR: creating session with session uuid: '02186143-c966-4c51-802e-3aa6841c4688' and name 'AIE Simulation'
Sun May 18 08:43:37 2025: KERNEL_SVC: creating session with uuid: '02186143-c966-4c51-802e-3aa6841c4688' and name 'AIE Simulation'
Sun May 18 08:43:37 2025: GUIDANCE_SMGR: creating guidance session with uuid: '02186143-c966-4c51-802e-3aa6841c4688' and name 'AIE Simulation'
Sun May 18 08:43:41 2025: SESSION_MGR: closing session for UUID '02186143-c966-4c51-802e-3aa6841c4688' with name ''
Sun May 18 08:43:41 2025: KERNEL_SVC: closing session for UUID '02186143-c966-4c51-802e-3aa6841c4688' with name ''
Sun May 18 08:43:41 2025: GUIDANCE_SMGR: closing session for UUID '02186143-c966-4c51-802e-3aa6841c4688' with name ''
Sun May 18 08:43:41 2025: STOP_SERVER received, server token: 29bb07d5-7298-4218-9f2e-c622ef1e388d, passed token: 29bb07d5-7298-4218-9f2e-c622ef1e388d
Sun May 18 08:43:41 2025: Socket received request to stop server.
Sun May 18 08:43:41 2025: Dispatch Server: do_await_stop
Sun May 18 08:43:41 2025: Dispatch Server: stopping mainFifo_
Sun May 18 08:43:41 2025: XCD main fifo: Stopping
Sun May 18 08:43:41 2025: XCD main fifo: do_read error code: Operation canceled
Sun May 18 08:43:41 2025: XCD main fifo: bytes_transferred: 0
Sun May 18 08:43:41 2025: SERVER: destructor for server bound to port 45465
Sun May 18 08:43:41 2025: XCD main fifo: Good unlink of /tmp/xcdmain29bb07d5-7298-4218-9f2e-c622ef1e388d
Sun May 18 08:43:41 2025: Server exiting with status 0.
Sun May 18 08:43:41 2025: Closing log file.
Sun May 18 08:44:24 2025: Running xcd server. This server was built by gradle.
Sun May 18 08:44:24 2025: Server was asked to start on port: '34427'
Sun May 18 08:44:24 2025: Server is using token UUID: 'f75e5077-5b97-4556-a1e0-3eec38366d21'
Sun May 18 08:44:24 2025: SESSION_MGR: creating session with session uuid: '6d04a3e9-ade5-4ab9-8d63-1f78fcd2ec76' and name 'default'
Sun May 18 08:44:24 2025: Attempting to start server on port '34427'
Sun May 18 08:44:24 2025: XCD main fifo: created main fifo '/tmp/xcdmainf75e5077-5b97-4556-a1e0-3eec38366d21', fd read = 17
Sun May 18 08:44:24 2025: Running Dispatch Server
Sun May 18 08:44:24 2025: Version 2.2.0
Sun May 18 08:44:26 2025: Dispatch Server: Accepted socket connection from client
Sun May 18 08:44:26 2025: Starting Socket connection
Sun May 18 08:44:26 2025: EXCHANGE_TOKEN received, server token: f75e5077-5b97-4556-a1e0-3eec38366d21, passed token: f75e5077-5b97-4556-a1e0-3eec38366d21
Sun May 18 08:44:26 2025: SESSION_MGR: creating session with session uuid: '5e8333e2-4a65-459c-b956-8dd47037704f' and name 'AIE Simulation'
Sun May 18 08:44:26 2025: KERNEL_SVC: creating session with uuid: '5e8333e2-4a65-459c-b956-8dd47037704f' and name 'AIE Simulation'
Sun May 18 08:44:26 2025: GUIDANCE_SMGR: creating guidance session with uuid: '5e8333e2-4a65-459c-b956-8dd47037704f' and name 'AIE Simulation'
Sun May 18 08:44:30 2025: SESSION_MGR: closing session for UUID '5e8333e2-4a65-459c-b956-8dd47037704f' with name ''
Sun May 18 08:44:30 2025: KERNEL_SVC: closing session for UUID '5e8333e2-4a65-459c-b956-8dd47037704f' with name ''
Sun May 18 08:44:30 2025: GUIDANCE_SMGR: closing session for UUID '5e8333e2-4a65-459c-b956-8dd47037704f' with name ''
Sun May 18 08:44:30 2025: STOP_SERVER received, server token: f75e5077-5b97-4556-a1e0-3eec38366d21, passed token: f75e5077-5b97-4556-a1e0-3eec38366d21
Sun May 18 08:44:30 2025: Socket received request to stop server.
Sun May 18 08:44:30 2025: Dispatch Server: do_await_stop
Sun May 18 08:44:30 2025: Dispatch Server: stopping mainFifo_
Sun May 18 08:44:30 2025: XCD main fifo: Stopping
Sun May 18 08:44:30 2025: XCD main fifo: do_read error code: Operation canceled
Sun May 18 08:44:30 2025: XCD main fifo: bytes_transferred: 0
Sun May 18 08:44:30 2025: SERVER: destructor for server bound to port 34427
Sun May 18 08:44:30 2025: XCD main fifo: Good unlink of /tmp/xcdmainf75e5077-5b97-4556-a1e0-3eec38366d21
Sun May 18 08:44:30 2025: Server exiting with status 0.
Sun May 18 08:44:30 2025: Closing log file.
