INFO: [aiecompiler 77-3355] ###[Start]: Reading in platform specification from /tools/Xilinx/Vitis/2024.1/base_platforms/xilinx_vck190_base_202410_1/xilinx_vck190_base_202410_1.xpfm
INFO: [aiecompiler 55-2099] Unable to extract 'pdi_files' from /tools/Xilinx/Vitis/2024.1/base_platforms/xilinx_vck190_base_202410_1/hw/hw.xsa to /tools/Xilinx/Vitis/2024.1/base_platforms/xilinx_vck190_base_202410_1/hw/extracted/vitis_design_wrapper_0. XSA may not contain 'pdi_files' or the destination directory is read-only
INFO: [aiecompiler 55-2053] elapsed time for repository (/tools/Xilinx/Vivado/2024.1/data/embeddedsw) loading 0 seconds
INFO: [aiecompiler 77-3354] ###[Finish]:  Reading in platform specification from /tools/Xilinx/Vitis/2024.1/base_platforms/xilinx_vck190_base_202410_1/xilinx_vck190_base_202410_1.xpfm
INFO: [aiecompiler 21-403] Loading part xcvc1902-vsva2197-2MP-e-S
INFO: [aiecompiler 77-3379] Extracted physical device part from platform is : xcvc1902-vsva2197-2MP-e-S 
INFO: [aiecompiler 77-297] Cmd Line : /tools/Xilinx/Vitis/2024.1/aietools/bin/unwrapped/lnx64.o/aiecompiler --config /home/wes_2025_r_verma/capstone_project/Versal-Linux-cmd-clean_0507/gemm_multi_tile_4x4x1/Work/aie_hw.cfg 
INFO: [aiecompiler 77-404] Executing Cmd: ${XILINX_VITIS_AIETOOLS}/tps/lnx64/gcc/bin/g++ -E -std=c++17 -D__ADF_FRONTEND__ -D__AIE_ARCH__=10 -I/tools/Xilinx/Vitis/2024.1/aietools/include  -I .  -I /tools/Xilinx/Vitis/2024.1/aietools/include -I /home/wes_2025_r_verma/capstone_project/Versal-Linux-cmd-clean_0507/gemm_multi_tile_4x4x1/./aie -I /home/wes_2025_r_verma/capstone_project/Versal-Linux-cmd-clean_0507/gemm_multi_tile_4x4x1/./data -I /home/wes_2025_r_verma/capstone_project/Versal-Linux-cmd-clean_0507/gemm_multi_tile_4x4x1/./aie/kernels -I /home/wes_2025_r_verma/capstone_project/Versal-Linux-cmd-clean_0507/gemm_multi_tile_4x4x1/./ /home/wes_2025_r_verma/capstone_project/Versal-Linux-cmd-clean_0507/gemm_multi_tile_4x4x1/aie/graph.cpp > /home/wes_2025_r_verma/capstone_project/Versal-Linux-cmd-clean_0507/gemm_multi_tile_4x4x1/./Work/temp/graph.ii
INFO: [aiecompiler 77-404] Executing Cmd: graph_preprocessor /home/wes_2025_r_verma/capstone_project/Versal-Linux-cmd-clean_0507/gemm_multi_tile_4x4x1/./Work/temp/graph.ii -o /home/wes_2025_r_verma/capstone_project/Versal-Linux-cmd-clean_0507/gemm_multi_tile_4x4x1/./Work/temp/graph.processed.ii -report-core-dump  -- -std=c++17  -ftemplate-depth=2048  -Wno-return-stack-address  -Wno-missing-declarations  -Wno-parentheses-equality  -Wno-shift-negative-value  
INFO: [aiecompiler 77-404] Executing Cmd: ${XILINX_VITIS_AIETOOLS}/tps/lnx64/gcc/bin/g++  -std=c++17  -I .  /home/wes_2025_r_verma/capstone_project/Versal-Linux-cmd-clean_0507/gemm_multi_tile_4x4x1/./Work/temp/graph.processed.ii -o /home/wes_2025_r_verma/capstone_project/Versal-Linux-cmd-clean_0507/gemm_multi_tile_4x4x1/./Work/temp/graph.out -L /tools/Xilinx/Vitis/2024.1/aietools/lib/lnx64.o -g -O0 -Wl,--unresolved-symbols=ignore-all  -Wno-return-stack-address  -Wno-missing-declarations  -lmeir_frontend  -ladf_api_frontend 
INFO: [aiecompiler 77-404] Executing Cmd: /home/wes_2025_r_verma/capstone_project/Versal-Linux-cmd-clean_0507/gemm_multi_tile_4x4x1/./Work/temp/graph.out -I /tools/Xilinx/Vitis/2024.1/aietools/include -I /home/wes_2025_r_verma/capstone_project/Versal-Linux-cmd-clean_0507/gemm_multi_tile_4x4x1/./aie -I /home/wes_2025_r_verma/capstone_project/Versal-Linux-cmd-clean_0507/gemm_multi_tile_4x4x1/./data -I /home/wes_2025_r_verma/capstone_project/Versal-Linux-cmd-clean_0507/gemm_multi_tile_4x4x1/./aie/kernels -I /home/wes_2025_r_verma/capstone_project/Versal-Linux-cmd-clean_0507/gemm_multi_tile_4x4x1/./ --workdir=/home/wes_2025_r_verma/capstone_project/Versal-Linux-cmd-clean_0507/gemm_multi_tile_4x4x1/./Work --aiearch=aie --log-level=1 --pl-axi-lite=0 --enable-multi-layer=0 --disable-dma-autostart=0 --enable-light-cdo=0 --large-program-memory=0 --swfifo-threshold=40 --target=hw
INFO: [aiecompiler 77-749] Reading logical device VC1902.json
WARNING: [aiecompiler 77-5890] 'acc[0].in[0]' is a window port. Window ports are deprecated in this release and will be obsoleted in future releases. We recommend using io buffers instead.
WARNING: [aiecompiler 77-5890] 'acc[0].in[1]' is a window port. Window ports are deprecated in this release and will be obsoleted in future releases. We recommend using io buffers instead.
WARNING: [aiecompiler 77-5890] 'acc[0].in[2]' is a window port. Window ports are deprecated in this release and will be obsoleted in future releases. We recommend using io buffers instead.
WARNING: [aiecompiler 77-5890] 'acc[0].in[3]' is a window port. Window ports are deprecated in this release and will be obsoleted in future releases. We recommend using io buffers instead.
WARNING: [aiecompiler 77-5890] 'acc[0].out[0]' is a window port. Window ports are deprecated in this release and will be obsoleted in future releases. We recommend using io buffers instead.
WARNING: [aiecompiler 77-5890] 'acc[1].in[0]' is a window port. Window ports are deprecated in this release and will be obsoleted in future releases. We recommend using io buffers instead.
WARNING: [aiecompiler 77-5890] 'acc[1].in[1]' is a window port. Window ports are deprecated in this release and will be obsoleted in future releases. We recommend using io buffers instead.
WARNING: [aiecompiler 77-5890] 'acc[1].in[2]' is a window port. Window ports are deprecated in this release and will be obsoleted in future releases. We recommend using io buffers instead.
WARNING: [aiecompiler 77-5890] 'acc[1].in[3]' is a window port. Window ports are deprecated in this release and will be obsoleted in future releases. We recommend using io buffers instead.
WARNING: [aiecompiler 77-5890] 'acc[1].out[0]' is a window port. Window ports are deprecated in this release and will be obsoleted in future releases. We recommend using io buffers instead.
WARNING: [aiecompiler 77-5890] 'acc[2].in[0]' is a window port. Window ports are deprecated in this release and will be obsoleted in future releases. We recommend using io buffers instead.
WARNING: [aiecompiler 77-5890] 'acc[2].in[1]' is a window port. Window ports are deprecated in this release and will be obsoleted in future releases. We recommend using io buffers instead.
WARNING: [aiecompiler 77-5890] 'acc[2].in[2]' is a window port. Window ports are deprecated in this release and will be obsoleted in future releases. We recommend using io buffers instead.
WARNING: [aiecompiler 77-5890] 'acc[2].in[3]' is a window port. Window ports are deprecated in this release and will be obsoleted in future releases. We recommend using io buffers instead.
WARNING: [aiecompiler 77-5890] 'acc[2].out[0]' is a window port. Window ports are deprecated in this release and will be obsoleted in future releases. We recommend using io buffers instead.
WARNING: [aiecompiler 77-5890] 'acc[3].in[0]' is a window port. Window ports are deprecated in this release and will be obsoleted in future releases. We recommend using io buffers instead.
WARNING: [aiecompiler 77-5890] 'acc[3].in[1]' is a window port. Window ports are deprecated in this release and will be obsoleted in future releases. We recommend using io buffers instead.
WARNING: [aiecompiler 77-5890] 'acc[3].in[2]' is a window port. Window ports are deprecated in this release and will be obsoleted in future releases. We recommend using io buffers instead.
WARNING: [aiecompiler 77-5890] 'acc[3].in[3]' is a window port. Window ports are deprecated in this release and will be obsoleted in future releases. We recommend using io buffers instead.
WARNING: [aiecompiler 77-5890] 'acc[3].out[0]' is a window port. Window ports are deprecated in this release and will be obsoleted in future releases. We recommend using io buffers instead.
WARNING: [aiecompiler 77-5890] 'mat_mul_k[0].in[0]' is a window port. Window ports are deprecated in this release and will be obsoleted in future releases. We recommend using io buffers instead.
WARNING: [aiecompiler 77-5890] 'mat_mul_k[0].in[1]' is a window port. Window ports are deprecated in this release and will be obsoleted in future releases. We recommend using io buffers instead.
WARNING: [aiecompiler 77-5890] 'mat_mul_k[0].out[0]' is a window port. Window ports are deprecated in this release and will be obsoleted in future releases. We recommend using io buffers instead.
WARNING: [aiecompiler 77-5890] 'mat_mul_k[1].in[0]' is a window port. Window ports are deprecated in this release and will be obsoleted in future releases. We recommend using io buffers instead.
WARNING: [aiecompiler 77-5890] 'mat_mul_k[1].in[1]' is a window port. Window ports are deprecated in this release and will be obsoleted in future releases. We recommend using io buffers instead.
WARNING: [aiecompiler 77-5890] 'mat_mul_k[1].out[0]' is a window port. Window ports are deprecated in this release and will be obsoleted in future releases. We recommend using io buffers instead.
WARNING: [aiecompiler 77-5890] 'mat_mul_k[2].in[0]' is a window port. Window ports are deprecated in this release and will be obsoleted in future releases. We recommend using io buffers instead.
WARNING: [aiecompiler 77-5890] 'mat_mul_k[2].in[1]' is a window port. Window ports are deprecated in this release and will be obsoleted in future releases. We recommend using io buffers instead.
WARNING: [aiecompiler 77-5890] 'mat_mul_k[2].out[0]' is a window port. Window ports are deprecated in this release and will be obsoleted in future releases. We recommend using io buffers instead.
WARNING: [aiecompiler 77-5890] 'mat_mul_k[3].in[0]' is a window port. Window ports are deprecated in this release and will be obsoleted in future releases. We recommend using io buffers instead.
WARNING: [aiecompiler 77-5890] 'mat_mul_k[3].in[1]' is a window port. Window ports are deprecated in this release and will be obsoleted in future releases. We recommend using io buffers instead.
WARNING: [aiecompiler 77-5890] 'mat_mul_k[3].out[0]' is a window port. Window ports are deprecated in this release and will be obsoleted in future releases. We recommend using io buffers instead.
WARNING: [aiecompiler 77-5890] 'mat_mul_k[4].in[0]' is a window port. Window ports are deprecated in this release and will be obsoleted in future releases. We recommend using io buffers instead.
WARNING: [aiecompiler 77-5890] 'mat_mul_k[4].in[1]' is a window port. Window ports are deprecated in this release and will be obsoleted in future releases. We recommend using io buffers instead.
WARNING: [aiecompiler 77-5890] 'mat_mul_k[4].out[0]' is a window port. Window ports are deprecated in this release and will be obsoleted in future releases. We recommend using io buffers instead.
WARNING: [aiecompiler 77-5890] 'mat_mul_k[5].in[0]' is a window port. Window ports are deprecated in this release and will be obsoleted in future releases. We recommend using io buffers instead.
WARNING: [aiecompiler 77-5890] 'mat_mul_k[5].in[1]' is a window port. Window ports are deprecated in this release and will be obsoleted in future releases. We recommend using io buffers instead.
WARNING: [aiecompiler 77-5890] 'mat_mul_k[5].out[0]' is a window port. Window ports are deprecated in this release and will be obsoleted in future releases. We recommend using io buffers instead.
WARNING: [aiecompiler 77-5890] 'mat_mul_k[6].in[0]' is a window port. Window ports are deprecated in this release and will be obsoleted in future releases. We recommend using io buffers instead.
WARNING: [aiecompiler 77-5890] 'mat_mul_k[6].in[1]' is a window port. Window ports are deprecated in this release and will be obsoleted in future releases. We recommend using io buffers instead.
WARNING: [aiecompiler 77-5890] 'mat_mul_k[6].out[0]' is a window port. Window ports are deprecated in this release and will be obsoleted in future releases. We recommend using io buffers instead.
WARNING: [aiecompiler 77-5890] 'mat_mul_k[7].in[0]' is a window port. Window ports are deprecated in this release and will be obsoleted in future releases. We recommend using io buffers instead.
WARNING: [aiecompiler 77-5890] 'mat_mul_k[7].in[1]' is a window port. Window ports are deprecated in this release and will be obsoleted in future releases. We recommend using io buffers instead.
WARNING: [aiecompiler 77-5890] 'mat_mul_k[7].out[0]' is a window port. Window ports are deprecated in this release and will be obsoleted in future releases. We recommend using io buffers instead.
WARNING: [aiecompiler 77-5890] 'mat_mul_k[8].in[0]' is a window port. Window ports are deprecated in this release and will be obsoleted in future releases. We recommend using io buffers instead.
WARNING: [aiecompiler 77-5890] 'mat_mul_k[8].in[1]' is a window port. Window ports are deprecated in this release and will be obsoleted in future releases. We recommend using io buffers instead.
WARNING: [aiecompiler 77-5890] 'mat_mul_k[8].out[0]' is a window port. Window ports are deprecated in this release and will be obsoleted in future releases. We recommend using io buffers instead.
WARNING: [aiecompiler 77-5890] 'mat_mul_k[9].in[0]' is a window port. Window ports are deprecated in this release and will be obsoleted in future releases. We recommend using io buffers instead.
WARNING: [aiecompiler 77-5890] 'mat_mul_k[9].in[1]' is a window port. Window ports are deprecated in this release and will be obsoleted in future releases. We recommend using io buffers instead.
WARNING: [aiecompiler 77-5890] 'mat_mul_k[9].out[0]' is a window port. Window ports are deprecated in this release and will be obsoleted in future releases. We recommend using io buffers instead.
WARNING: [aiecompiler 77-5890] 'mat_mul_k[10].in[0]' is a window port. Window ports are deprecated in this release and will be obsoleted in future releases. We recommend using io buffers instead.
WARNING: [aiecompiler 77-5890] 'mat_mul_k[10].in[1]' is a window port. Window ports are deprecated in this release and will be obsoleted in future releases. We recommend using io buffers instead.
WARNING: [aiecompiler 77-5890] 'mat_mul_k[10].out[0]' is a window port. Window ports are deprecated in this release and will be obsoleted in future releases. We recommend using io buffers instead.
WARNING: [aiecompiler 77-5890] 'mat_mul_k[11].in[0]' is a window port. Window ports are deprecated in this release and will be obsoleted in future releases. We recommend using io buffers instead.
WARNING: [aiecompiler 77-5890] 'mat_mul_k[11].in[1]' is a window port. Window ports are deprecated in this release and will be obsoleted in future releases. We recommend using io buffers instead.
WARNING: [aiecompiler 77-5890] 'mat_mul_k[11].out[0]' is a window port. Window ports are deprecated in this release and will be obsoleted in future releases. We recommend using io buffers instead.
WARNING: [aiecompiler 77-5890] 'mat_mul_k[12].in[0]' is a window port. Window ports are deprecated in this release and will be obsoleted in future releases. We recommend using io buffers instead.
WARNING: [aiecompiler 77-5890] 'mat_mul_k[12].in[1]' is a window port. Window ports are deprecated in this release and will be obsoleted in future releases. We recommend using io buffers instead.
WARNING: [aiecompiler 77-5890] 'mat_mul_k[12].out[0]' is a window port. Window ports are deprecated in this release and will be obsoleted in future releases. We recommend using io buffers instead.
WARNING: [aiecompiler 77-5890] 'mat_mul_k[13].in[0]' is a window port. Window ports are deprecated in this release and will be obsoleted in future releases. We recommend using io buffers instead.
WARNING: [aiecompiler 77-5890] 'mat_mul_k[13].in[1]' is a window port. Window ports are deprecated in this release and will be obsoleted in future releases. We recommend using io buffers instead.
WARNING: [aiecompiler 77-5890] 'mat_mul_k[13].out[0]' is a window port. Window ports are deprecated in this release and will be obsoleted in future releases. We recommend using io buffers instead.
WARNING: [aiecompiler 77-5890] 'mat_mul_k[14].in[0]' is a window port. Window ports are deprecated in this release and will be obsoleted in future releases. We recommend using io buffers instead.
WARNING: [aiecompiler 77-5890] 'mat_mul_k[14].in[1]' is a window port. Window ports are deprecated in this release and will be obsoleted in future releases. We recommend using io buffers instead.
WARNING: [aiecompiler 77-5890] 'mat_mul_k[14].out[0]' is a window port. Window ports are deprecated in this release and will be obsoleted in future releases. We recommend using io buffers instead.
WARNING: [aiecompiler 77-5890] 'mat_mul_k[15].in[0]' is a window port. Window ports are deprecated in this release and will be obsoleted in future releases. We recommend using io buffers instead.
WARNING: [aiecompiler 77-5890] 'mat_mul_k[15].in[1]' is a window port. Window ports are deprecated in this release and will be obsoleted in future releases. We recommend using io buffers instead.
WARNING: [aiecompiler 77-5890] 'mat_mul_k[15].out[0]' is a window port. Window ports are deprecated in this release and will be obsoleted in future releases. We recommend using io buffers instead.
INFO: [aiecompiler 75-4195] Writing AI Engine constraints file '/home/wes_2025_r_verma/capstone_project/Versal-Linux-cmd-clean_0507/gemm_multi_tile_4x4x1/./Work/temp/graph_meir_constraints.json'
INFO: [aiecompiler 75-4193] Reading constraints schema from /tools/Xilinx/Vitis/2024.1/aietools/data/aietools_constr_schema.json
INFO: [aiecompiler 77-6447] Executing Cmd: aieir_be --time-passes=0  --disable-om-fifo-insertion=false  --fast-nonlinearfloats=false  --high-performance=false  --single-mm2s-channel=false  --stacksize=1024  --output-archive=libadf.a  --disable-multirate=false  --include="/tools/Xilinx/Vitis/2024.1/aietools/include" --include="/home/wes_2025_r_verma/capstone_project/Versal-Linux-cmd-clean_0507/gemm_multi_tile_4x4x1/./aie" --include="/home/wes_2025_r_verma/capstone_project/Versal-Linux-cmd-clean_0507/gemm_multi_tile_4x4x1/./data" --include="/home/wes_2025_r_verma/capstone_project/Versal-Linux-cmd-clean_0507/gemm_multi_tile_4x4x1/./aie/kernels" --include="/home/wes_2025_r_verma/capstone_project/Versal-Linux-cmd-clean_0507/gemm_multi_tile_4x4x1/./" --fastmath=false  --event-trace-advanced-mapping=0  --gen-graph-cleanup=false  --use-canonical-net-names=false  --use-phy-shim=true  --trace-aiesim-option=0  --num-trace-streams=16  --adf-api-log-level=2  --enable-partition=0:50  --quiet=false  --exec-timed=0  --keep-intermediate-results=false  --enable-profiling=false  --runtime-opt=true  --disable-transform-merge-broadcast=false  --verbose=false  --nodot-graph=false  --disable-transform-broadcast-split=true  --pl-freq=312.5  --trace-plio-width=64  --broadcast-enable-core=true  --kernel-address-location=false  --target=hw --swfifo-threshold=40  --workdir=/home/wes_2025_r_verma/capstone_project/Versal-Linux-cmd-clean_0507/gemm_multi_tile_4x4x1/./Work  --exit-after=complete  --test-iterations=-1  --known-tripcount=false  --platform=/tools/Xilinx/Vitis/2024.1/base_platforms/xilinx_vck190_base_202410_1/xilinx_vck190_base_202410_1.xpfm  --write-partitioned-file=true  --schemafile=AIEGraphSchema.json  --lock-fence-mode=1  --enable-reconfig=false  --evaluate-fifo-depth=false  --event-trace-port=gmio --xlopt=0  --extend-trace-partition=false  --graph-iterator-event=false  --optimize-pktids=false  --no-init=false  --fast-floats=true  --large-kernel-program=false  --no-timer-sync=false  --heapsize=1024  --enable-reconfig-dma-autostart=false  --disable-dma-autostart=false  --json=/home/wes_2025_r_verma/capstone_project/Versal-Linux-cmd-clean_0507/gemm_multi_tile_4x4x1/./Work/temp/graph.json
INFO: [aiecompiler 77-3355] ###[Start]: Reading in platform specification from /tools/Xilinx/Vitis/2024.1/base_platforms/xilinx_vck190_base_202410_1/xilinx_vck190_base_202410_1.xpfm
INFO: [aiecompiler 55-2099] Unable to extract 'pdi_files' from /tools/Xilinx/Vitis/2024.1/base_platforms/xilinx_vck190_base_202410_1/hw/hw.xsa to /tools/Xilinx/Vitis/2024.1/base_platforms/xilinx_vck190_base_202410_1/hw/extracted/vitis_design_wrapper_0. XSA may not contain 'pdi_files' or the destination directory is read-only
INFO: [aiecompiler 55-2053] elapsed time for repository (/tools/Xilinx/Vivado/2024.1/data/embeddedsw) loading 0 seconds
INFO: [aiecompiler 77-3354] ###[Finish]:  Reading in platform specification from /tools/Xilinx/Vitis/2024.1/base_platforms/xilinx_vck190_base_202410_1/xilinx_vck190_base_202410_1.xpfm
INFO: [aiecompiler 21-403] Loading part xcvc1902-vsva2197-2MP-e-S
INFO: [aiecompiler 77-3379] Extracted physical device part from platform is : xcvc1902-vsva2197-2MP-e-S 
INFO: [aiecompiler 77-749] Reading logical device VC1902.json
INFO: [aiecompiler 77-750] Reading physical device xcvc1902-vsva2197-2MP-e-S
INFO: [aiecompiler 77-951] ###Start:Loading Device Part xcvc1902-vsva2197-2MP-e-S
INFO: [aiecompiler 77-950] ###Finish(0u 0s 0w):Loading Device Part xcvc1902-vsva2197-2MP-e-S
INFO: [aiecompiler 77-4400] Finish reading physical device xcvc1902-vsva2197-2MP-e-S
INFO: [aiecompiler 77-951] ###Start:Loading Device Part xcvc1902-vsva2197-2MP-e-S
INFO: [aiecompiler 77-950] ###Finish(0u 0s 0w):Loading Device Part xcvc1902-vsva2197-2MP-e-S
INFO: [aiecompiler 77-757] Opening input file: /home/wes_2025_r_verma/capstone_project/Versal-Linux-cmd-clean_0507/gemm_multi_tile_4x4x1/./Work/temp/graph.json
INFO: [aiecompiler 77-6287] Emitting AIEIr in file: /home/wes_2025_r_verma/capstone_project/Versal-Linux-cmd-clean_0507/gemm_multi_tile_4x4x1/./Work/temp/graph_aieir_dump.txt
INFO: [aiecompiler 77-656] Processing Graph 'root'
INFO: [aiecompiler 77-5917] Repetition count for mygraph.acc[0] is 1.
INFO: [aiecompiler 77-5917] Repetition count for mygraph.acc[2] is 1.
INFO: [aiecompiler 77-5917] Repetition count for mygraph.acc[3] is 1.
INFO: [aiecompiler 77-5917] Repetition count for mygraph.mat_mul_k[0] is 1.
INFO: [aiecompiler 77-5917] Repetition count for mygraph.mat_mul_k[1] is 1.
INFO: [aiecompiler 77-5917] Repetition count for mygraph.mat_mul_k[2] is 1.
INFO: [aiecompiler 77-5917] Repetition count for mygraph.mat_mul_k[3] is 1.
INFO: [aiecompiler 77-5917] Repetition count for mygraph.mat_mul_k[4] is 1.
INFO: [aiecompiler 77-5917] Repetition count for mygraph.mat_mul_k[5] is 1.
INFO: [aiecompiler 77-5917] Repetition count for mygraph.mat_mul_k[6] is 1.
INFO: [aiecompiler 77-5917] Repetition count for mygraph.mat_mul_k[7] is 1.
INFO: [aiecompiler 77-5917] Repetition count for mygraph.mat_mul_k[8] is 1.
INFO: [aiecompiler 77-5917] Repetition count for mygraph.mat_mul_k[9] is 1.
INFO: [aiecompiler 77-5917] Repetition count for mygraph.mat_mul_k[10] is 1.
INFO: [aiecompiler 77-5917] Repetition count for mygraph.mat_mul_k[11] is 1.
INFO: [aiecompiler 77-5917] Repetition count for mygraph.mat_mul_k[12] is 1.
INFO: [aiecompiler 77-5917] Repetition count for mygraph.mat_mul_k[13] is 1.
INFO: [aiecompiler 77-5917] Repetition count for mygraph.mat_mul_k[14] is 1.
INFO: [aiecompiler 77-5917] Repetition count for mygraph.mat_mul_k[15] is 1.
INFO: [aiecompiler 77-5917] Repetition count for mygraph.acc[1] is 1.
INFO: [aiecompiler 77-6276] DRC Results: 0 Errors
INFO: [aiecompiler 77-281] ###Writing Partition Data To JSON File /home/wes_2025_r_verma/capstone_project/Versal-Linux-cmd-clean_0507/gemm_multi_tile_4x4x1/./Work/temp/graph_partition.json
INFO: [aiecompiler 18-6358] GCLK_DESKEW_DEFAULT not specified in Clock Expansion Window constraints config file for device xcvc1902.  GCLK Deskew mode will be Off and cannot be enabled via GCLK_DESKEW override.
INFO: [aiecompiler 18-5720] The default GCLK Deskew mode is Off.
INFO: [aiecompiler 77-6313] Post Partition DRC Results: 0 Errors
INFO: [aiecompiler 75-4195] Writing AI Engine constraints file '/home/wes_2025_r_verma/capstone_project/Versal-Linux-cmd-clean_0507/gemm_multi_tile_4x4x1/./Work/temp/graph_aie_constraints_for_placer.aiecst'
INFO: [aiecompiler 75-4193] Reading constraints schema from /tools/Xilinx/Vitis/2024.1/aietools/data/aietools_constr_schema.json
Check AIE-PRE-MAPPER has run: 0 errors
AIE Mapper Partitioner succeeded.
INFO: [aiecompiler 47-778] Running Pass 1 of AIE Mapper.
INFO: [aiecompiler 47-777] Running Global placer
INFO: [aiecompiler 47-776] Running Detail placer
Check AIE-MAPPER has run: 0 errors
AIE Mapper Solution Checker succeeded.
INFO: [aiecompiler 77-280] ###Writing Mapped Data To JSON File /home/wes_2025_r_verma/capstone_project/Versal-Linux-cmd-clean_0507/gemm_multi_tile_4x4x1/./Work/temp/graph_mapped.json
INFO: [aiecompiler 77-1012] Writing Mapping Information To Constraints File /home/wes_2025_r_verma/capstone_project/Versal-Linux-cmd-clean_0507/gemm_multi_tile_4x4x1/./Work/temp/graph_aie_mapped.aiecst
 ####=>writeBufferInfoListAsConstraint 0x64fb2480 binfos.size() 2 i24_pi0 allBufferInfos: 2
 ####=>writeBufferInfoListAsConstraint 0x64fb2830 binfos.size() 2 i24_pi1 allBufferInfos: 2
 ####=>writeBufferInfoListAsConstraint 0x64fb2a90 binfos.size() 2 i24_pi2 allBufferInfos: 2
 ####=>writeBufferInfoListAsConstraint 0x64fb2cd0 binfos.size() 2 i24_pi3 allBufferInfos: 2
 ####=>writeBufferInfoListAsConstraint 0x64fb3580 binfos.size() 2 i24_po0 allBufferInfos: 2
 ####=>writeBufferInfoListAsConstraint 0x64fb37c0 binfos.size() 2 i25_pi0 allBufferInfos: 2
 ####=>writeBufferInfoListAsConstraint 0x64fb39d0 binfos.size() 2 i25_pi1 allBufferInfos: 2
 ####=>writeBufferInfoListAsConstraint 0x64fb3df0 binfos.size() 2 i25_pi2 allBufferInfos: 2
 ####=>writeBufferInfoListAsConstraint 0x64fb4030 binfos.size() 2 i25_pi3 allBufferInfos: 2
 ####=>writeBufferInfoListAsConstraint 0x64fb4ed0 binfos.size() 2 i25_po0 allBufferInfos: 2
 ####=>writeBufferInfoListAsConstraint 0x64fb5110 binfos.size() 2 i26_pi0 allBufferInfos: 2
 ####=>writeBufferInfoListAsConstraint 0x64fb5320 binfos.size() 2 i26_pi1 allBufferInfos: 2
 ####=>writeBufferInfoListAsConstraint 0x64fb4660 binfos.size() 2 i26_pi2 allBufferInfos: 2
 ####=>writeBufferInfoListAsConstraint 0x64fb48a0 binfos.size() 2 i26_pi3 allBufferInfos: 2
 ####=>writeBufferInfoListAsConstraint 0x64fb4b10 binfos.size() 2 i26_po0 allBufferInfos: 2
 ####=>writeBufferInfoListAsConstraint 0x64fb5740 binfos.size() 2 i27_pi0 allBufferInfos: 2
 ####=>writeBufferInfoListAsConstraint 0x64fb5950 binfos.size() 2 i27_pi1 allBufferInfos: 2
 ####=>writeBufferInfoListAsConstraint 0x64fb5b90 binfos.size() 2 i27_pi2 allBufferInfos: 2
 ####=>writeBufferInfoListAsConstraint 0x64fb5fb0 binfos.size() 2 i27_pi3 allBufferInfos: 2
 ####=>writeBufferInfoListAsConstraint 0x64fb6220 binfos.size() 2 i27_po0 allBufferInfos: 2
 ####=>writeBufferInfoListAsConstraint 0x64fb6460 binfos.size() 2 i28_pi0 allBufferInfos: 2
 ####=>writeBufferInfoListAsConstraint 0x64fb6820 binfos.size() 2 i28_pi1 allBufferInfos: 2
 ####=>writeBufferInfoListAsConstraint 0x64fb6a90 binfos.size() 2 i28_po0 allBufferInfos: 2
 ####=>writeBufferInfoListAsConstraint 0x64fb6d00 binfos.size() 2 i29_pi0 allBufferInfos: 2
 ####=>writeBufferInfoListAsConstraint 0x64fb7c90 binfos.size() 2 i29_pi1 allBufferInfos: 2
 ####=>writeBufferInfoListAsConstraint 0x64fb7f00 binfos.size() 2 i29_po0 allBufferInfos: 2
 ####=>writeBufferInfoListAsConstraint 0x64fb8170 binfos.size() 2 i30_pi0 allBufferInfos: 2
 ####=>writeBufferInfoListAsConstraint 0x64fb8500 binfos.size() 2 i30_pi1 allBufferInfos: 2
 ####=>writeBufferInfoListAsConstraint 0x64fb8770 binfos.size() 2 i30_po0 allBufferInfos: 2
 ####=>writeBufferInfoListAsConstraint 0x64fb89e0 binfos.size() 2 i31_pi0 allBufferInfos: 2
 ####=>writeBufferInfoListAsConstraint 0x64fb8d70 binfos.size() 2 i31_pi1 allBufferInfos: 2
 ####=>writeBufferInfoListAsConstraint 0x64fb8fe0 binfos.size() 2 i31_po0 allBufferInfos: 2
 ####=>writeBufferInfoListAsConstraint 0x64fb9250 binfos.size() 2 i32_pi0 allBufferInfos: 2
 ####=>writeBufferInfoListAsConstraint 0x64fb95e0 binfos.size() 2 i32_pi1 allBufferInfos: 2
 ####=>writeBufferInfoListAsConstraint 0x64fb9850 binfos.size() 2 i32_po0 allBufferInfos: 2
 ####=>writeBufferInfoListAsConstraint 0x64fb9ac0 binfos.size() 2 i33_pi0 allBufferInfos: 2
 ####=>writeBufferInfoListAsConstraint 0x64fb9e50 binfos.size() 2 i33_pi1 allBufferInfos: 2
 ####=>writeBufferInfoListAsConstraint 0x64fba0c0 binfos.size() 2 i33_po0 allBufferInfos: 2
 ####=>writeBufferInfoListAsConstraint 0x64fba330 binfos.size() 2 i34_pi0 allBufferInfos: 2
 ####=>writeBufferInfoListAsConstraint 0x64fba6c0 binfos.size() 2 i34_pi1 allBufferInfos: 2
 ####=>writeBufferInfoListAsConstraint 0x64fba930 binfos.size() 2 i34_po0 allBufferInfos: 2
 ####=>writeBufferInfoListAsConstraint 0x64fb42a0 binfos.size() 2 i35_pi0 allBufferInfos: 2
 ####=>writeBufferInfoListAsConstraint 0x64fbac30 binfos.size() 2 i35_pi1 allBufferInfos: 2
 ####=>writeBufferInfoListAsConstraint 0x64fbaf30 binfos.size() 2 i35_po0 allBufferInfos: 2
 ####=>writeBufferInfoListAsConstraint 0x64fbb1a0 binfos.size() 2 i36_pi0 allBufferInfos: 2
 ####=>writeBufferInfoListAsConstraint 0x64fbb440 binfos.size() 2 i36_pi1 allBufferInfos: 2
 ####=>writeBufferInfoListAsConstraint 0x64fbb7a0 binfos.size() 2 i36_po0 allBufferInfos: 2
 ####=>writeBufferInfoListAsConstraint 0x64fbba10 binfos.size() 2 i37_pi0 allBufferInfos: 2
 ####=>writeBufferInfoListAsConstraint 0x64fbbcb0 binfos.size() 2 i37_pi1 allBufferInfos: 2
 ####=>writeBufferInfoListAsConstraint 0x64fbc010 binfos.size() 2 i37_po0 allBufferInfos: 2
 ####=>writeBufferInfoListAsConstraint 0x64fbc280 binfos.size() 2 i38_pi0 allBufferInfos: 2
 ####=>writeBufferInfoListAsConstraint 0x64fbc520 binfos.size() 2 i38_pi1 allBufferInfos: 2
 ####=>writeBufferInfoListAsConstraint 0x64fbcd60 binfos.size() 2 i38_po0 allBufferInfos: 2
 ####=>writeBufferInfoListAsConstraint 0x64fbcfd0 binfos.size() 2 i39_pi0 allBufferInfos: 2
 ####=>writeBufferInfoListAsConstraint 0x64fbd270 binfos.size() 2 i39_pi1 allBufferInfos: 2
 ####=>writeBufferInfoListAsConstraint 0x64fbd5d0 binfos.size() 2 i39_po0 allBufferInfos: 2
 ####=>writeBufferInfoListAsConstraint 0x64fbd840 binfos.size() 2 i40_pi0 allBufferInfos: 2
 ####=>writeBufferInfoListAsConstraint 0x64fbdae0 binfos.size() 2 i40_pi1 allBufferInfos: 2
 ####=>writeBufferInfoListAsConstraint 0x64fbde40 binfos.size() 2 i40_po0 allBufferInfos: 2
 ####=>writeBufferInfoListAsConstraint 0x64fbe0b0 binfos.size() 2 i41_pi0 allBufferInfos: 2
 ####=>writeBufferInfoListAsConstraint 0x64fbe350 binfos.size() 2 i41_pi1 allBufferInfos: 2
 ####=>writeBufferInfoListAsConstraint 0x64fbe6b0 binfos.size() 2 i41_po0 allBufferInfos: 2
 ####=>writeBufferInfoListAsConstraint 0x64fbe920 binfos.size() 2 i42_pi0 allBufferInfos: 2
 ####=>writeBufferInfoListAsConstraint 0x64fbebc0 binfos.size() 2 i42_pi1 allBufferInfos: 2
 ####=>writeBufferInfoListAsConstraint 0x64fbef20 binfos.size() 2 i42_po0 allBufferInfos: 2
 ####=>writeBufferInfoListAsConstraint 0x64fbf190 binfos.size() 2 i43_pi0 allBufferInfos: 2
 ####=>writeBufferInfoListAsConstraint 0x64fbf430 binfos.size() 2 i43_pi1 allBufferInfos: 2
 ####=>writeBufferInfoListAsConstraint 0x64fbf790 binfos.size() 2 i43_po0 allBufferInfos: 2
INFO: [aiecompiler 75-4195] Writing AI Engine constraints file '/home/wes_2025_r_verma/capstone_project/Versal-Linux-cmd-clean_0507/gemm_multi_tile_4x4x1/./Work/temp/graph_aie_mapped.aiecst'
INFO: [aiecompiler 75-4193] Reading constraints schema from /tools/Xilinx/Vitis/2024.1/aietools/data/aietools_constr_schema.json
INFO: [aiecompiler 77-6291] Entering MAPPING ANALYSIS pass 
INFO: [aiecompiler 77-6306] Mapped filename /home/wes_2025_r_verma/capstone_project/Versal-Linux-cmd-clean_0507/gemm_multi_tile_4x4x1/./Work/temp/graph_mapped.json
INFO: [aiecompiler 77-4161] Generating AIE shim-constraint file at: /home/wes_2025_r_verma/capstone_project/Versal-Linux-cmd-clean_0507/gemm_multi_tile_4x4x1/./Work/arch/aie_interface.aieintfcst
INFO: [aiecompiler 77-4165] Opening AIE shim-constraints schema JSON file: /tools/Xilinx/Vivado/2024.1/data/parts/xilinx/common/noc/schemas/constraints.json
INFO: [aiecompiler 77-6284] Done with MAPPING ANALYSIS pass 
INFO: [aiecompiler 77-310] Generating logical architecture in file /home/wes_2025_r_verma/capstone_project/Versal-Linux-cmd-clean_0507/gemm_multi_tile_4x4x1/./Work/arch/logical_arch_aie.larch
INFO: [aiecompiler 77-313] Initializing logical architecture from file /home/wes_2025_r_verma/capstone_project/Versal-Linux-cmd-clean_0507/gemm_multi_tile_4x4x1/./Work/arch/logical_arch_aie.larch
INFO: [aiecompiler 77-6290] Entering INTERPOSER ANALYSIS pass
INFO: [aiecompiler 77-6281] Done with  INTERPOSER ANALYSIS pass
INFO: [aiecompiler 77-6570] For port 'mygraph.acc[0].out[0]', allocated DMA is 'tile: aie, col:36, row:2, channel:0, dir:mm2s'
INFO: [aiecompiler 77-6570] For port 'mygraph.acc[1].out[0]', allocated DMA is 'tile: aie, col:26, row:0, channel:0, dir:mm2s'
INFO: [aiecompiler 77-6570] For port 'mygraph.acc[2].out[0]', allocated DMA is 'tile: aie, col:23, row:2, channel:0, dir:mm2s'
INFO: [aiecompiler 77-6570] For port 'mygraph.acc[3].out[0]', allocated DMA is 'tile: aie, col:12, row:2, channel:0, dir:mm2s'
INFO: [aiecompiler 77-6570] For port 'mygraph.mat_mul_k[0].in[0]', allocated DMA is 'tile: aie, col:36, row:3, channel:0, dir:s2mm'
INFO: [aiecompiler 77-6570] For port 'mygraph.mat_mul_k[0].in[1]', allocated DMA is 'tile: aie, col:36, row:3, channel:1, dir:s2mm'
INFO: [aiecompiler 77-6570] For port 'mygraph.mat_mul_k[1].in[0]', allocated DMA is 'tile: aie, col:37, row:1, channel:0, dir:s2mm'
INFO: [aiecompiler 77-6570] For port 'mygraph.mat_mul_k[1].in[1]', allocated DMA is 'tile: aie, col:37, row:0, channel:0, dir:s2mm'
INFO: [aiecompiler 77-6570] For port 'mygraph.mat_mul_k[2].in[0]', allocated DMA is 'tile: aie, col:36, row:0, channel:0, dir:s2mm'
INFO: [aiecompiler 77-6570] For port 'mygraph.mat_mul_k[2].in[1]', allocated DMA is 'tile: aie, col:36, row:1, channel:0, dir:s2mm'
INFO: [aiecompiler 77-6570] For port 'mygraph.mat_mul_k[3].in[0]', allocated DMA is 'tile: aie, col:38, row:1, channel:0, dir:s2mm'
INFO: [aiecompiler 77-6570] For port 'mygraph.mat_mul_k[3].in[1]', allocated DMA is 'tile: aie, col:37, row:0, channel:1, dir:s2mm'
INFO: [aiecompiler 77-6570] For port 'mygraph.mat_mul_k[4].in[0]', allocated DMA is 'tile: aie, col:27, row:0, channel:0, dir:s2mm'
INFO: [aiecompiler 77-6570] For port 'mygraph.mat_mul_k[4].in[1]', allocated DMA is 'tile: aie, col:27, row:1, channel:0, dir:s2mm'
INFO: [aiecompiler 77-6570] For port 'mygraph.mat_mul_k[5].in[0]', allocated DMA is 'tile: aie, col:26, row:0, channel:0, dir:s2mm'
INFO: [aiecompiler 77-6570] For port 'mygraph.mat_mul_k[5].in[1]', allocated DMA is 'tile: aie, col:26, row:2, channel:0, dir:s2mm'
INFO: [aiecompiler 77-6570] For port 'mygraph.mat_mul_k[6].in[0]', allocated DMA is 'tile: aie, col:25, row:1, channel:0, dir:s2mm'
INFO: [aiecompiler 77-6570] For port 'mygraph.mat_mul_k[6].in[1]', allocated DMA is 'tile: aie, col:25, row:2, channel:0, dir:s2mm'
INFO: [aiecompiler 77-6570] For port 'mygraph.mat_mul_k[7].in[0]', allocated DMA is 'tile: aie, col:25, row:0, channel:0, dir:s2mm'
INFO: [aiecompiler 77-6570] For port 'mygraph.mat_mul_k[7].in[1]', allocated DMA is 'tile: aie, col:25, row:1, channel:1, dir:s2mm'
INFO: [aiecompiler 77-6570] For port 'mygraph.mat_mul_k[8].in[0]', allocated DMA is 'tile: aie, col:24, row:1, channel:0, dir:s2mm'
INFO: [aiecompiler 77-6570] For port 'mygraph.mat_mul_k[8].in[1]', allocated DMA is 'tile: aie, col:24, row:0, channel:0, dir:s2mm'
INFO: [aiecompiler 77-6570] For port 'mygraph.mat_mul_k[9].in[0]', allocated DMA is 'tile: aie, col:24, row:0, channel:1, dir:s2mm'
INFO: [aiecompiler 77-6570] For port 'mygraph.mat_mul_k[9].in[1]', allocated DMA is 'tile: aie, col:24, row:1, channel:1, dir:s2mm'
INFO: [aiecompiler 77-6570] For port 'mygraph.mat_mul_k[10].in[0]', allocated DMA is 'tile: aie, col:23, row:0, channel:0, dir:s2mm'
INFO: [aiecompiler 77-6570] For port 'mygraph.mat_mul_k[10].in[1]', allocated DMA is 'tile: aie, col:22, row:0, channel:0, dir:s2mm'
INFO: [aiecompiler 77-6570] For port 'mygraph.mat_mul_k[11].in[0]', allocated DMA is 'tile: aie, col:22, row:2, channel:0, dir:s2mm'
INFO: [aiecompiler 77-6570] For port 'mygraph.mat_mul_k[11].in[1]', allocated DMA is 'tile: aie, col:22, row:2, channel:1, dir:s2mm'
INFO: [aiecompiler 77-6570] For port 'mygraph.mat_mul_k[12].in[0]', allocated DMA is 'tile: aie, col:12, row:1, channel:0, dir:s2mm'
INFO: [aiecompiler 77-6570] For port 'mygraph.mat_mul_k[12].in[1]', allocated DMA is 'tile: aie, col:11, row:0, channel:0, dir:s2mm'
INFO: [aiecompiler 77-6570] For port 'mygraph.mat_mul_k[13].in[0]', allocated DMA is 'tile: aie, col:12, row:3, channel:0, dir:s2mm'
INFO: [aiecompiler 77-6570] For port 'mygraph.mat_mul_k[13].in[1]', allocated DMA is 'tile: aie, col:12, row:1, channel:1, dir:s2mm'
INFO: [aiecompiler 77-6570] For port 'mygraph.mat_mul_k[14].in[0]', allocated DMA is 'tile: aie, col:13, row:1, channel:0, dir:s2mm'
INFO: [aiecompiler 77-6570] For port 'mygraph.mat_mul_k[14].in[1]', allocated DMA is 'tile: aie, col:12, row:0, channel:0, dir:s2mm'
INFO: [aiecompiler 77-6570] For port 'mygraph.mat_mul_k[15].in[0]', allocated DMA is 'tile: aie, col:13, row:0, channel:0, dir:s2mm'
INFO: [aiecompiler 77-6570] For port 'mygraph.mat_mul_k[15].in[1]', allocated DMA is 'tile: aie, col:13, row:2, channel:0, dir:s2mm'
Target Part xcvc1902-vsva2197-2MP-e-S 0x3aefda10
Create HARTArchHelperV8
Create HARTArchHelperV8
Create HARTArchHelperV10
HARTArchConstsV10::initialize
BOUNCE_MIN_DIST 1, 1
HARTArchConstsV10::initialize - done
New Arch Helper: 0x9ca77710 for device: 0x3aefda10
INFO: [aiecompiler 35-3142] AIE Router building the Nodegraph
FirstActiveCoreTileCol 0 FirstArctiveCoreTileRow 0
FirstActiveCoreTileCol 0 FirstArctiveCoreTileRow 1
INFO: [aiecompiler 35-3197] AIE Router finished building the Nodegraph.
INFO: [aiecompiler 35-3196] AIE Router Nodegraph build cpu time 4.190000 wall time 4.190000
INFO: [aiecompiler 35-3225] AIE Router starting Netlist building.
INFO: [aiecompiler 35-3162] AIE Router creating Pin Mapper
Running AIE Post-Map Finalizer.
Post-Map Finalizer succeeded.
INFO: [aiecompiler 35-3211] AIE Router finished creating Pin Mapper.
INFO: [aiecompiler 35-3212] AIE Router Pin Mapper creation cpu time 0.020000 wall time 0.020000
Number of Horizontal Crossings across a cut: 36
Post Netlist Builder Checksum | NetGraph: a6e1790e | NumContArr: 7bced98c
INFO: [aiecompiler 35-3182] AIE Router finished building the Netlist.
INFO: [aiecompiler 35-3183] AIE Router Netlist building cpu time 0.020000 wall time 0.020000
INFO: [aiecompiler 35-3223] AIE Router starting Constraint Manager.
Area group: Exclude(Exclusive)  Contain Routing Rects : {{(0, 1)(49, 8)} {(0, 0)(49, 0)}  excluding portions of netIds from this group: { } containing portions of netIds in this group: { 0 1 2 3 4 5 6 7 8 9 10 11 12 13 14 15 16 17 18 19 20 21 22 23 }
INFO: [aiecompiler 35-3148] AIE Router finished reading area constraints.
INFO: [aiecompiler 35-3147] AIE Router Constraint Manager cpu time -0.000000 wall time -0.000000
INFO: [aiecompiler 35-3326] AIE Router starting projection of pins
Running AIE Post-Map Finalizer.
Post-Map Finalizer succeeded.
INFO: [aiecompiler 35-3325] AIE Router finished projection of pins
INFO: [aiecompiler 35-3324] AIE Router Projection cpu time 0.000000 wall time 0.000000
INFO: [aiecompiler 35-3224] AIE Router starting Cost Builder.
INFO: [aiecompiler 35-3152] AIE Router finished Cost Builder.
INFO: [aiecompiler 35-3151] AIE Router Cost Builder cpu time 0.000000 wall time 0.000000
INFO: [aiecompiler 35-3226] AIE Router starting to route nets.
Cost Coeffs: m_costCoef 1, m_congCostCoef 0.3, m_iterCostCoef 0.4, m_histCostCoef 3
CostMgr nodeGraph::getClkRgnInfo status: 0
Setting minatree comps to 5000
Creating HDRTPinDelayHelperV10 for floorplan 0x76e84430
HDRTPinDelayHelperV10:: Creating pin delay helper
popping debug nodes from file  set using param route.printExpandDebugNodes
Min Local Branch Penalty = 10
Min Type Branch Penalty = 10
Outbound Branch Penalty = 20
Setting pin congestion multipler to 1
BufferFromBel: buf0 on (36,2,1) has: <0,1024>
BufferFromBel: buf0 on (36,2,1) has: <globalOffset, fullSize> <8192,1024>
BufferFromBel: buf1 on (26,0,2) has: <512,1024>
BufferFromBel: buf1 on (26,0,2) has: <globalOffset, fullSize> <16896,1024>
BufferFromBel: buf2 on (23,2,0) has: <0,1024>
BufferFromBel: buf2 on (23,2,0) has: <globalOffset, fullSize> <0,1024>
BufferFromBel: buf3 on (12,2,2) has: <0,1024>
BufferFromBel: buf3 on (12,2,2) has: <globalOffset, fullSize> <16384,1024>
BufferFromBel: buf4 on (36,3,0) has: <0,512>
BufferFromBel: buf4 on (36,3,0) has: <globalOffset, fullSize> <0,512>
BufferFromBel: buf5 on (36,3,2) has: <0,512>
BufferFromBel: buf5 on (36,3,2) has: <globalOffset, fullSize> <16384,512>
BufferFromBel: buf6 on (27,1,0) has: <0,512>
BufferFromBel: buf6 on (27,1,0) has: <globalOffset, fullSize> <0,512>
BufferFromBel: buf7 on (24,0,2) has: <0,512>
BufferFromBel: buf7 on (24,0,2) has: <globalOffset, fullSize> <16384,512>
BufferFromBel: buf8 on (11,0,0) has: <0,512>
BufferFromBel: buf8 on (11,0,0) has: <globalOffset, fullSize> <0,512>
BufferFromBel: buf9 on (36,2,2) has: <0,1024>
BufferFromBel: buf9 on (36,2,2) has: <globalOffset, fullSize> <16384,1024>
BufferFromBel: buf10 on (37,1,2) has: <0,512>
BufferFromBel: buf10 on (37,1,2) has: <globalOffset, fullSize> <16384,512>
BufferFromBel: buf11 on (37,0,2) has: <0,512>
BufferFromBel: buf11 on (37,0,2) has: <globalOffset, fullSize> <16384,512>
BufferFromBel: buf12 on (26,2,0) has: <0,512>
BufferFromBel: buf12 on (26,2,0) has: <globalOffset, fullSize> <0,512>
BufferFromBel: buf13 on (24,1,2) has: <7680,512>
BufferFromBel: buf13 on (24,1,2) has: <globalOffset, fullSize> <24064,512>
BufferFromBel: buf14 on (12,1,3) has: <7680,512>
BufferFromBel: buf14 on (12,1,3) has: <globalOffset, fullSize> <32256,512>
BufferFromBel: buf15 on (37,1,3) has: <0,1024>
BufferFromBel: buf15 on (37,1,3) has: <globalOffset, fullSize> <24576,1024>
BufferFromBel: buf16 on (36,0,0) has: <512,512>
BufferFromBel: buf16 on (36,0,0) has: <globalOffset, fullSize> <512,512>
BufferFromBel: buf17 on (36,1,2) has: <0,512>
BufferFromBel: buf17 on (36,1,2) has: <globalOffset, fullSize> <16384,512>
BufferFromBel: buf18 on (25,2,0) has: <0,512>
BufferFromBel: buf18 on (25,2,0) has: <globalOffset, fullSize> <0,512>
BufferFromBel: buf19 on (22,0,0) has: <0,512>
BufferFromBel: buf19 on (22,0,0) has: <globalOffset, fullSize> <0,512>
BufferFromBel: buf20 on (12,0,0) has: <0,512>
BufferFromBel: buf20 on (12,0,0) has: <globalOffset, fullSize> <0,512>
BufferFromBel: buf21 on (36,1,3) has: <0,1024>
BufferFromBel: buf21 on (36,1,3) has: <globalOffset, fullSize> <24576,1024>
BufferFromBel: buf22 on (38,1,0) has: <0,512>
BufferFromBel: buf22 on (38,1,0) has: <globalOffset, fullSize> <0,512>
BufferFromBel: buf23 on (37,0,0) has: <0,512>
BufferFromBel: buf23 on (37,0,0) has: <globalOffset, fullSize> <0,512>
BufferFromBel: buf24 on (25,1,0) has: <0,512>
BufferFromBel: buf24 on (25,1,0) has: <globalOffset, fullSize> <0,512>
BufferFromBel: buf25 on (22,2,2) has: <0,512>
BufferFromBel: buf25 on (22,2,2) has: <globalOffset, fullSize> <16384,512>
BufferFromBel: buf26 on (13,2,0) has: <0,512>
BufferFromBel: buf26 on (13,2,0) has: <globalOffset, fullSize> <0,512>
BufferFromBel: buf27 on (37,1,2) has: <512,1024>
BufferFromBel: buf27 on (37,1,2) has: <globalOffset, fullSize> <16896,1024>
BufferFromBel: buf28 on (27,0,0) has: <0,512>
BufferFromBel: buf28 on (27,0,0) has: <globalOffset, fullSize> <0,512>
BufferFromBel: buf29 on (26,0,0) has: <6656,1024>
BufferFromBel: buf29 on (26,0,0) has: <globalOffset, fullSize> <6656,1024>
BufferFromBel: buf30 on (26,0,0) has: <7680,512>
BufferFromBel: buf30 on (26,0,0) has: <globalOffset, fullSize> <7680,512>
BufferFromBel: buf31 on (26,1,1) has: <0,1024>
BufferFromBel: buf31 on (26,1,1) has: <globalOffset, fullSize> <8192,1024>
BufferFromBel: buf32 on (25,1,0) has: <512,512>
BufferFromBel: buf32 on (25,1,0) has: <globalOffset, fullSize> <512,512>
BufferFromBel: buf33 on (26,1,2) has: <0,1024>
BufferFromBel: buf33 on (26,1,2) has: <globalOffset, fullSize> <16384,1024>
BufferFromBel: buf34 on (25,0,3) has: <0,512>
BufferFromBel: buf34 on (25,0,3) has: <globalOffset, fullSize> <24576,512>
BufferFromBel: buf35 on (25,0,1) has: <512,1024>
BufferFromBel: buf35 on (25,0,1) has: <globalOffset, fullSize> <8704,1024>
BufferFromBel: buf36 on (24,1,3) has: <0,512>
BufferFromBel: buf36 on (24,1,3) has: <globalOffset, fullSize> <24576,512>
BufferFromBel: buf37 on (24,1,2) has: <512,1024>
BufferFromBel: buf37 on (24,1,2) has: <globalOffset, fullSize> <16896,1024>
BufferFromBel: buf38 on (24,0,3) has: <0,512>
BufferFromBel: buf38 on (24,0,3) has: <globalOffset, fullSize> <24576,512>
BufferFromBel: buf39 on (24,1,3) has: <512,1024>
BufferFromBel: buf39 on (24,1,3) has: <globalOffset, fullSize> <25088,1024>
BufferFromBel: buf40 on (23,0,2) has: <0,512>
BufferFromBel: buf40 on (23,0,2) has: <globalOffset, fullSize> <16384,512>
BufferFromBel: buf41 on (23,0,0) has: <0,1024>
BufferFromBel: buf41 on (23,0,0) has: <globalOffset, fullSize> <0,1024>
BufferFromBel: buf42 on (22,2,0) has: <0,512>
BufferFromBel: buf42 on (22,2,0) has: <globalOffset, fullSize> <0,512>
BufferFromBel: buf43 on (23,1,2) has: <0,1024>
BufferFromBel: buf43 on (23,1,2) has: <globalOffset, fullSize> <16384,1024>
BufferFromBel: buf44 on (12,1,1) has: <0,512>
BufferFromBel: buf44 on (12,1,1) has: <globalOffset, fullSize> <8192,512>
BufferFromBel: buf45 on (12,0,3) has: <0,1024>
BufferFromBel: buf45 on (12,0,3) has: <globalOffset, fullSize> <24576,1024>
BufferFromBel: buf46 on (12,3,1) has: <0,512>
BufferFromBel: buf46 on (12,3,1) has: <globalOffset, fullSize> <8192,512>
BufferFromBel: buf47 on (12,2,3) has: <0,1024>
BufferFromBel: buf47 on (12,2,3) has: <globalOffset, fullSize> <24576,1024>
BufferFromBel: buf48 on (13,1,2) has: <0,512>
BufferFromBel: buf48 on (13,1,2) has: <globalOffset, fullSize> <16384,512>
BufferFromBel: buf49 on (13,1,0) has: <7168,1024>
BufferFromBel: buf49 on (13,1,0) has: <globalOffset, fullSize> <7168,1024>
BufferFromBel: buf50 on (13,0,2) has: <0,512>
BufferFromBel: buf50 on (13,0,2) has: <globalOffset, fullSize> <16384,512>
BufferFromBel: buf51 on (13,1,2) has: <512,1024>
BufferFromBel: buf51 on (13,1,2) has: <globalOffset, fullSize> <16896,1024>
BufferFromBel: sysmem52 on (36,1,1) has: <0,2080>
BufferFromBel: sysmem52 on (36,1,1) has: <globalOffset, fullSize> <8192,2080>
BufferFromBel: sysmem53 on (26,0,3) has: <1024,2080>
BufferFromBel: sysmem53 on (26,0,3) has: <globalOffset, fullSize> <25600,2080>
BufferFromBel: sysmem54 on (23,1,0) has: <0,2080>
BufferFromBel: sysmem54 on (23,1,0) has: <globalOffset, fullSize> <0,2080>
BufferFromBel: sysmem55 on (12,2,0) has: <0,2080>
BufferFromBel: sysmem55 on (12,2,0) has: <globalOffset, fullSize> <0,2080>
BufferFromBel: sysmem56 on (36,1,0) has: <0,2080>
BufferFromBel: sysmem56 on (36,1,0) has: <globalOffset, fullSize> <0,2080>
BufferFromBel: sysmem57 on (36,0,2) has: <3072,2080>
BufferFromBel: sysmem57 on (36,0,2) has: <globalOffset, fullSize> <19456,2080>
BufferFromBel: sysmem58 on (36,1,2) has: <512,2080>
BufferFromBel: sysmem58 on (36,1,2) has: <globalOffset, fullSize> <16896,2080>
BufferFromBel: sysmem59 on (37,2,0) has: <0,2080>
BufferFromBel: sysmem59 on (37,2,0) has: <globalOffset, fullSize> <0,2080>
BufferFromBel: sysmem60 on (26,0,0) has: <4576,2080>
BufferFromBel: sysmem60 on (26,0,0) has: <globalOffset, fullSize> <4576,2080>
BufferFromBel: sysmem61 on (26,0,1) has: <6112,2080>
BufferFromBel: sysmem61 on (26,0,1) has: <globalOffset, fullSize> <14304,2080>
BufferFromBel: sysmem62 on (25,1,2) has: <3072,2080>
BufferFromBel: sysmem62 on (25,1,2) has: <globalOffset, fullSize> <19456,2080>
BufferFromBel: sysmem63 on (25,0,0) has: <4576,2080>
BufferFromBel: sysmem63 on (25,0,0) has: <globalOffset, fullSize> <4576,2080>
BufferFromBel: sysmem64 on (24,1,0) has: <1024,2080>
BufferFromBel: sysmem64 on (24,1,0) has: <globalOffset, fullSize> <1024,2080>
BufferFromBel: sysmem65 on (24,1,1) has: <5600,2080>
BufferFromBel: sysmem65 on (24,1,1) has: <globalOffset, fullSize> <13792,2080>
BufferFromBel: sysmem66 on (22,0,2) has: <3072,2080>
BufferFromBel: sysmem66 on (22,0,2) has: <globalOffset, fullSize> <19456,2080>
BufferFromBel: sysmem67 on (22,1,0) has: <0,2080>
BufferFromBel: sysmem67 on (22,1,0) has: <globalOffset, fullSize> <0,2080>
BufferFromBel: sysmem68 on (12,1,0) has: <0,2080>
BufferFromBel: sysmem68 on (12,1,0) has: <globalOffset, fullSize> <0,2080>
BufferFromBel: sysmem69 on (12,1,1) has: <512,2080>
BufferFromBel: sysmem69 on (12,1,1) has: <globalOffset, fullSize> <8704,2080>
BufferFromBel: sysmem70 on (13,1,0) has: <5088,2080>
BufferFromBel: sysmem70 on (13,1,0) has: <globalOffset, fullSize> <5088,2080>
BufferFromBel: sysmem71 on (13,0,1) has: <864,2080>
BufferFromBel: sysmem71 on (13,0,1) has: <globalOffset, fullSize> <9056,2080>
BufferFromBel: buf0d on (36,2,3) has: <0,1024>
BufferFromBel: buf0d on (36,2,3) has: <globalOffset, fullSize> <24576,1024>
BufferFromBel: buf1d on (26,0,1) has: <5088,1024>
BufferFromBel: buf1d on (26,0,1) has: <globalOffset, fullSize> <13280,1024>
BufferFromBel: buf2d on (23,2,1) has: <0,1024>
BufferFromBel: buf2d on (23,2,1) has: <globalOffset, fullSize> <8192,1024>
BufferFromBel: buf3d on (12,2,0) has: <2080,1024>
BufferFromBel: buf3d on (12,2,0) has: <globalOffset, fullSize> <2080,1024>
BufferFromBel: buf4d on (36,3,1) has: <0,512>
BufferFromBel: buf4d on (36,3,1) has: <globalOffset, fullSize> <8192,512>
BufferFromBel: buf5d on (36,3,3) has: <0,512>
BufferFromBel: buf5d on (36,3,3) has: <globalOffset, fullSize> <24576,512>
BufferFromBel: buf6d on (27,1,1) has: <0,512>
BufferFromBel: buf6d on (27,1,1) has: <globalOffset, fullSize> <8192,512>
BufferFromBel: buf7d on (24,0,0) has: <3840,512>
BufferFromBel: buf7d on (24,0,0) has: <globalOffset, fullSize> <3840,512>
BufferFromBel: buf8d on (11,0,1) has: <0,512>
BufferFromBel: buf8d on (11,0,1) has: <globalOffset, fullSize> <8192,512>
BufferFromBel: buf9d on (36,2,0) has: <0,1024>
BufferFromBel: buf9d on (36,2,0) has: <globalOffset, fullSize> <0,1024>
BufferFromBel: buf10d on (37,1,0) has: <0,512>
BufferFromBel: buf10d on (37,1,0) has: <globalOffset, fullSize> <0,512>
BufferFromBel: buf11d on (37,0,3) has: <0,512>
BufferFromBel: buf11d on (37,0,3) has: <globalOffset, fullSize> <24576,512>
BufferFromBel: buf12d on (26,2,1) has: <0,512>
BufferFromBel: buf12d on (26,2,1) has: <globalOffset, fullSize> <8192,512>
BufferFromBel: buf13d on (24,1,0) has: <3104,512>
BufferFromBel: buf13d on (24,1,0) has: <globalOffset, fullSize> <3104,512>
BufferFromBel: buf14d on (12,1,2) has: <0,512>
BufferFromBel: buf14d on (12,1,2) has: <globalOffset, fullSize> <16384,512>
BufferFromBel: buf15d on (37,1,1) has: <7168,1024>
BufferFromBel: buf15d on (37,1,1) has: <globalOffset, fullSize> <15360,1024>
BufferFromBel: buf16d on (36,0,3) has: <0,512>
BufferFromBel: buf16d on (36,0,3) has: <globalOffset, fullSize> <24576,512>
BufferFromBel: buf17d on (36,1,0) has: <4672,512>
BufferFromBel: buf17d on (36,1,0) has: <globalOffset, fullSize> <4672,512>
BufferFromBel: buf18d on (25,2,1) has: <0,512>
BufferFromBel: buf18d on (25,2,1) has: <globalOffset, fullSize> <8192,512>
BufferFromBel: buf19d on (22,0,1) has: <0,512>
BufferFromBel: buf19d on (22,0,1) has: <globalOffset, fullSize> <8192,512>
BufferFromBel: buf20d on (12,0,1) has: <512,512>
BufferFromBel: buf20d on (12,0,1) has: <globalOffset, fullSize> <8704,512>
BufferFromBel: buf21d on (36,1,1) has: <2080,1024>
BufferFromBel: buf21d on (36,1,1) has: <globalOffset, fullSize> <10272,1024>
BufferFromBel: buf22d on (38,1,1) has: <0,512>
BufferFromBel: buf22d on (38,1,1) has: <globalOffset, fullSize> <8192,512>
BufferFromBel: buf23d on (37,0,1) has: <0,512>
BufferFromBel: buf23d on (37,0,1) has: <globalOffset, fullSize> <8192,512>
BufferFromBel: buf24d on (25,1,1) has: <0,512>
BufferFromBel: buf24d on (25,1,1) has: <globalOffset, fullSize> <8192,512>
BufferFromBel: buf25d on (22,2,3) has: <0,512>
BufferFromBel: buf25d on (22,2,3) has: <globalOffset, fullSize> <24576,512>
BufferFromBel: buf26d on (13,2,1) has: <0,512>
BufferFromBel: buf26d on (13,2,1) has: <globalOffset, fullSize> <8192,512>
BufferFromBel: buf27d on (37,1,0) has: <512,1024>
BufferFromBel: buf27d on (37,1,0) has: <globalOffset, fullSize> <512,1024>
BufferFromBel: buf28d on (27,0,1) has: <0,512>
BufferFromBel: buf28d on (27,0,1) has: <globalOffset, fullSize> <8192,512>
BufferFromBel: buf29d on (26,0,3) has: <0,1024>
BufferFromBel: buf29d on (26,0,3) has: <globalOffset, fullSize> <24576,1024>
BufferFromBel: buf30d on (26,0,1) has: <4576,512>
BufferFromBel: buf30d on (26,0,1) has: <globalOffset, fullSize> <12768,512>
BufferFromBel: buf31d on (26,1,3) has: <0,1024>
BufferFromBel: buf31d on (26,1,3) has: <globalOffset, fullSize> <24576,1024>
BufferFromBel: buf32d on (25,1,3) has: <0,512>
BufferFromBel: buf32d on (25,1,3) has: <globalOffset, fullSize> <24576,512>
BufferFromBel: buf33d on (26,1,0) has: <0,1024>
BufferFromBel: buf33d on (26,1,0) has: <globalOffset, fullSize> <0,1024>
BufferFromBel: buf34d on (25,0,2) has: <7680,512>
BufferFromBel: buf34d on (25,0,2) has: <globalOffset, fullSize> <24064,512>
BufferFromBel: buf35d on (25,0,0) has: <7168,1024>
BufferFromBel: buf35d on (25,0,0) has: <globalOffset, fullSize> <7168,1024>
BufferFromBel: buf36d on (24,1,1) has: <7680,512>
BufferFromBel: buf36d on (24,1,1) has: <globalOffset, fullSize> <15872,512>
BufferFromBel: buf37d on (24,1,0) has: <0,1024>
BufferFromBel: buf37d on (24,1,0) has: <globalOffset, fullSize> <0,1024>
BufferFromBel: buf38d on (24,0,1) has: <0,512>
BufferFromBel: buf38d on (24,0,1) has: <globalOffset, fullSize> <8192,512>
BufferFromBel: buf39d on (24,1,1) has: <4576,1024>
BufferFromBel: buf39d on (24,1,1) has: <globalOffset, fullSize> <12768,1024>
BufferFromBel: buf40d on (23,0,3) has: <0,512>
BufferFromBel: buf40d on (23,0,3) has: <globalOffset, fullSize> <24576,512>
BufferFromBel: buf41d on (23,0,1) has: <4736,1024>
BufferFromBel: buf41d on (23,0,1) has: <globalOffset, fullSize> <12928,1024>
BufferFromBel: buf42d on (22,2,1) has: <0,512>
BufferFromBel: buf42d on (22,2,1) has: <globalOffset, fullSize> <8192,512>
BufferFromBel: buf43d on (23,1,1) has: <1024,1024>
BufferFromBel: buf43d on (23,1,1) has: <globalOffset, fullSize> <9216,1024>
BufferFromBel: buf44d on (12,1,0) has: <2080,512>
BufferFromBel: buf44d on (12,1,0) has: <globalOffset, fullSize> <2080,512>
BufferFromBel: buf45d on (12,0,2) has: <0,1024>
BufferFromBel: buf45d on (12,0,2) has: <globalOffset, fullSize> <16384,1024>
BufferFromBel: buf46d on (12,3,0) has: <512,512>
BufferFromBel: buf46d on (12,3,0) has: <globalOffset, fullSize> <512,512>
BufferFromBel: buf47d on (12,2,1) has: <0,1024>
BufferFromBel: buf47d on (12,2,1) has: <globalOffset, fullSize> <8192,1024>
BufferFromBel: buf48d on (13,1,1) has: <0,512>
BufferFromBel: buf48d on (13,1,1) has: <globalOffset, fullSize> <8192,512>
BufferFromBel: buf49d on (13,1,3) has: <512,1024>
BufferFromBel: buf49d on (13,1,3) has: <globalOffset, fullSize> <25088,1024>
BufferFromBel: buf50d on (13,0,3) has: <0,512>
BufferFromBel: buf50d on (13,0,3) has: <globalOffset, fullSize> <24576,512>
BufferFromBel: buf51d on (13,1,1) has: <7168,1024>
BufferFromBel: buf51d on (13,1,1) has: <globalOffset, fullSize> <15360,1024>
Total number of components: 1
No FIFO terms found to need Global ILP, skipping

--GLOBAL Congestion:
Utilization threshold used for congestion level computation: 1
Congestion Report
North Dir Cong Level = 0 Max Cong = 0.333333 No Congested Regions.
South Dir Cong Level = 0 Max Cong = 0.25 No Congested Regions.
East Dir Cong Level = 0 Max Cong = 0.5 No Congested Regions.
West Dir Cong Level = 0 Max Cong = 0.5 No Congested Regions.

------------------------------
Reporting congestion hotspots
------------------------------
Direction: North
----------------
Congested clusters found at Level 0
Effective congestion level: 0 Aspect Ratio: 1 Sparse Ratio: 0
Direction: South
----------------
Congested clusters found at Level 0
Effective congestion level: 0 Aspect Ratio: 1 Sparse Ratio: 0
Direction: East
----------------
Congested clusters found at Level 0
Effective congestion level: 0 Aspect Ratio: 1 Sparse Ratio: 0
Direction: West
----------------
Congested clusters found at Level 0
Effective congestion level: 0 Aspect Ratio: 1 Sparse Ratio: 0


INFO: [aiecompiler 35-21] Average Estimated Local Routing Congestion:
 +-----------+-------------+-------------+
 | Direction | Region Size | Utilization |
 +-----------+-------------+-------------+
 | North     | 1 x 1       |      33.33% |
 | South     | 1 x 1       |      25.00% |
 | East      | 1 x 1       |      50.00% |
 | West      | 1 x 1       |      50.00% |
 +-----------+-------------+-------------+

NORTH:
*********************************************************************************************************************************
* 1             * 2             * 3             * 4             * 5             * 6             * 7             * 8             *
*********************************************************************************************************************************
| 30000 (6.67%) | 30000 (4.33%) | 30000 (2.33%) | 30000 (1.00%) | 30000 (0.00%) | 30000 (0.00%) | 30000 (0.00%) | 30000 (0.00%) |
~~~~~~~~~~~~~~~~~~~~~~~~~~~~~~~~~~~~~~~~~~~~~~~~~~~~~~~~~~~~~~~~~~~~~~~~~~~~~~~~~~~~~~~~~~~~~~~~~~~~~~~~~~~~~~~~~~~~~~~~~~~~~~~~~
SOUTH:
*********************************************************************************************************************************
* 1             * 2             * 3             * 4             * 5             * 6             * 7             * 8             *
*********************************************************************************************************************************
| 20000 (2.00%) | 20000 (2.00%) | 20000 (1.50%) | 20000 (0.00%) | 20000 (0.00%) | 20000 (0.00%) | 20000 (0.00%) | 20000 (0.00%) |
~~~~~~~~~~~~~~~~~~~~~~~~~~~~~~~~~~~~~~~~~~~~~~~~~~~~~~~~~~~~~~~~~~~~~~~~~~~~~~~~~~~~~~~~~~~~~~~~~~~~~~~~~~~~~~~~~~~~~~~~~~~~~~~~~
EAST:
*************************************************************************************************************************************************************************************************************************************************************************************************************************************************************************************************************************************************************************************************************************************************************************************************************************************************************************************************************************************************************************
* 1            * 2            * 3            * 4            * 5            * 6            * 7            * 8            * 9            * 10           * 11           * 12           * 13           * 14           * 15           * 16           * 17           * 18           * 19           * 20           * 21           * 22           * 23           * 24           * 25           * 26           * 27           * 28            * 29            * 30            * 31            * 32            * 33            * 34            * 35            * 36            * 37           * 38           * 39           * 40           * 41           * 42           * 43           * 44           * 45           * 46           * 47           * 48           * 49           *
*************************************************************************************************************************************************************************************************************************************************************************************************************************************************************************************************************************************************************************************************************************************************************************************************************************************************************************************************************************************************************************
| 3600 (0.00%) | 3600 (0.00%) | 3600 (0.00%) | 3600 (0.00%) | 3600 (0.00%) | 3600 (0.00%) | 3600 (0.00%) | 3600 (0.00%) | 3600 (0.00%) | 3600 (0.00%) | 3600 (0.00%) | 3600 (0.00%) | 3600 (0.00%) | 3600 (0.00%) | 3600 (0.00%) | 3600 (0.00%) | 3600 (0.00%) | 3600 (0.00%) | 3600 (0.00%) | 3600 (0.00%) | 3600 (0.00%) | 3600 (0.00%) | 3600 (2.78%) | 3600 (5.56%) | 3600 (5.56%) | 3600 (5.56%) | 3600 (8.33%) | 3600 (11.11%) | 3600 (11.11%) | 3600 (11.11%) | 3600 (11.11%) | 3600 (11.11%) | 3600 (11.11%) | 3600 (11.11%) | 3600 (11.11%) | 3600 (11.11%) | 3600 (5.56%) | 3600 (2.78%) | 3600 (0.00%) | 3600 (0.00%) | 3600 (0.00%) | 3600 (0.00%) | 3600 (0.00%) | 3600 (0.00%) | 3600 (0.00%) | 3600 (0.00%) | 3600 (0.00%) | 3600 (0.00%) | 3600 (0.00%) |
~~~~~~~~~~~~~~~~~~~~~~~~~~~~~~~~~~~~~~~~~~~~~~~~~~~~~~~~~~~~~~~~~~~~~~~~~~~~~~~~~~~~~~~~~~~~~~~~~~~~~~~~~~~~~~~~~~~~~~~~~~~~~~~~~~~~~~~~~~~~~~~~~~~~~~~~~~~~~~~~~~~~~~~~~~~~~~~~~~~~~~~~~~~~~~~~~~~~~~~~~~~~~~~~~~~~~~~~~~~~~~~~~~~~~~~~~~~~~~~~~~~~~~~~~~~~~~~~~~~~~~~~~~~~~~~~~~~~~~~~~~~~~~~~~~~~~~~~~~~~~~~~~~~~~~~~~~~~~~~~~~~~~~~~~~~~~~~~~~~~~~~~~~~~~~~~~~~~~~~~~~~~~~~~~~~~~~~~~~~~~~~~~~~~~~~~~~~~~~~~~~~~~~~~~~~~~~~~~~~~~~~~~~~~~~~~~~~~~~~~~~~~~~~~~~~~~~~~~~~~~~~~~~~~~~~~~~~~~~~~~~~~~~~~~~~~~~~~~~~~~~~~~~~~~~~~~~~~~~~~~~~~~~~~~~~~~~~~~~~~~~~~~~~~~~~~~~~~~~~~~~~~~~~~~~~~~~~~~~~~~~~~~~~~~~~~~~~~~~~~~~~~~~~~~~~~~~~~~~~~~~~~~~~~~~~~~~~~~~~~~~~~~~~~~~~~~~~~~~~~~~~~~~~~~~~~~~~~~~~~~~~~~~~~~~~~~~~~~~~~~~~~~~~~~~~~~~~~~~~~~~~~~~~~~~~~~~~~~~~~~~~~~
WEST:
*************************************************************************************************************************************************************************************************************************************************************************************************************************************************************************************************************************************************************************************************************************************************************************************************************************************************************************************************************************************************************************
* 1            * 2            * 3            * 4            * 5            * 6            * 7            * 8            * 9            * 10           * 11           * 12           * 13           * 14            * 15            * 16            * 17            * 18            * 19            * 20            * 21            * 22            * 23           * 24           * 25           * 26           * 27           * 28           * 29           * 30           * 31           * 32           * 33           * 34           * 35           * 36           * 37           * 38           * 39           * 40           * 41           * 42           * 43           * 44           * 45           * 46           * 47           * 48           * 49           *
*************************************************************************************************************************************************************************************************************************************************************************************************************************************************************************************************************************************************************************************************************************************************************************************************************************************************************************************************************************************************************************
| 3600 (0.00%) | 3600 (0.00%) | 3600 (0.00%) | 3600 (0.00%) | 3600 (0.00%) | 3600 (0.00%) | 3600 (0.00%) | 3600 (0.00%) | 3600 (0.00%) | 3600 (0.00%) | 3600 (0.00%) | 3600 (2.78%) | 3600 (8.33%) | 3600 (11.11%) | 3600 (11.11%) | 3600 (11.11%) | 3600 (11.11%) | 3600 (11.11%) | 3600 (11.11%) | 3600 (11.11%) | 3600 (11.11%) | 3600 (11.11%) | 3600 (8.33%) | 3600 (5.56%) | 3600 (5.56%) | 3600 (5.56%) | 3600 (2.78%) | 3600 (0.00%) | 3600 (0.00%) | 3600 (0.00%) | 3600 (0.00%) | 3600 (0.00%) | 3600 (0.00%) | 3600 (0.00%) | 3600 (0.00%) | 3600 (0.00%) | 3600 (0.00%) | 3600 (0.00%) | 3600 (0.00%) | 3600 (0.00%) | 3600 (0.00%) | 3600 (0.00%) | 3600 (0.00%) | 3600 (0.00%) | 3600 (0.00%) | 3600 (0.00%) | 3600 (0.00%) | 3600 (0.00%) | 3600 (0.00%) |
~~~~~~~~~~~~~~~~~~~~~~~~~~~~~~~~~~~~~~~~~~~~~~~~~~~~~~~~~~~~~~~~~~~~~~~~~~~~~~~~~~~~~~~~~~~~~~~~~~~~~~~~~~~~~~~~~~~~~~~~~~~~~~~~~~~~~~~~~~~~~~~~~~~~~~~~~~~~~~~~~~~~~~~~~~~~~~~~~~~~~~~~~~~~~~~~~~~~~~~~~~~~~~~~~~~~~~~~~~~~~~~~~~~~~~~~~~~~~~~~~~~~~~~~~~~~~~~~~~~~~~~~~~~~~~~~~~~~~~~~~~~~~~~~~~~~~~~~~~~~~~~~~~~~~~~~~~~~~~~~~~~~~~~~~~~~~~~~~~~~~~~~~~~~~~~~~~~~~~~~~~~~~~~~~~~~~~~~~~~~~~~~~~~~~~~~~~~~~~~~~~~~~~~~~~~~~~~~~~~~~~~~~~~~~~~~~~~~~~~~~~~~~~~~~~~~~~~~~~~~~~~~~~~~~~~~~~~~~~~~~~~~~~~~~~~~~~~~~~~~~~~~~~~~~~~~~~~~~~~~~~~~~~~~~~~~~~~~~~~~~~~~~~~~~~~~~~~~~~~~~~~~~~~~~~~~~~~~~~~~~~~~~~~~~~~~~~~~~~~~~~~~~~~~~~~~~~~~~~~~~~~~~~~~~~~~~~~~~~~~~~~~~~~~~~~~~~~~~~~~~~~~~~~~~~~~~~~~~~~~~~~~~~~~~~~~~~~~~~~~~~~~~~~~~~~~~~~~~~~~~~~~~~~~~~~~~~~~~~~~~~~~~
INFO: [aiecompiler 35-3366] Initial Estimated Cut Congestion
NORTH: No Congestion
SOUTH: No Congestion
EAST: No Congestion
WEST: No Congestion


New CongCostCoef: 0.3
New IterCostCoef: 0.4
INFO: [aiecompiler 35-3172] AIE Router is on Global Iteration: 0
INFO: [aiecompiler 35-3130] AIE Router Local Iteration Report: 
    IterNum: 2
    Nets Routed: 0
    Total Expand: 0.009223M
    Total Pop: 0.0056M
    Total Eval: 0.009223M
    Total nodes with num nets overflow: 0
    Total node congestion because of nets: 0
    Total num of over utilized nodes : 0
    Total over utilization : 0

There are no negative slack systems in this design, skipping router balancing
Trace graph pruning is enabled
Found buffer at bel: AIE_MEMGRP_BANK0
Found buffer at bel: AIE_MEMGRP_BANK1
Found buffer at bel: AIE_MEMGRP_BANK0
Found buffer at bel: AIE_MEMGRP_BANK1
Found buffer at bel: AIE_MEMGRP_BANK2
Found buffer at bel: AIE_MEMGRP_BANK3
Found buffer at bel: AIE_MEMGRP_BANK0
Found buffer at bel: AIE_MEMGRP_BANK1
Found buffer at bel: AIE_MEMGRP_BANK2
Found buffer at bel: AIE_MEMGRP_BANK3
Found buffer at bel: AIE_MEMGRP_BANK0
Found buffer at bel: AIE_MEMGRP_BANK1
Found buffer at bel: AIE_MEMGRP_BANK0
Found buffer at bel: AIE_MEMGRP_BANK1
Found buffer at bel: AIE_MEMGRP_BANK2
Found buffer at bel: AIE_MEMGRP_BANK3
Found buffer at bel: AIE_MEMGRP_BANK0
Found buffer at bel: AIE_MEMGRP_BANK1
Found buffer at bel: AIE_MEMGRP_BANK0
Found buffer at bel: AIE_MEMGRP_BANK1
Found buffer at bel: AIE_MEMGRP_BANK0
Found buffer at bel: AIE_MEMGRP_BANK1
Found buffer at bel: AIE_MEMGRP_BANK0
Found buffer at bel: AIE_MEMGRP_BANK1
Found buffer at bel: AIE_MEMGRP_BANK2
Found buffer at bel: AIE_MEMGRP_BANK3
Found buffer at bel: AIE_MEMGRP_BANK0
Found buffer at bel: AIE_MEMGRP_BANK0
Found buffer at bel: AIE_MEMGRP_BANK1
Found buffer at bel: AIE_MEMGRP_BANK2
Found buffer at bel: AIE_MEMGRP_BANK3
Found buffer at bel: AIE_MEMGRP_BANK0
Found buffer at bel: AIE_MEMGRP_BANK1
Found buffer at bel: AIE_MEMGRP_BANK2
Found buffer at bel: AIE_MEMGRP_BANK3
Found buffer at bel: AIE_MEMGRP_BANK0
Found buffer at bel: AIE_MEMGRP_BANK0
Found buffer at bel: AIE_MEMGRP_BANK1
Found buffer at bel: AIE_MEMGRP_BANK2
Found buffer at bel: AIE_MEMGRP_BANK0
Found buffer at bel: AIE_MEMGRP_BANK1
Found buffer at bel: AIE_MEMGRP_BANK2
Found buffer at bel: AIE_MEMGRP_BANK3
Found buffer at bel: AIE_MEMGRP_BANK0
Found buffer at bel: AIE_MEMGRP_BANK1
Found buffer at bel: AIE_MEMGRP_BANK2
Found buffer at bel: AIE_MEMGRP_BANK3
Found buffer at bel: AIE_MEMGRP_BANK0
Found buffer at bel: AIE_MEMGRP_BANK1
Found buffer at bel: AIE_MEMGRP_BANK2
Found buffer at bel: AIE_MEMGRP_BANK3
Found buffer at bel: AIE_MEMGRP_BANK0
Found buffer at bel: AIE_MEMGRP_BANK1
Found buffer at bel: AIE_MEMGRP_BANK0
Found buffer at bel: AIE_MEMGRP_BANK1
Found buffer at bel: AIE_MEMGRP_BANK2
Found buffer at bel: AIE_MEMGRP_BANK3
Found buffer at bel: AIE_MEMGRP_BANK0
Found buffer at bel: AIE_MEMGRP_BANK1
Found buffer at bel: AIE_MEMGRP_BANK2
Found buffer at bel: AIE_MEMGRP_BANK3
Found buffer at bel: AIE_MEMGRP_BANK0
Found buffer at bel: AIE_MEMGRP_BANK1
Found buffer at bel: AIE_MEMGRP_BANK0
Found buffer at bel: AIE_MEMGRP_BANK1
Found buffer at bel: AIE_MEMGRP_BANK0
Found buffer at bel: AIE_MEMGRP_BANK1
Found buffer at bel: AIE_MEMGRP_BANK2
Found buffer at bel: AIE_MEMGRP_BANK3
Found buffer at bel: AIE_MEMGRP_BANK1
Found buffer at bel: AIE_MEMGRP_BANK2
Found buffer at bel: AIE_MEMGRP_BANK3
Found buffer at bel: AIE_MEMGRP_BANK0
Found buffer at bel: AIE_MEMGRP_BANK1
Found buffer at bel: AIE_MEMGRP_BANK2
Found buffer at bel: AIE_MEMGRP_BANK0
Found buffer at bel: AIE_MEMGRP_BANK1
Found buffer at bel: AIE_MEMGRP_BANK2
Found buffer at bel: AIE_MEMGRP_BANK3
Found buffer at bel: AIE_MEMGRP_BANK0
Found buffer at bel: AIE_MEMGRP_BANK1
Found buffer at bel: AIE_MEMGRP_BANK2
Found buffer at bel: AIE_MEMGRP_BANK3
Found buffer at bel: AIE_MEMGRP_BANK0
Found buffer at bel: AIE_MEMGRP_BANK1
Found buffer at bel: AIE_MEMGRP_BANK2
Found buffer at bel: AIE_MEMGRP_BANK3
Found buffer at bel: AIE_MEMGRP_BANK0
Found buffer at bel: AIE_MEMGRP_BANK1
Found buffer at bel: AIE_MEMGRP_BANK2
Found buffer at bel: AIE_MEMGRP_BANK3
Found buffer at bel: AIE_MEMGRP_BANK0
Found buffer at bel: AIE_MEMGRP_BANK1
Found buffer at bel: AIE_MEMGRP_BANK0
Found buffer at bel: AIE_MEMGRP_BANK2
Found buffer at bel: AIE_MEMGRP_BANK3
Found buffer at bel: AIE_MEMGRP_BANK0
Found buffer at bel: AIE_MEMGRP_BANK1
Found buffer at bel: AIE_MEMGRP_BANK2
Found buffer at bel: AIE_MEMGRP_BANK3
INFO: [aiecompiler 35-3329] Trace Net Routing Global Iteration 0
New CongCostCoef: 0.3
New IterCostCoef: 0.4
INFO: [aiecompiler 35-3130] AIE Router Local Iteration Report: 
    IterNum: 2
    Nets Routed: 0
    Total Expand: 0.009223M
    Total Pop: 0.0056M
    Total Eval: 0.009223M
    Total nodes with num nets overflow: 0
    Total node congestion because of nets: 0
    Total num of over utilized nodes : 0
    Total over utilization : 0

Trace net routing converged, total trace nets routed in this phase: 0
INFO: [aiecompiler 35-3130] AIE Router Local Iteration Report: 
    IterNum: 3
    Nets Routed: 0
    Total Expand: 0.009223M
    Total Pop: 0.0056M
    Total Eval: 0.009223M
    Total nodes with num nets overflow: 0
    Total node congestion because of nets: 0
    Total num of over utilized nodes : 0
    Total over utilization : 0

Trace net routing converged, total trace nets routed in this phase: 0
Number of trace nets that were skipped routing: 0
INFO: [aiecompiler 35-3391] Estimated FIFO Congestion
*******************************************
* Type        * Region Size * Utilisation *
*******************************************
| Switch FIFO | 1x1         |  0.00%      |
| DMA FIFO    | 1x2         |  100.00%    |
~~~~~~~~~~~~~~~~~~~~~~~~~~~~~~~~~~~~~~~~~~~
DMA FIFO Congestion Report:
Bounded by tiles (Lower Left Tile -> Upper Right Tile):
    AIE_TILE_X24Y1->AIE_TILE_X24Y2


Post Router Checksum | NetGraph: c5aa6b60 | NumContArr: e9fd9608
INFO: [aiecompiler 35-3220] AIE Router finished routing nets.
INFO: [aiecompiler 35-3219] AIE Router routing cpu time 0.240000 wall time 0.240000
Running AIE Post-Map Finalizer.
Post-Map Finalizer succeeded.
No shared packet switched routing resources used in this design
Total Data net Wirelength is : 153
Total Trace net Wirelength is : 0
INFO: [aiecompiler 35-3252] AIE Router successfully routed all nets.
Total Number of unique Switch FIFOs: 0
Running AIE Post-Map Finalizer.
Post-Map Finalizer succeeded.
Ordered merge post process: Adding BD config broadcast nets
Running AIE Post-Map Finalizer.
Post-Map Finalizer succeeded.
Check AIE-ROUTER has run: 0 errors
HDRTPinDelayHelperV10:: Clearing pin delay helper
Releasing pin delay helper for floorplan 0x76e84430
HDRTPinDelayHelperV10:: Releasing Pin Dly Helper
NodeGraph Released.
DeviceData Released.
 ####=>writeBufferInfoListAsConstraint 0x64fb2480 binfos.size() 2 i24_pi0 allBufferInfos: 2
 ####=>writeBufferInfoListAsConstraint 0x64fb2830 binfos.size() 2 i24_pi1 allBufferInfos: 2
 ####=>writeBufferInfoListAsConstraint 0x64fb2a90 binfos.size() 2 i24_pi2 allBufferInfos: 2
 ####=>writeBufferInfoListAsConstraint 0x64fb2cd0 binfos.size() 2 i24_pi3 allBufferInfos: 2
 ####=>writeBufferInfoListAsConstraint 0x64fb3580 binfos.size() 2 i24_po0 allBufferInfos: 2
 ####=>writeBufferInfoListAsConstraint 0x64fb37c0 binfos.size() 2 i25_pi0 allBufferInfos: 2
 ####=>writeBufferInfoListAsConstraint 0x64fb39d0 binfos.size() 2 i25_pi1 allBufferInfos: 2
 ####=>writeBufferInfoListAsConstraint 0x64fb3df0 binfos.size() 2 i25_pi2 allBufferInfos: 2
 ####=>writeBufferInfoListAsConstraint 0x64fb4030 binfos.size() 2 i25_pi3 allBufferInfos: 2
 ####=>writeBufferInfoListAsConstraint 0x64fb4ed0 binfos.size() 2 i25_po0 allBufferInfos: 2
 ####=>writeBufferInfoListAsConstraint 0x64fb5110 binfos.size() 2 i26_pi0 allBufferInfos: 2
 ####=>writeBufferInfoListAsConstraint 0x64fb5320 binfos.size() 2 i26_pi1 allBufferInfos: 2
 ####=>writeBufferInfoListAsConstraint 0x64fb4660 binfos.size() 2 i26_pi2 allBufferInfos: 2
 ####=>writeBufferInfoListAsConstraint 0x64fb48a0 binfos.size() 2 i26_pi3 allBufferInfos: 2
 ####=>writeBufferInfoListAsConstraint 0x64fb4b10 binfos.size() 2 i26_po0 allBufferInfos: 2
 ####=>writeBufferInfoListAsConstraint 0x64fb5740 binfos.size() 2 i27_pi0 allBufferInfos: 2
 ####=>writeBufferInfoListAsConstraint 0x64fb5950 binfos.size() 2 i27_pi1 allBufferInfos: 2
 ####=>writeBufferInfoListAsConstraint 0x64fb5b90 binfos.size() 2 i27_pi2 allBufferInfos: 2
 ####=>writeBufferInfoListAsConstraint 0x64fb5fb0 binfos.size() 2 i27_pi3 allBufferInfos: 2
 ####=>writeBufferInfoListAsConstraint 0x64fb6220 binfos.size() 2 i27_po0 allBufferInfos: 2
 ####=>writeBufferInfoListAsConstraint 0x64fb6460 binfos.size() 2 i28_pi0 allBufferInfos: 2
 ####=>writeBufferInfoListAsConstraint 0x64fb6820 binfos.size() 2 i28_pi1 allBufferInfos: 2
 ####=>writeBufferInfoListAsConstraint 0x64fb6a90 binfos.size() 2 i28_po0 allBufferInfos: 2
 ####=>writeBufferInfoListAsConstraint 0x64fb6d00 binfos.size() 2 i29_pi0 allBufferInfos: 2
 ####=>writeBufferInfoListAsConstraint 0x64fb7c90 binfos.size() 2 i29_pi1 allBufferInfos: 2
 ####=>writeBufferInfoListAsConstraint 0x64fb7f00 binfos.size() 2 i29_po0 allBufferInfos: 2
 ####=>writeBufferInfoListAsConstraint 0x64fb8170 binfos.size() 2 i30_pi0 allBufferInfos: 2
 ####=>writeBufferInfoListAsConstraint 0x64fb8500 binfos.size() 2 i30_pi1 allBufferInfos: 2
 ####=>writeBufferInfoListAsConstraint 0x64fb8770 binfos.size() 2 i30_po0 allBufferInfos: 2
 ####=>writeBufferInfoListAsConstraint 0x64fb89e0 binfos.size() 2 i31_pi0 allBufferInfos: 2
 ####=>writeBufferInfoListAsConstraint 0x64fb8d70 binfos.size() 2 i31_pi1 allBufferInfos: 2
 ####=>writeBufferInfoListAsConstraint 0x64fb8fe0 binfos.size() 2 i31_po0 allBufferInfos: 2
 ####=>writeBufferInfoListAsConstraint 0x64fb9250 binfos.size() 2 i32_pi0 allBufferInfos: 2
 ####=>writeBufferInfoListAsConstraint 0x64fb95e0 binfos.size() 2 i32_pi1 allBufferInfos: 2
 ####=>writeBufferInfoListAsConstraint 0x64fb9850 binfos.size() 2 i32_po0 allBufferInfos: 2
 ####=>writeBufferInfoListAsConstraint 0x64fb9ac0 binfos.size() 2 i33_pi0 allBufferInfos: 2
 ####=>writeBufferInfoListAsConstraint 0x64fb9e50 binfos.size() 2 i33_pi1 allBufferInfos: 2
 ####=>writeBufferInfoListAsConstraint 0x64fba0c0 binfos.size() 2 i33_po0 allBufferInfos: 2
 ####=>writeBufferInfoListAsConstraint 0x64fba330 binfos.size() 2 i34_pi0 allBufferInfos: 2
 ####=>writeBufferInfoListAsConstraint 0x64fba6c0 binfos.size() 2 i34_pi1 allBufferInfos: 2
 ####=>writeBufferInfoListAsConstraint 0x64fba930 binfos.size() 2 i34_po0 allBufferInfos: 2
 ####=>writeBufferInfoListAsConstraint 0x64fb42a0 binfos.size() 2 i35_pi0 allBufferInfos: 2
 ####=>writeBufferInfoListAsConstraint 0x64fbac30 binfos.size() 2 i35_pi1 allBufferInfos: 2
 ####=>writeBufferInfoListAsConstraint 0x64fbaf30 binfos.size() 2 i35_po0 allBufferInfos: 2
 ####=>writeBufferInfoListAsConstraint 0x64fbb1a0 binfos.size() 2 i36_pi0 allBufferInfos: 2
 ####=>writeBufferInfoListAsConstraint 0x64fbb440 binfos.size() 2 i36_pi1 allBufferInfos: 2
 ####=>writeBufferInfoListAsConstraint 0x64fbb7a0 binfos.size() 2 i36_po0 allBufferInfos: 2
 ####=>writeBufferInfoListAsConstraint 0x64fbba10 binfos.size() 2 i37_pi0 allBufferInfos: 2
 ####=>writeBufferInfoListAsConstraint 0x64fbbcb0 binfos.size() 2 i37_pi1 allBufferInfos: 2
 ####=>writeBufferInfoListAsConstraint 0x64fbc010 binfos.size() 2 i37_po0 allBufferInfos: 2
 ####=>writeBufferInfoListAsConstraint 0x64fbc280 binfos.size() 2 i38_pi0 allBufferInfos: 2
 ####=>writeBufferInfoListAsConstraint 0x64fbc520 binfos.size() 2 i38_pi1 allBufferInfos: 2
 ####=>writeBufferInfoListAsConstraint 0x64fbcd60 binfos.size() 2 i38_po0 allBufferInfos: 2
 ####=>writeBufferInfoListAsConstraint 0x64fbcfd0 binfos.size() 2 i39_pi0 allBufferInfos: 2
 ####=>writeBufferInfoListAsConstraint 0x64fbd270 binfos.size() 2 i39_pi1 allBufferInfos: 2
 ####=>writeBufferInfoListAsConstraint 0x64fbd5d0 binfos.size() 2 i39_po0 allBufferInfos: 2
 ####=>writeBufferInfoListAsConstraint 0x64fbd840 binfos.size() 2 i40_pi0 allBufferInfos: 2
 ####=>writeBufferInfoListAsConstraint 0x64fbdae0 binfos.size() 2 i40_pi1 allBufferInfos: 2
 ####=>writeBufferInfoListAsConstraint 0x64fbde40 binfos.size() 2 i40_po0 allBufferInfos: 2
 ####=>writeBufferInfoListAsConstraint 0x64fbe0b0 binfos.size() 2 i41_pi0 allBufferInfos: 2
 ####=>writeBufferInfoListAsConstraint 0x64fbe350 binfos.size() 2 i41_pi1 allBufferInfos: 2
 ####=>writeBufferInfoListAsConstraint 0x64fbe6b0 binfos.size() 2 i41_po0 allBufferInfos: 2
 ####=>writeBufferInfoListAsConstraint 0x64fbe920 binfos.size() 2 i42_pi0 allBufferInfos: 2
 ####=>writeBufferInfoListAsConstraint 0x64fbebc0 binfos.size() 2 i42_pi1 allBufferInfos: 2
 ####=>writeBufferInfoListAsConstraint 0x64fbef20 binfos.size() 2 i42_po0 allBufferInfos: 2
 ####=>writeBufferInfoListAsConstraint 0x64fbf190 binfos.size() 2 i43_pi0 allBufferInfos: 2
 ####=>writeBufferInfoListAsConstraint 0x64fbf430 binfos.size() 2 i43_pi1 allBufferInfos: 2
 ####=>writeBufferInfoListAsConstraint 0x64fbf790 binfos.size() 2 i43_po0 allBufferInfos: 2
INFO: [aiecompiler 75-4195] Writing AI Engine constraints file '/home/wes_2025_r_verma/capstone_project/Versal-Linux-cmd-clean_0507/gemm_multi_tile_4x4x1/./Work/temp/graph_aie_routed.aiecst'
INFO: [aiecompiler 75-4193] Reading constraints schema from /tools/Xilinx/Vitis/2024.1/aietools/data/aietools_constr_schema.json
DEBUG:TileRouter:### Entering TILE ROUTER pass
INFO: [aiecompiler 77-336] Producing aieshim solution for router in /home/wes_2025_r_verma/capstone_project/Versal-Linux-cmd-clean_0507/gemm_multi_tile_4x4x1/./Work/arch/aieshim_solution.aiesol
DEBUG:TileRouter:### Done with TILE ROUTER pass
INFO: [aiecompiler 77-6289] Entering Dump_Partition_Graph pass 
INFO: [aiecompiler 77-404] Executing Cmd: dot -Tpng /home/wes_2025_r_verma/capstone_project/Versal-Linux-cmd-clean_0507/gemm_multi_tile_4x4x1/./Work/temp/graph_mapped_post.dot -o /home/wes_2025_r_verma/capstone_project/Versal-Linux-cmd-clean_0507/gemm_multi_tile_4x4x1/./Work/reports/graph_mapped_post.png
INFO: [aiecompiler 77-6283] Done with Dump_Partition_Graph pass 
INFO: [aiecompiler 77-6319] Writing proc file /home/wes_2025_r_verma/capstone_project/Versal-Linux-cmd-clean_0507/gemm_multi_tile_4x4x1/./Work/aie/12_0/src/12_0.cc
INFO: [aiecompiler 77-6319] Writing proc file /home/wes_2025_r_verma/capstone_project/Versal-Linux-cmd-clean_0507/gemm_multi_tile_4x4x1/./Work/aie/12_1/src/12_1.cc
INFO: [aiecompiler 77-6319] Writing proc file /home/wes_2025_r_verma/capstone_project/Versal-Linux-cmd-clean_0507/gemm_multi_tile_4x4x1/./Work/aie/12_2/src/12_2.cc
INFO: [aiecompiler 77-6319] Writing proc file /home/wes_2025_r_verma/capstone_project/Versal-Linux-cmd-clean_0507/gemm_multi_tile_4x4x1/./Work/aie/13_0/src/13_0.cc
INFO: [aiecompiler 77-6319] Writing proc file /home/wes_2025_r_verma/capstone_project/Versal-Linux-cmd-clean_0507/gemm_multi_tile_4x4x1/./Work/aie/13_1/src/13_1.cc
INFO: [aiecompiler 77-6319] Writing proc file /home/wes_2025_r_verma/capstone_project/Versal-Linux-cmd-clean_0507/gemm_multi_tile_4x4x1/./Work/aie/22_1/src/22_1.cc
INFO: [aiecompiler 77-6319] Writing proc file /home/wes_2025_r_verma/capstone_project/Versal-Linux-cmd-clean_0507/gemm_multi_tile_4x4x1/./Work/aie/23_0/src/23_0.cc
INFO: [aiecompiler 77-6319] Writing proc file /home/wes_2025_r_verma/capstone_project/Versal-Linux-cmd-clean_0507/gemm_multi_tile_4x4x1/./Work/aie/23_1/src/23_1.cc
INFO: [aiecompiler 77-6319] Writing proc file /home/wes_2025_r_verma/capstone_project/Versal-Linux-cmd-clean_0507/gemm_multi_tile_4x4x1/./Work/aie/24_0/src/24_0.cc
INFO: [aiecompiler 77-6319] Writing proc file /home/wes_2025_r_verma/capstone_project/Versal-Linux-cmd-clean_0507/gemm_multi_tile_4x4x1/./Work/aie/24_1/src/24_1.cc
INFO: [aiecompiler 77-6319] Writing proc file /home/wes_2025_r_verma/capstone_project/Versal-Linux-cmd-clean_0507/gemm_multi_tile_4x4x1/./Work/aie/25_0/src/25_0.cc
INFO: [aiecompiler 77-6319] Writing proc file /home/wes_2025_r_verma/capstone_project/Versal-Linux-cmd-clean_0507/gemm_multi_tile_4x4x1/./Work/aie/25_1/src/25_1.cc
INFO: [aiecompiler 77-6319] Writing proc file /home/wes_2025_r_verma/capstone_project/Versal-Linux-cmd-clean_0507/gemm_multi_tile_4x4x1/./Work/aie/26_0/src/26_0.cc
INFO: [aiecompiler 77-6319] Writing proc file /home/wes_2025_r_verma/capstone_project/Versal-Linux-cmd-clean_0507/gemm_multi_tile_4x4x1/./Work/aie/26_1/src/26_1.cc
INFO: [aiecompiler 77-6319] Writing proc file /home/wes_2025_r_verma/capstone_project/Versal-Linux-cmd-clean_0507/gemm_multi_tile_4x4x1/./Work/aie/27_0/src/27_0.cc
INFO: [aiecompiler 77-6319] Writing proc file /home/wes_2025_r_verma/capstone_project/Versal-Linux-cmd-clean_0507/gemm_multi_tile_4x4x1/./Work/aie/36_0/src/36_0.cc
INFO: [aiecompiler 77-6319] Writing proc file /home/wes_2025_r_verma/capstone_project/Versal-Linux-cmd-clean_0507/gemm_multi_tile_4x4x1/./Work/aie/36_1/src/36_1.cc
INFO: [aiecompiler 77-6319] Writing proc file /home/wes_2025_r_verma/capstone_project/Versal-Linux-cmd-clean_0507/gemm_multi_tile_4x4x1/./Work/aie/36_2/src/36_2.cc
INFO: [aiecompiler 77-6319] Writing proc file /home/wes_2025_r_verma/capstone_project/Versal-Linux-cmd-clean_0507/gemm_multi_tile_4x4x1/./Work/aie/37_0/src/37_0.cc
INFO: [aiecompiler 77-6319] Writing proc file /home/wes_2025_r_verma/capstone_project/Versal-Linux-cmd-clean_0507/gemm_multi_tile_4x4x1/./Work/aie/37_1/src/37_1.cc
INFO: [aiecompiler 77-6497] runtime-opt stats: Avoided compilation of 0 cores out of 20 cores.
INFO: [aiecompiler 77-329] No Global Memory IO Nodes - nothing to do in this pass
INFO: [aiecompiler 77-6293] Entering XPE_Report_Generator pass 
INFO: [aiecompiler 77-6285] Done with XPE_Report_Generator pass 
INFO: [aiecompiler 77-6298] Generating CHESS Project File for processor at (12,0)
INFO: [aiecompiler 77-6299] Generating Linker script in /home/wes_2025_r_verma/capstone_project/Versal-Linux-cmd-clean_0507/gemm_multi_tile_4x4x1/./Work/aie/12_0/scripts/12_0.bcf
INFO: [aiecompiler 77-21796] ### Created directory with path = /home/wes_2025_r_verma/capstone_project/Versal-Linux-cmd-clean_0507/gemm_multi_tile_4x4x1/./Work/aie/12_0/timestamped_log
INFO: [aiecompiler 77-6298] Generating CHESS Project File for processor at (12,1)
INFO: [aiecompiler 77-6299] Generating Linker script in /home/wes_2025_r_verma/capstone_project/Versal-Linux-cmd-clean_0507/gemm_multi_tile_4x4x1/./Work/aie/12_1/scripts/12_1.bcf
INFO: [aiecompiler 77-21796] ### Created directory with path = /home/wes_2025_r_verma/capstone_project/Versal-Linux-cmd-clean_0507/gemm_multi_tile_4x4x1/./Work/aie/12_1/timestamped_log
INFO: [aiecompiler 77-6298] Generating CHESS Project File for processor at (12,2)
INFO: [aiecompiler 77-6299] Generating Linker script in /home/wes_2025_r_verma/capstone_project/Versal-Linux-cmd-clean_0507/gemm_multi_tile_4x4x1/./Work/aie/12_2/scripts/12_2.bcf
INFO: [aiecompiler 77-21796] ### Created directory with path = /home/wes_2025_r_verma/capstone_project/Versal-Linux-cmd-clean_0507/gemm_multi_tile_4x4x1/./Work/aie/12_2/timestamped_log
INFO: [aiecompiler 77-6298] Generating CHESS Project File for processor at (13,0)
INFO: [aiecompiler 77-6299] Generating Linker script in /home/wes_2025_r_verma/capstone_project/Versal-Linux-cmd-clean_0507/gemm_multi_tile_4x4x1/./Work/aie/13_0/scripts/13_0.bcf
INFO: [aiecompiler 77-21796] ### Created directory with path = /home/wes_2025_r_verma/capstone_project/Versal-Linux-cmd-clean_0507/gemm_multi_tile_4x4x1/./Work/aie/13_0/timestamped_log
INFO: [aiecompiler 77-6298] Generating CHESS Project File for processor at (13,1)
INFO: [aiecompiler 77-6299] Generating Linker script in /home/wes_2025_r_verma/capstone_project/Versal-Linux-cmd-clean_0507/gemm_multi_tile_4x4x1/./Work/aie/13_1/scripts/13_1.bcf
INFO: [aiecompiler 77-21796] ### Created directory with path = /home/wes_2025_r_verma/capstone_project/Versal-Linux-cmd-clean_0507/gemm_multi_tile_4x4x1/./Work/aie/13_1/timestamped_log
INFO: [aiecompiler 77-6298] Generating CHESS Project File for processor at (22,1)
INFO: [aiecompiler 77-6299] Generating Linker script in /home/wes_2025_r_verma/capstone_project/Versal-Linux-cmd-clean_0507/gemm_multi_tile_4x4x1/./Work/aie/22_1/scripts/22_1.bcf
INFO: [aiecompiler 77-21796] ### Created directory with path = /home/wes_2025_r_verma/capstone_project/Versal-Linux-cmd-clean_0507/gemm_multi_tile_4x4x1/./Work/aie/22_1/timestamped_log
INFO: [aiecompiler 77-6298] Generating CHESS Project File for processor at (23,0)
INFO: [aiecompiler 77-6299] Generating Linker script in /home/wes_2025_r_verma/capstone_project/Versal-Linux-cmd-clean_0507/gemm_multi_tile_4x4x1/./Work/aie/23_0/scripts/23_0.bcf
INFO: [aiecompiler 77-21796] ### Created directory with path = /home/wes_2025_r_verma/capstone_project/Versal-Linux-cmd-clean_0507/gemm_multi_tile_4x4x1/./Work/aie/23_0/timestamped_log
INFO: [aiecompiler 77-6298] Generating CHESS Project File for processor at (23,1)
INFO: [aiecompiler 77-6299] Generating Linker script in /home/wes_2025_r_verma/capstone_project/Versal-Linux-cmd-clean_0507/gemm_multi_tile_4x4x1/./Work/aie/23_1/scripts/23_1.bcf
INFO: [aiecompiler 77-21796] ### Created directory with path = /home/wes_2025_r_verma/capstone_project/Versal-Linux-cmd-clean_0507/gemm_multi_tile_4x4x1/./Work/aie/23_1/timestamped_log
INFO: [aiecompiler 77-6298] Generating CHESS Project File for processor at (24,0)
INFO: [aiecompiler 77-6299] Generating Linker script in /home/wes_2025_r_verma/capstone_project/Versal-Linux-cmd-clean_0507/gemm_multi_tile_4x4x1/./Work/aie/24_0/scripts/24_0.bcf
INFO: [aiecompiler 77-21796] ### Created directory with path = /home/wes_2025_r_verma/capstone_project/Versal-Linux-cmd-clean_0507/gemm_multi_tile_4x4x1/./Work/aie/24_0/timestamped_log
INFO: [aiecompiler 77-6298] Generating CHESS Project File for processor at (24,1)
INFO: [aiecompiler 77-6299] Generating Linker script in /home/wes_2025_r_verma/capstone_project/Versal-Linux-cmd-clean_0507/gemm_multi_tile_4x4x1/./Work/aie/24_1/scripts/24_1.bcf
INFO: [aiecompiler 77-21796] ### Created directory with path = /home/wes_2025_r_verma/capstone_project/Versal-Linux-cmd-clean_0507/gemm_multi_tile_4x4x1/./Work/aie/24_1/timestamped_log
INFO: [aiecompiler 77-6298] Generating CHESS Project File for processor at (25,0)
INFO: [aiecompiler 77-6299] Generating Linker script in /home/wes_2025_r_verma/capstone_project/Versal-Linux-cmd-clean_0507/gemm_multi_tile_4x4x1/./Work/aie/25_0/scripts/25_0.bcf
INFO: [aiecompiler 77-21796] ### Created directory with path = /home/wes_2025_r_verma/capstone_project/Versal-Linux-cmd-clean_0507/gemm_multi_tile_4x4x1/./Work/aie/25_0/timestamped_log
INFO: [aiecompiler 77-6298] Generating CHESS Project File for processor at (25,1)
INFO: [aiecompiler 77-6299] Generating Linker script in /home/wes_2025_r_verma/capstone_project/Versal-Linux-cmd-clean_0507/gemm_multi_tile_4x4x1/./Work/aie/25_1/scripts/25_1.bcf
INFO: [aiecompiler 77-21796] ### Created directory with path = /home/wes_2025_r_verma/capstone_project/Versal-Linux-cmd-clean_0507/gemm_multi_tile_4x4x1/./Work/aie/25_1/timestamped_log
INFO: [aiecompiler 77-6298] Generating CHESS Project File for processor at (26,0)
INFO: [aiecompiler 77-6299] Generating Linker script in /home/wes_2025_r_verma/capstone_project/Versal-Linux-cmd-clean_0507/gemm_multi_tile_4x4x1/./Work/aie/26_0/scripts/26_0.bcf
INFO: [aiecompiler 77-21796] ### Created directory with path = /home/wes_2025_r_verma/capstone_project/Versal-Linux-cmd-clean_0507/gemm_multi_tile_4x4x1/./Work/aie/26_0/timestamped_log
INFO: [aiecompiler 77-6298] Generating CHESS Project File for processor at (26,1)
INFO: [aiecompiler 77-6299] Generating Linker script in /home/wes_2025_r_verma/capstone_project/Versal-Linux-cmd-clean_0507/gemm_multi_tile_4x4x1/./Work/aie/26_1/scripts/26_1.bcf
INFO: [aiecompiler 77-21796] ### Created directory with path = /home/wes_2025_r_verma/capstone_project/Versal-Linux-cmd-clean_0507/gemm_multi_tile_4x4x1/./Work/aie/26_1/timestamped_log
INFO: [aiecompiler 77-6298] Generating CHESS Project File for processor at (27,0)
INFO: [aiecompiler 77-6299] Generating Linker script in /home/wes_2025_r_verma/capstone_project/Versal-Linux-cmd-clean_0507/gemm_multi_tile_4x4x1/./Work/aie/27_0/scripts/27_0.bcf
INFO: [aiecompiler 77-21796] ### Created directory with path = /home/wes_2025_r_verma/capstone_project/Versal-Linux-cmd-clean_0507/gemm_multi_tile_4x4x1/./Work/aie/27_0/timestamped_log
INFO: [aiecompiler 77-6298] Generating CHESS Project File for processor at (36,0)
INFO: [aiecompiler 77-6299] Generating Linker script in /home/wes_2025_r_verma/capstone_project/Versal-Linux-cmd-clean_0507/gemm_multi_tile_4x4x1/./Work/aie/36_0/scripts/36_0.bcf
INFO: [aiecompiler 77-21796] ### Created directory with path = /home/wes_2025_r_verma/capstone_project/Versal-Linux-cmd-clean_0507/gemm_multi_tile_4x4x1/./Work/aie/36_0/timestamped_log
INFO: [aiecompiler 77-6298] Generating CHESS Project File for processor at (36,1)
INFO: [aiecompiler 77-6299] Generating Linker script in /home/wes_2025_r_verma/capstone_project/Versal-Linux-cmd-clean_0507/gemm_multi_tile_4x4x1/./Work/aie/36_1/scripts/36_1.bcf
INFO: [aiecompiler 77-21796] ### Created directory with path = /home/wes_2025_r_verma/capstone_project/Versal-Linux-cmd-clean_0507/gemm_multi_tile_4x4x1/./Work/aie/36_1/timestamped_log
INFO: [aiecompiler 77-6298] Generating CHESS Project File for processor at (36,2)
INFO: [aiecompiler 77-6299] Generating Linker script in /home/wes_2025_r_verma/capstone_project/Versal-Linux-cmd-clean_0507/gemm_multi_tile_4x4x1/./Work/aie/36_2/scripts/36_2.bcf
INFO: [aiecompiler 77-21796] ### Created directory with path = /home/wes_2025_r_verma/capstone_project/Versal-Linux-cmd-clean_0507/gemm_multi_tile_4x4x1/./Work/aie/36_2/timestamped_log
INFO: [aiecompiler 77-6298] Generating CHESS Project File for processor at (37,0)
INFO: [aiecompiler 77-6299] Generating Linker script in /home/wes_2025_r_verma/capstone_project/Versal-Linux-cmd-clean_0507/gemm_multi_tile_4x4x1/./Work/aie/37_0/scripts/37_0.bcf
INFO: [aiecompiler 77-21796] ### Created directory with path = /home/wes_2025_r_verma/capstone_project/Versal-Linux-cmd-clean_0507/gemm_multi_tile_4x4x1/./Work/aie/37_0/timestamped_log
INFO: [aiecompiler 77-6298] Generating CHESS Project File for processor at (37,1)
INFO: [aiecompiler 77-6299] Generating Linker script in /home/wes_2025_r_verma/capstone_project/Versal-Linux-cmd-clean_0507/gemm_multi_tile_4x4x1/./Work/aie/37_1/scripts/37_1.bcf
INFO: [aiecompiler 77-21796] ### Created directory with path = /home/wes_2025_r_verma/capstone_project/Versal-Linux-cmd-clean_0507/gemm_multi_tile_4x4x1/./Work/aie/37_1/timestamped_log
INFO: [aiecompiler 77-404] Executing Cmd: make -C /home/wes_2025_r_verma/capstone_project/Versal-Linux-cmd-clean_0507/gemm_multi_tile_4x4x1/./Work/aie -O -j 8 -f 12_0.elfgen.Makefile -f 12_1.elfgen.Makefile -f 12_2.elfgen.Makefile -f 13_0.elfgen.Makefile -f 13_1.elfgen.Makefile -f 22_1.elfgen.Makefile -f 23_0.elfgen.Makefile -f 23_1.elfgen.Makefile all 2>&1

INFO: [aiecompiler 77-404] Executing Cmd: make -C /home/wes_2025_r_verma/capstone_project/Versal-Linux-cmd-clean_0507/gemm_multi_tile_4x4x1/./Work/aie -O -j 8 -f 24_0.elfgen.Makefile -f 24_1.elfgen.Makefile -f 25_0.elfgen.Makefile -f 25_1.elfgen.Makefile -f 26_0.elfgen.Makefile -f 26_1.elfgen.Makefile -f 27_0.elfgen.Makefile -f 36_0.elfgen.Makefile all 2>&1

INFO: [aiecompiler 77-404] Executing Cmd: make -C /home/wes_2025_r_verma/capstone_project/Versal-Linux-cmd-clean_0507/gemm_multi_tile_4x4x1/./Work/aie -O -j 8 -f 36_1.elfgen.Makefile -f 36_2.elfgen.Makefile -f 37_0.elfgen.Makefile -f 37_1.elfgen.Makefile all 2>&1

INFO: [aiecompiler 77-5774] The AIE partition identified post placement and routing on basis of used columns is '11:28'
INFO: [aiecompiler 77-6226] ### Compiling PL Block ps_i44
INFO: [aiecompiler 77-6311] Opened file : /home/wes_2025_r_verma/capstone_project/Versal-Linux-cmd-clean_0507/gemm_multi_tile_4x4x1/./Work/ps/c_rts/systemC/generated-source/genwrapper_for_ps_i44.cpp
INFO: [aiecompiler 77-404] Executing Cmd: make -C /home/wes_2025_r_verma/capstone_project/Versal-Linux-cmd-clean_0507/gemm_multi_tile_4x4x1/./Work/ps/c_rts/systemC -f Makefile all
INFO: [aiecompiler 77-6311] Opened file : /home/wes_2025_r_verma/capstone_project/Versal-Linux-cmd-clean_0507/gemm_multi_tile_4x4x1/./Work/ps/cdo/generated-source/cdo_main.cpp
INFO: [aiecompiler 77-6311] Opened file : /home/wes_2025_r_verma/capstone_project/Versal-Linux-cmd-clean_0507/gemm_multi_tile_4x4x1/./Work/ps/cdo/generated-source/gen_cdo.cpp
INFO: [aiecompiler 77-6311] Opened file : /home/wes_2025_r_verma/capstone_project/Versal-Linux-cmd-clean_0507/gemm_multi_tile_4x4x1/./Work/ps/cdo/generated-source/gen_cdo.h
INFO: [aiecompiler 77-6311] Opened file : /home/wes_2025_r_verma/capstone_project/Versal-Linux-cmd-clean_0507/gemm_multi_tile_4x4x1/./Work/ps/cdo/Makefile
INFO: [aiecompiler 77-404] Executing Cmd: make -C /home/wes_2025_r_verma/capstone_project/Versal-Linux-cmd-clean_0507/gemm_multi_tile_4x4x1/./Work/ps/cdo -f Makefile all
DEBUG:BuildCFGraph:### Entering Build CFGraph pass
INFO: [aiecompiler 77-5857] Start building AIE IP
INFO: [aiecompiler 77-5855] Number of AIE IP ports are : 24
INFO: [aiecompiler 77-5848] Added port on AIE IP: S00_AXIS  -->  mygraph_A_0_
INFO: [aiecompiler 77-5848] Added port on AIE IP: S01_AXIS  -->  mygraph_A_1_
INFO: [aiecompiler 77-5848] Added port on AIE IP: S02_AXIS  -->  mygraph_A_2_
INFO: [aiecompiler 77-5848] Added port on AIE IP: S03_AXIS  -->  mygraph_A_3_
INFO: [aiecompiler 77-5848] Added port on AIE IP: S04_AXIS  -->  mygraph_A_4_
INFO: [aiecompiler 77-5848] Added port on AIE IP: S05_AXIS  -->  mygraph_A_5_
INFO: [aiecompiler 77-5848] Added port on AIE IP: S06_AXIS  -->  mygraph_A_6_
INFO: [aiecompiler 77-5848] Added port on AIE IP: S07_AXIS  -->  mygraph_A_7_
INFO: [aiecompiler 77-5848] Added port on AIE IP: S08_AXIS  -->  mygraph_A_8_
INFO: [aiecompiler 77-5848] Added port on AIE IP: S09_AXIS  -->  mygraph_A_9_
INFO: [aiecompiler 77-5848] Added port on AIE IP: S10_AXIS  -->  mygraph_A_10_
INFO: [aiecompiler 77-5848] Added port on AIE IP: S11_AXIS  -->  mygraph_A_11_
INFO: [aiecompiler 77-5848] Added port on AIE IP: S12_AXIS  -->  mygraph_A_12_
INFO: [aiecompiler 77-5848] Added port on AIE IP: S13_AXIS  -->  mygraph_A_13_
INFO: [aiecompiler 77-5848] Added port on AIE IP: S14_AXIS  -->  mygraph_A_14_
INFO: [aiecompiler 77-5848] Added port on AIE IP: S15_AXIS  -->  mygraph_A_15_
INFO: [aiecompiler 77-5848] Added port on AIE IP: S16_AXIS  -->  mygraph_B_0_
INFO: [aiecompiler 77-5848] Added port on AIE IP: S17_AXIS  -->  mygraph_B_1_
INFO: [aiecompiler 77-5848] Added port on AIE IP: S18_AXIS  -->  mygraph_B_2_
INFO: [aiecompiler 77-5848] Added port on AIE IP: S19_AXIS  -->  mygraph_B_3_
INFO: [aiecompiler 77-5848] Added port on AIE IP: M00_AXIS  -->  mygraph_C_0_
INFO: [aiecompiler 77-5848] Added port on AIE IP: M01_AXIS  -->  mygraph_C_1_
INFO: [aiecompiler 77-5848] Added port on AIE IP: M02_AXIS  -->  mygraph_C_2_
INFO: [aiecompiler 77-5848] Added port on AIE IP: M03_AXIS  -->  mygraph_C_3_
INFO: [aiecompiler 77-5850] Done building AIE IP
DEBUG:BuildCFGraph:### CF Graph is built
INFO: [aiecompiler 77-6288] Entering Compiler Report Generator pass 
INFO: [aiecompiler 77-6230] ####Writing Placement For Nodes 
INFO: [aiecompiler 77-6282] Done with AIE Tools Report Generator pass 
INFO: [aiecompiler 77-6228] ### Entering Packager pass
INFO: [aiecompiler 75-4195] Writing AI Engine constraints file '/home/wes_2025_r_verma/capstone_project/Versal-Linux-cmd-clean_0507/gemm_multi_tile_4x4x1/./Work/temp/graph_aie_constraints.aiecst'
INFO: [aiecompiler 75-4193] Reading constraints schema from /tools/Xilinx/Vitis/2024.1/aietools/data/aietools_constr_schema.json
INFO: [aiecompiler 77-1083] Adding hardware components under: /home/wes_2025_r_verma/capstone_project/Versal-Linux-cmd-clean_0507/gemm_multi_tile_4x4x1/./Work/temp/hw.o 
INFO: [aiecompiler 77-1085] Adding software components under: /home/wes_2025_r_verma/capstone_project/Versal-Linux-cmd-clean_0507/gemm_multi_tile_4x4x1/./Work/temp/sw.o 
INFO: [aiecompiler 77-5380] Adding config components under: /home/wes_2025_r_verma/capstone_project/Versal-Linux-cmd-clean_0507/gemm_multi_tile_4x4x1/./Work/temp/cfg.o
INFO: [aiecompiler 77-1086] Generating hand-off archive: libadf.a
INFO: [aiecompiler 77-6227] ### Done with Packager pass (2090755296 secs)
INFO: [aiecompiler 77-6439] Run completed. Find additional information in:
	Guidance: /home/wes_2025_r_verma/capstone_project/Versal-Linux-cmd-clean_0507/gemm_multi_tile_4x4x1/./Work/reports/guidance.html

INFO: [aiecompiler 77-6440] Use the vitis_analyzer tool to visualize and navigate the relevant reports. Run: 
	vitis_analyzer /home/wes_2025_r_verma/capstone_project/Versal-Linux-cmd-clean_0507/gemm_multi_tile_4x4x1/./Work/graph.aiecompile_summary

Compilation Complete
(WARNING:68, CRITICAL-WARNING:0, ERROR:0)
